[0.045s] DEBUG:colcon:Command line arguments: ['/usr/bin/colcon', 'build', '--packages-select', 'fast_lio', 'lio_odom']
[0.045s] DEBUG:colcon:Parsed command line arguments: Namespace(log_base=None, log_level=None, verb_name='build', build_base='build', install_base='install', merge_install=False, symlink_install=False, test_result_base=None, continue_on_error=False, executor='parallel', parallel_workers=32, event_handlers=None, ignore_user_meta=False, metas=['./colcon.meta'], base_paths=['.'], packages_ignore=None, packages_ignore_regex=None, paths=None, packages_up_to=None, packages_up_to_regex=None, packages_above=None, packages_above_and_dependencies=None, packages_above_depth=None, packages_select_by_dep=None, packages_skip_by_dep=None, packages_skip_up_to=None, packages_select_build_failed=False, packages_skip_build_finished=False, packages_select_test_failures=False, packages_skip_test_passed=False, packages_select=['fast_lio', 'lio_odom'], packages_skip=None, packages_select_regex=None, packages_skip_regex=None, packages_start=None, packages_end=None, allow_overriding=[], cmake_args=None, cmake_target=None, cmake_target_skip_unavailable=False, cmake_clean_cache=False, cmake_clean_first=False, cmake_force_configure=False, ament_cmake_args=None, catkin_cmake_args=None, catkin_skip_building_tests=False, verb_parser=<colcon_defaults.argument_parser.defaults.DefaultArgumentsDecorator object at 0x7d6b33a54220>, verb_extension=<colcon_core.verb.build.BuildVerb object at 0x7d6b33b09570>, main=<bound method BuildVerb.main of <colcon_core.verb.build.BuildVerb object at 0x7d6b33b09570>>)
[0.115s] Level 1:colcon.colcon_core.package_discovery:discover_packages(colcon_meta) check parameters
[0.115s] Level 1:colcon.colcon_core.package_discovery:discover_packages(recursive) check parameters
[0.115s] Level 1:colcon.colcon_core.package_discovery:discover_packages(ignore) check parameters
[0.115s] Level 1:colcon.colcon_core.package_discovery:discover_packages(path) check parameters
[0.115s] Level 1:colcon.colcon_core.package_discovery:discover_packages(colcon_meta) discover
[0.115s] Level 1:colcon.colcon_core.package_discovery:discover_packages(recursive) discover
[0.115s] INFO:colcon.colcon_core.package_discovery:Crawling recursively for packages in '/home/hy/ros_ws/fast_ws'
[0.115s] Level 1:colcon.colcon_core.package_identification:_identify(.) by extensions ['ignore', 'ignore_ament_install']
[0.115s] Level 1:colcon.colcon_core.package_identification:_identify(.) by extension 'ignore'
[0.115s] Level 1:colcon.colcon_core.package_identification:_identify(.) by extension 'ignore_ament_install'
[0.115s] Level 1:colcon.colcon_core.package_identification:_identify(.) by extensions ['colcon_pkg']
[0.115s] Level 1:colcon.colcon_core.package_identification:_identify(.) by extension 'colcon_pkg'
[0.115s] Level 1:colcon.colcon_core.package_identification:_identify(.) by extensions ['colcon_meta']
[0.115s] Level 1:colcon.colcon_core.package_identification:_identify(.) by extension 'colcon_meta'
[0.115s] Level 1:colcon.colcon_core.package_identification:_identify(.) by extensions ['ros']
[0.115s] Level 1:colcon.colcon_core.package_identification:_identify(.) by extension 'ros'
[0.120s] Level 1:colcon.colcon_core.package_identification:_identify(.) by extensions ['cmake', 'python']
[0.120s] Level 1:colcon.colcon_core.package_identification:_identify(.) by extension 'cmake'
[0.120s] Level 1:colcon.colcon_core.package_identification:_identify(.) by extension 'python'
[0.120s] Level 1:colcon.colcon_core.package_identification:_identify(.) by extensions ['python_setup_py']
[0.120s] Level 1:colcon.colcon_core.package_identification:_identify(.) by extension 'python_setup_py'
[0.120s] Level 1:colcon.colcon_core.package_identification:_identify(build) by extensions ['ignore', 'ignore_ament_install']
[0.121s] Level 1:colcon.colcon_core.package_identification:_identify(build) by extension 'ignore'
[0.121s] Level 1:colcon.colcon_core.package_identification:_identify(build) ignored
[0.121s] Level 1:colcon.colcon_core.package_identification:_identify(install) by extensions ['ignore', 'ignore_ament_install']
[0.121s] Level 1:colcon.colcon_core.package_identification:_identify(install) by extension 'ignore'
[0.121s] Level 1:colcon.colcon_core.package_identification:_identify(install) ignored
[0.121s] Level 1:colcon.colcon_core.package_identification:_identify(log) by extensions ['ignore', 'ignore_ament_install']
[0.121s] Level 1:colcon.colcon_core.package_identification:_identify(log) by extension 'ignore'
[0.121s] Level 1:colcon.colcon_core.package_identification:_identify(log) ignored
[0.121s] Level 1:colcon.colcon_core.package_identification:_identify(src) by extensions ['ignore', 'ignore_ament_install']
[0.121s] Level 1:colcon.colcon_core.package_identification:_identify(src) by extension 'ignore'
[0.121s] Level 1:colcon.colcon_core.package_identification:_identify(src) by extension 'ignore_ament_install'
[0.121s] Level 1:colcon.colcon_core.package_identification:_identify(src) by extensions ['colcon_pkg']
[0.121s] Level 1:colcon.colcon_core.package_identification:_identify(src) by extension 'colcon_pkg'
[0.121s] Level 1:colcon.colcon_core.package_identification:_identify(src) by extensions ['colcon_meta']
[0.121s] Level 1:colcon.colcon_core.package_identification:_identify(src) by extension 'colcon_meta'
[0.121s] Level 1:colcon.colcon_core.package_identification:_identify(src) by extensions ['ros']
[0.121s] Level 1:colcon.colcon_core.package_identification:_identify(src) by extension 'ros'
[0.121s] Level 1:colcon.colcon_core.package_identification:_identify(src) by extensions ['cmake', 'python']
[0.121s] Level 1:colcon.colcon_core.package_identification:_identify(src) by extension 'cmake'
[0.121s] Level 1:colcon.colcon_core.package_identification:_identify(src) by extension 'python'
[0.121s] Level 1:colcon.colcon_core.package_identification:_identify(src) by extensions ['python_setup_py']
[0.121s] Level 1:colcon.colcon_core.package_identification:_identify(src) by extension 'python_setup_py'
[0.121s] Level 1:colcon.colcon_core.package_identification:_identify(src/FAST_LIO) by extensions ['ignore', 'ignore_ament_install']
[0.121s] Level 1:colcon.colcon_core.package_identification:_identify(src/FAST_LIO) by extension 'ignore'
[0.121s] Level 1:colcon.colcon_core.package_identification:_identify(src/FAST_LIO) by extension 'ignore_ament_install'
[0.121s] Level 1:colcon.colcon_core.package_identification:_identify(src/FAST_LIO) by extensions ['colcon_pkg']
[0.121s] Level 1:colcon.colcon_core.package_identification:_identify(src/FAST_LIO) by extension 'colcon_pkg'
[0.121s] Level 1:colcon.colcon_core.package_identification:_identify(src/FAST_LIO) by extensions ['colcon_meta']
[0.121s] Level 1:colcon.colcon_core.package_identification:_identify(src/FAST_LIO) by extension 'colcon_meta'
[0.121s] Level 1:colcon.colcon_core.package_identification:_identify(src/FAST_LIO) by extensions ['ros']
[0.121s] Level 1:colcon.colcon_core.package_identification:_identify(src/FAST_LIO) by extension 'ros'
[0.123s] DEBUG:colcon.colcon_core.package_identification:Package 'src/FAST_LIO' with type 'ros.ament_cmake' and name 'fast_lio'
[0.123s] Level 1:colcon.colcon_core.package_identification:_identify(src/LIO_odom) by extensions ['ignore', 'ignore_ament_install']
[0.123s] Level 1:colcon.colcon_core.package_identification:_identify(src/LIO_odom) by extension 'ignore'
[0.123s] Level 1:colcon.colcon_core.package_identification:_identify(src/LIO_odom) by extension 'ignore_ament_install'
[0.123s] Level 1:colcon.colcon_core.package_identification:_identify(src/LIO_odom) by extensions ['colcon_pkg']
[0.123s] Level 1:colcon.colcon_core.package_identification:_identify(src/LIO_odom) by extension 'colcon_pkg'
[0.123s] Level 1:colcon.colcon_core.package_identification:_identify(src/LIO_odom) by extensions ['colcon_meta']
[0.123s] Level 1:colcon.colcon_core.package_identification:_identify(src/LIO_odom) by extension 'colcon_meta'
[0.123s] Level 1:colcon.colcon_core.package_identification:_identify(src/LIO_odom) by extensions ['ros']
[0.123s] Level 1:colcon.colcon_core.package_identification:_identify(src/LIO_odom) by extension 'ros'
[0.123s] DEBUG:colcon.colcon_core.package_identification:Package 'src/LIO_odom' with type 'ros.ament_cmake' and name 'lio_odom'
[0.124s] Level 1:colcon.colcon_core.package_discovery:discover_packages(recursive) using defaults
[0.124s] Level 1:colcon.colcon_core.package_discovery:discover_packages(ignore) discover
[0.124s] Level 1:colcon.colcon_core.package_discovery:discover_packages(ignore) using defaults
[0.124s] Level 1:colcon.colcon_core.package_discovery:discover_packages(path) discover
[0.124s] Level 1:colcon.colcon_core.package_discovery:discover_packages(path) using defaults
[0.137s] Level 1:colcon.colcon_core.package_discovery:discover_packages(prefix_path) check parameters
[0.137s] Level 1:colcon.colcon_core.package_discovery:discover_packages(prefix_path) discover
[0.138s] DEBUG:colcon.colcon_installed_package_information.package_discovery:Found 2 installed packages in /home/hy/ros_ws/fast_ws/install
[0.138s] DEBUG:colcon.colcon_installed_package_information.package_discovery:Found 2 installed packages in /home/hy/ros_ws/livox_ws/install
[0.139s] DEBUG:colcon.colcon_installed_package_information.package_discovery:Found 325 installed packages in /opt/ros/humble
[0.139s] Level 1:colcon.colcon_core.package_discovery:discover_packages(prefix_path) using defaults
[0.157s] Level 5:colcon.colcon_core.verb:set package 'fast_lio' build argument 'cmake_args' from command line to 'None'
[0.157s] Level 5:colcon.colcon_core.verb:set package 'fast_lio' build argument 'cmake_target' from command line to 'None'
[0.157s] Level 5:colcon.colcon_core.verb:set package 'fast_lio' build argument 'cmake_target_skip_unavailable' from command line to 'False'
[0.157s] Level 5:colcon.colcon_core.verb:set package 'fast_lio' build argument 'cmake_clean_cache' from command line to 'False'
[0.157s] Level 5:colcon.colcon_core.verb:set package 'fast_lio' build argument 'cmake_clean_first' from command line to 'False'
[0.157s] Level 5:colcon.colcon_core.verb:set package 'fast_lio' build argument 'cmake_force_configure' from command line to 'False'
[0.157s] Level 5:colcon.colcon_core.verb:set package 'fast_lio' build argument 'ament_cmake_args' from command line to 'None'
[0.157s] Level 5:colcon.colcon_core.verb:set package 'fast_lio' build argument 'catkin_cmake_args' from command line to 'None'
[0.157s] Level 5:colcon.colcon_core.verb:set package 'fast_lio' build argument 'catkin_skip_building_tests' from command line to 'False'
[0.157s] DEBUG:colcon.colcon_core.verb:Building package 'fast_lio' with the following arguments: {'ament_cmake_args': None, 'build_base': '/home/hy/ros_ws/fast_ws/build/fast_lio', 'catkin_cmake_args': None, 'catkin_skip_building_tests': False, 'cmake_args': None, 'cmake_clean_cache': False, 'cmake_clean_first': False, 'cmake_force_configure': False, 'cmake_target': None, 'cmake_target_skip_unavailable': False, 'install_base': '/home/hy/ros_ws/fast_ws/install/fast_lio', 'merge_install': False, 'path': '/home/hy/ros_ws/fast_ws/src/FAST_LIO', 'symlink_install': False, 'test_result_base': None}
[0.157s] Level 5:colcon.colcon_core.verb:set package 'lio_odom' build argument 'cmake_args' from command line to 'None'
[0.157s] Level 5:colcon.colcon_core.verb:set package 'lio_odom' build argument 'cmake_target' from command line to 'None'
[0.157s] Level 5:colcon.colcon_core.verb:set package 'lio_odom' build argument 'cmake_target_skip_unavailable' from command line to 'False'
[0.157s] Level 5:colcon.colcon_core.verb:set package 'lio_odom' build argument 'cmake_clean_cache' from command line to 'False'
[0.157s] Level 5:colcon.colcon_core.verb:set package 'lio_odom' build argument 'cmake_clean_first' from command line to 'False'
[0.157s] Level 5:colcon.colcon_core.verb:set package 'lio_odom' build argument 'cmake_force_configure' from command line to 'False'
[0.157s] Level 5:colcon.colcon_core.verb:set package 'lio_odom' build argument 'ament_cmake_args' from command line to 'None'
[0.157s] Level 5:colcon.colcon_core.verb:set package 'lio_odom' build argument 'catkin_cmake_args' from command line to 'None'
[0.157s] Level 5:colcon.colcon_core.verb:set package 'lio_odom' build argument 'catkin_skip_building_tests' from command line to 'False'
[0.157s] DEBUG:colcon.colcon_core.verb:Building package 'lio_odom' with the following arguments: {'ament_cmake_args': None, 'build_base': '/home/hy/ros_ws/fast_ws/build/lio_odom', 'catkin_cmake_args': None, 'catkin_skip_building_tests': False, 'cmake_args': None, 'cmake_clean_cache': False, 'cmake_clean_first': False, 'cmake_force_configure': False, 'cmake_target': None, 'cmake_target_skip_unavailable': False, 'install_base': '/home/hy/ros_ws/fast_ws/install/lio_odom', 'merge_install': False, 'path': '/home/hy/ros_ws/fast_ws/src/LIO_odom', 'symlink_install': False, 'test_result_base': None}
[0.157s] INFO:colcon.colcon_core.executor:Executing jobs using 'parallel' executor
[0.158s] DEBUG:colcon.colcon_parallel_executor.executor.parallel:run_until_complete
[0.158s] INFO:colcon.colcon_ros.task.ament_cmake.build:Building ROS package in '/home/hy/ros_ws/fast_ws/src/FAST_LIO' with build type 'ament_cmake'
[0.158s] INFO:colcon.colcon_cmake.task.cmake.build:Building CMake package in '/home/hy/ros_ws/fast_ws/src/FAST_LIO'
[0.159s] INFO:colcon.colcon_core.plugin_system:Skipping extension 'colcon_core.shell.bat': Not used on non-Windows systems
[0.159s] INFO:colcon.colcon_core.shell:Skip shell extension 'powershell' for command environment: Not usable outside of PowerShell
[0.159s] DEBUG:colcon.colcon_core.shell:Skip shell extension 'dsv' for command environment
[0.161s] INFO:colcon.colcon_ros.task.ament_cmake.build:Building ROS package in '/home/hy/ros_ws/fast_ws/src/LIO_odom' with build type 'ament_cmake'
[0.161s] INFO:colcon.colcon_cmake.task.cmake.build:Building CMake package in '/home/hy/ros_ws/fast_ws/src/LIO_odom'
[0.162s] INFO:colcon.colcon_core.shell:Skip shell extension 'powershell' for command environment: Not usable outside of PowerShell
[0.162s] DEBUG:colcon.colcon_core.shell:Skip shell extension 'dsv' for command environment
[0.166s] DEBUG:colcon.colcon_core.event_handler.log_command:Invoking command in '/home/hy/ros_ws/fast_ws/build/fast_lio': CMAKE_PREFIX_PATH=/home/hy/ros_ws/fast_ws/install/lio_odom:/opt/ros/humble:/home/hy/ros_ws/fast_ws/install/fast_lio:/home/hy/ros_ws/livox_ws/install/livox_lidar_rosbag_converter:/home/hy/ros_ws/livox_ws/install/livox_ros_driver2 /usr/bin/cmake /home/hy/ros_ws/fast_ws/src/FAST_LIO -DCMAKE_INSTALL_PREFIX=/home/hy/ros_ws/fast_ws/install/fast_lio
[0.168s] DEBUG:colcon.colcon_core.event_handler.log_command:Invoking command in '/home/hy/ros_ws/fast_ws/build/lio_odom': CMAKE_PREFIX_PATH=/home/hy/ros_ws/fast_ws/install/lio_odom:/opt/ros/humble:/home/hy/ros_ws/fast_ws/install/fast_lio:/home/hy/ros_ws/livox_ws/install/livox_lidar_rosbag_converter:/home/hy/ros_ws/livox_ws/install/livox_ros_driver2 /usr/bin/cmake --build /home/hy/ros_ws/fast_ws/build/lio_odom -- -j32 -l32
[1.587s] DEBUG:colcon.colcon_core.event_handler.log_command:Invoked command in '/home/hy/ros_ws/fast_ws/build/fast_lio' returned '0': CMAKE_PREFIX_PATH=/home/hy/ros_ws/fast_ws/install/lio_odom:/opt/ros/humble:/home/hy/ros_ws/fast_ws/install/fast_lio:/home/hy/ros_ws/livox_ws/install/livox_lidar_rosbag_converter:/home/hy/ros_ws/livox_ws/install/livox_ros_driver2 /usr/bin/cmake /home/hy/ros_ws/fast_ws/src/FAST_LIO -DCMAKE_INSTALL_PREFIX=/home/hy/ros_ws/fast_ws/install/fast_lio
[1.588s] DEBUG:colcon.colcon_core.event_handler.log_command:Invoking command in '/home/hy/ros_ws/fast_ws/build/fast_lio': CMAKE_PREFIX_PATH=/home/hy/ros_ws/fast_ws/install/lio_odom:/opt/ros/humble:/home/hy/ros_ws/fast_ws/install/fast_lio:/home/hy/ros_ws/livox_ws/install/livox_lidar_rosbag_converter:/home/hy/ros_ws/livox_ws/install/livox_ros_driver2 /usr/bin/cmake --build /home/hy/ros_ws/fast_ws/build/fast_lio -- -j32 -l32
[6.133s] DEBUG:colcon.colcon_core.event_handler.log_command:Invoked command in '/home/hy/ros_ws/fast_ws/build/lio_odom' returned '0': CMAKE_PREFIX_PATH=/home/hy/ros_ws/fast_ws/install/lio_odom:/opt/ros/humble:/home/hy/ros_ws/fast_ws/install/fast_lio:/home/hy/ros_ws/livox_ws/install/livox_lidar_rosbag_converter:/home/hy/ros_ws/livox_ws/install/livox_ros_driver2 /usr/bin/cmake --build /home/hy/ros_ws/fast_ws/build/lio_odom -- -j32 -l32
[6.142s] DEBUG:colcon.colcon_core.event_handler.log_command:Invoking command in '/home/hy/ros_ws/fast_ws/build/lio_odom': CMAKE_PREFIX_PATH=/home/hy/ros_ws/fast_ws/install/lio_odom:/opt/ros/humble:/home/hy/ros_ws/fast_ws/install/fast_lio:/home/hy/ros_ws/livox_ws/install/livox_lidar_rosbag_converter:/home/hy/ros_ws/livox_ws/install/livox_ros_driver2 /usr/bin/cmake --install /home/hy/ros_ws/fast_ws/build/lio_odom
[6.164s] Level 1:colcon.colcon_core.environment:create_environment_scripts_only(lio_odom)
[6.164s] DEBUG:colcon.colcon_core.event_handler.log_command:Invoked command in '/home/hy/ros_ws/fast_ws/build/lio_odom' returned '0': CMAKE_PREFIX_PATH=/home/hy/ros_ws/fast_ws/install/lio_odom:/opt/ros/humble:/home/hy/ros_ws/fast_ws/install/fast_lio:/home/hy/ros_ws/livox_ws/install/livox_lidar_rosbag_converter:/home/hy/ros_ws/livox_ws/install/livox_ros_driver2 /usr/bin/cmake --install /home/hy/ros_ws/fast_ws/build/lio_odom
[6.165s] Level 1:colcon.colcon_core.environment:checking '/home/hy/ros_ws/fast_ws/install/lio_odom' for CMake module files
[6.166s] Level 1:colcon.colcon_core.environment:checking '/home/hy/ros_ws/fast_ws/install/lio_odom' for CMake config files
[6.166s] Level 1:colcon.colcon_core.shell:create_environment_hook('lio_odom', 'cmake_prefix_path')
[6.166s] INFO:colcon.colcon_core.shell:Creating environment hook '/home/hy/ros_ws/fast_ws/install/lio_odom/share/lio_odom/hook/cmake_prefix_path.ps1'
[6.166s] INFO:colcon.colcon_core.shell:Creating environment descriptor '/home/hy/ros_ws/fast_ws/install/lio_odom/share/lio_odom/hook/cmake_prefix_path.dsv'
[6.166s] INFO:colcon.colcon_core.shell:Creating environment hook '/home/hy/ros_ws/fast_ws/install/lio_odom/share/lio_odom/hook/cmake_prefix_path.sh'
[6.167s] Level 1:colcon.colcon_core.environment:checking '/home/hy/ros_ws/fast_ws/install/lio_odom/lib'
[6.167s] Level 1:colcon.colcon_core.environment:checking '/home/hy/ros_ws/fast_ws/install/lio_odom/bin'
[6.167s] Level 1:colcon.colcon_core.environment:checking '/home/hy/ros_ws/fast_ws/install/lio_odom/lib/pkgconfig/lio_odom.pc'
[6.167s] Level 1:colcon.colcon_core.environment:checking '/home/hy/ros_ws/fast_ws/install/lio_odom/lib/python3.10/site-packages'
[6.167s] Level 1:colcon.colcon_core.environment:checking '/home/hy/ros_ws/fast_ws/install/lio_odom/bin'
[6.167s] INFO:colcon.colcon_core.shell:Creating package script '/home/hy/ros_ws/fast_ws/install/lio_odom/share/lio_odom/package.ps1'
[6.168s] INFO:colcon.colcon_core.shell:Creating package descriptor '/home/hy/ros_ws/fast_ws/install/lio_odom/share/lio_odom/package.dsv'
[6.168s] INFO:colcon.colcon_core.shell:Creating package script '/home/hy/ros_ws/fast_ws/install/lio_odom/share/lio_odom/package.sh'
[6.169s] INFO:colcon.colcon_core.shell:Creating package script '/home/hy/ros_ws/fast_ws/install/lio_odom/share/lio_odom/package.bash'
[6.169s] INFO:colcon.colcon_core.shell:Creating package script '/home/hy/ros_ws/fast_ws/install/lio_odom/share/lio_odom/package.zsh'
[6.169s] Level 1:colcon.colcon_core.environment:create_file_with_runtime_dependencies(/home/hy/ros_ws/fast_ws/install/lio_odom/share/colcon-core/packages/lio_odom)
[6.169s] Level 1:colcon.colcon_core.environment:create_environment_scripts_only(lio_odom)
[6.170s] Level 1:colcon.colcon_core.environment:checking '/home/hy/ros_ws/fast_ws/install/lio_odom' for CMake module files
[6.170s] Level 1:colcon.colcon_core.environment:checking '/home/hy/ros_ws/fast_ws/install/lio_odom' for CMake config files
[6.170s] Level 1:colcon.colcon_core.shell:create_environment_hook('lio_odom', 'cmake_prefix_path')
[6.170s] INFO:colcon.colcon_core.shell:Creating environment hook '/home/hy/ros_ws/fast_ws/install/lio_odom/share/lio_odom/hook/cmake_prefix_path.ps1'
[6.170s] INFO:colcon.colcon_core.shell:Creating environment descriptor '/home/hy/ros_ws/fast_ws/install/lio_odom/share/lio_odom/hook/cmake_prefix_path.dsv'
[6.170s] INFO:colcon.colcon_core.shell:Creating environment hook '/home/hy/ros_ws/fast_ws/install/lio_odom/share/lio_odom/hook/cmake_prefix_path.sh'
[6.171s] Level 1:colcon.colcon_core.environment:checking '/home/hy/ros_ws/fast_ws/install/lio_odom/lib'
[6.171s] Level 1:colcon.colcon_core.environment:checking '/home/hy/ros_ws/fast_ws/install/lio_odom/bin'
[6.171s] Level 1:colcon.colcon_core.environment:checking '/home/hy/ros_ws/fast_ws/install/lio_odom/lib/pkgconfig/lio_odom.pc'
[6.171s] Level 1:colcon.colcon_core.environment:checking '/home/hy/ros_ws/fast_ws/install/lio_odom/lib/python3.10/site-packages'
[6.171s] Level 1:colcon.colcon_core.environment:checking '/home/hy/ros_ws/fast_ws/install/lio_odom/bin'
[6.171s] INFO:colcon.colcon_core.shell:Creating package script '/home/hy/ros_ws/fast_ws/install/lio_odom/share/lio_odom/package.ps1'
[6.171s] INFO:colcon.colcon_core.shell:Creating package descriptor '/home/hy/ros_ws/fast_ws/install/lio_odom/share/lio_odom/package.dsv'
[6.172s] INFO:colcon.colcon_core.shell:Creating package script '/home/hy/ros_ws/fast_ws/install/lio_odom/share/lio_odom/package.sh'
[6.172s] INFO:colcon.colcon_core.shell:Creating package script '/home/hy/ros_ws/fast_ws/install/lio_odom/share/lio_odom/package.bash'
[6.172s] INFO:colcon.colcon_core.shell:Creating package script '/home/hy/ros_ws/fast_ws/install/lio_odom/share/lio_odom/package.zsh'
[6.172s] Level 1:colcon.colcon_core.environment:create_file_with_runtime_dependencies(/home/hy/ros_ws/fast_ws/install/lio_odom/share/colcon-core/packages/lio_odom)
[34.285s] DEBUG:colcon.colcon_core.event_handler.log_command:Invoked command in '/home/hy/ros_ws/fast_ws/build/fast_lio' returned '0': CMAKE_PREFIX_PATH=/home/hy/ros_ws/fast_ws/install/lio_odom:/opt/ros/humble:/home/hy/ros_ws/fast_ws/install/fast_lio:/home/hy/ros_ws/livox_ws/install/livox_lidar_rosbag_converter:/home/hy/ros_ws/livox_ws/install/livox_ros_driver2 /usr/bin/cmake --build /home/hy/ros_ws/fast_ws/build/fast_lio -- -j32 -l32
[34.286s] DEBUG:colcon.colcon_core.event_handler.log_command:Invoking command in '/home/hy/ros_ws/fast_ws/build/fast_lio': CMAKE_PREFIX_PATH=/home/hy/ros_ws/fast_ws/install/lio_odom:/opt/ros/humble:/home/hy/ros_ws/fast_ws/install/fast_lio:/home/hy/ros_ws/livox_ws/install/livox_lidar_rosbag_converter:/home/hy/ros_ws/livox_ws/install/livox_ros_driver2 /usr/bin/cmake --install /home/hy/ros_ws/fast_ws/build/fast_lio
[34.322s] Level 1:colcon.colcon_core.environment:create_environment_scripts_only(fast_lio)
[34.323s] Level 1:colcon.colcon_core.environment:checking '/home/hy/ros_ws/fast_ws/install/fast_lio' for CMake module files
[34.323s] DEBUG:colcon.colcon_core.event_handler.log_command:Invoked command in '/home/hy/ros_ws/fast_ws/build/fast_lio' returned '0': CMAKE_PREFIX_PATH=/home/hy/ros_ws/fast_ws/install/lio_odom:/opt/ros/humble:/home/hy/ros_ws/fast_ws/install/fast_lio:/home/hy/ros_ws/livox_ws/install/livox_lidar_rosbag_converter:/home/hy/ros_ws/livox_ws/install/livox_ros_driver2 /usr/bin/cmake --install /home/hy/ros_ws/fast_ws/build/fast_lio
[34.323s] Level 1:colcon.colcon_core.environment:checking '/home/hy/ros_ws/fast_ws/install/fast_lio' for CMake config files
[34.324s] Level 1:colcon.colcon_core.shell:create_environment_hook('fast_lio', 'cmake_prefix_path')
[34.324s] INFO:colcon.colcon_core.shell:Creating environment hook '/home/hy/ros_ws/fast_ws/install/fast_lio/share/fast_lio/hook/cmake_prefix_path.ps1'
[34.325s] INFO:colcon.colcon_core.shell:Creating environment descriptor '/home/hy/ros_ws/fast_ws/install/fast_lio/share/fast_lio/hook/cmake_prefix_path.dsv'
[34.325s] INFO:colcon.colcon_core.shell:Creating environment hook '/home/hy/ros_ws/fast_ws/install/fast_lio/share/fast_lio/hook/cmake_prefix_path.sh'
[34.325s] Level 1:colcon.colcon_core.environment:checking '/home/hy/ros_ws/fast_ws/install/fast_lio/lib'
[34.325s] Level 1:colcon.colcon_core.shell:create_environment_hook('fast_lio', 'ld_library_path_lib')
[34.326s] INFO:colcon.colcon_core.shell:Creating environment hook '/home/hy/ros_ws/fast_ws/install/fast_lio/share/fast_lio/hook/ld_library_path_lib.ps1'
[34.326s] INFO:colcon.colcon_core.shell:Creating environment descriptor '/home/hy/ros_ws/fast_ws/install/fast_lio/share/fast_lio/hook/ld_library_path_lib.dsv'
[34.326s] INFO:colcon.colcon_core.shell:Creating environment hook '/home/hy/ros_ws/fast_ws/install/fast_lio/share/fast_lio/hook/ld_library_path_lib.sh'
[34.326s] Level 1:colcon.colcon_core.environment:checking '/home/hy/ros_ws/fast_ws/install/fast_lio/bin'
[34.326s] Level 1:colcon.colcon_core.environment:checking '/home/hy/ros_ws/fast_ws/install/fast_lio/lib/pkgconfig/fast_lio.pc'
[34.327s] Level 1:colcon.colcon_core.environment:checking '/home/hy/ros_ws/fast_ws/install/fast_lio/lib/python3.10/site-packages'
[34.327s] Level 1:colcon.colcon_core.environment:checking '/home/hy/ros_ws/fast_ws/install/fast_lio/bin'
[34.327s] INFO:colcon.colcon_core.shell:Creating package script '/home/hy/ros_ws/fast_ws/install/fast_lio/share/fast_lio/package.ps1'
[34.328s] INFO:colcon.colcon_core.shell:Creating package descriptor '/home/hy/ros_ws/fast_ws/install/fast_lio/share/fast_lio/package.dsv'
[34.328s] INFO:colcon.colcon_core.shell:Creating package script '/home/hy/ros_ws/fast_ws/install/fast_lio/share/fast_lio/package.sh'
[34.328s] INFO:colcon.colcon_core.shell:Creating package script '/home/hy/ros_ws/fast_ws/install/fast_lio/share/fast_lio/package.bash'
[34.329s] INFO:colcon.colcon_core.shell:Creating package script '/home/hy/ros_ws/fast_ws/install/fast_lio/share/fast_lio/package.zsh'
[34.329s] Level 1:colcon.colcon_core.environment:create_file_with_runtime_dependencies(/home/hy/ros_ws/fast_ws/install/fast_lio/share/colcon-core/packages/fast_lio)
[34.329s] Level 1:colcon.colcon_core.environment:create_environment_scripts_only(fast_lio)
[34.329s] Level 1:colcon.colcon_core.environment:checking '/home/hy/ros_ws/fast_ws/install/fast_lio' for CMake module files
[34.330s] Level 1:colcon.colcon_core.environment:checking '/home/hy/ros_ws/fast_ws/install/fast_lio' for CMake config files
[34.330s] Level 1:colcon.colcon_core.shell:create_environment_hook('fast_lio', 'cmake_prefix_path')
[34.330s] INFO:colcon.colcon_core.shell:Creating environment hook '/home/hy/ros_ws/fast_ws/install/fast_lio/share/fast_lio/hook/cmake_prefix_path.ps1'
[34.331s] INFO:colcon.colcon_core.shell:Creating environment descriptor '/home/hy/ros_ws/fast_ws/install/fast_lio/share/fast_lio/hook/cmake_prefix_path.dsv'
[34.331s] INFO:colcon.colcon_core.shell:Creating environment hook '/home/hy/ros_ws/fast_ws/install/fast_lio/share/fast_lio/hook/cmake_prefix_path.sh'
[34.331s] Level 1:colcon.colcon_core.environment:checking '/home/hy/ros_ws/fast_ws/install/fast_lio/lib'
[34.331s] Level 1:colcon.colcon_core.shell:create_environment_hook('fast_lio', 'ld_library_path_lib')
[34.331s] INFO:colcon.colcon_core.shell:Creating environment hook '/home/hy/ros_ws/fast_ws/install/fast_lio/share/fast_lio/hook/ld_library_path_lib.ps1'
[34.331s] INFO:colcon.colcon_core.shell:Creating environment descriptor '/home/hy/ros_ws/fast_ws/install/fast_lio/share/fast_lio/hook/ld_library_path_lib.dsv'
[34.331s] INFO:colcon.colcon_core.shell:Creating environment hook '/home/hy/ros_ws/fast_ws/install/fast_lio/share/fast_lio/hook/ld_library_path_lib.sh'
[34.331s] Level 1:colcon.colcon_core.environment:checking '/home/hy/ros_ws/fast_ws/install/fast_lio/bin'
[34.331s] Level 1:colcon.colcon_core.environment:checking '/home/hy/ros_ws/fast_ws/install/fast_lio/lib/pkgconfig/fast_lio.pc'
[34.332s] Level 1:colcon.colcon_core.environment:checking '/home/hy/ros_ws/fast_ws/install/fast_lio/lib/python3.10/site-packages'
[34.332s] Level 1:colcon.colcon_core.environment:checking '/home/hy/ros_ws/fast_ws/install/fast_lio/bin'
[34.332s] INFO:colcon.colcon_core.shell:Creating package script '/home/hy/ros_ws/fast_ws/install/fast_lio/share/fast_lio/package.ps1'
[34.332s] INFO:colcon.colcon_core.shell:Creating package descriptor '/home/hy/ros_ws/fast_ws/install/fast_lio/share/fast_lio/package.dsv'
[34.332s] INFO:colcon.colcon_core.shell:Creating package script '/home/hy/ros_ws/fast_ws/install/fast_lio/share/fast_lio/package.sh'
[34.333s] INFO:colcon.colcon_core.shell:Creating package script '/home/hy/ros_ws/fast_ws/install/fast_lio/share/fast_lio/package.bash'
[34.333s] INFO:colcon.colcon_core.shell:Creating package script '/home/hy/ros_ws/fast_ws/install/fast_lio/share/fast_lio/package.zsh'
[34.333s] Level 1:colcon.colcon_core.environment:create_file_with_runtime_dependencies(/home/hy/ros_ws/fast_ws/install/fast_lio/share/colcon-core/packages/fast_lio)
[34.333s] DEBUG:colcon.colcon_parallel_executor.executor.parallel:closing loop
[34.333s] DEBUG:colcon.colcon_parallel_executor.executor.parallel:loop closed
[34.333s] DEBUG:colcon.colcon_parallel_executor.executor.parallel:run_until_complete finished with '0'
[34.333s] DEBUG:colcon.colcon_core.event_reactor:joining thread
[34.336s] INFO:colcon.colcon_core.plugin_system:Skipping extension 'colcon_notification.desktop_notification.terminal_notifier': Not used on non-Darwin systems
[34.336s] INFO:colcon.colcon_core.plugin_system:Skipping extension 'colcon_notification.desktop_notification.win32': Not used on non-Windows systems
[34.336s] INFO:colcon.colcon_notification.desktop_notification:Sending desktop notification using 'notify2'
[34.345s] DEBUG:colcon.colcon_core.event_reactor:joined thread
[34.345s] INFO:colcon.colcon_core.shell:Creating prefix script '/home/hy/ros_ws/fast_ws/install/local_setup.ps1'
[34.345s] INFO:colcon.colcon_core.shell:Creating prefix util module '/home/hy/ros_ws/fast_ws/install/_local_setup_util_ps1.py'
[34.346s] INFO:colcon.colcon_core.shell:Creating prefix chain script '/home/hy/ros_ws/fast_ws/install/setup.ps1'
[34.347s] INFO:colcon.colcon_core.shell:Creating prefix script '/home/hy/ros_ws/fast_ws/install/local_setup.sh'
[34.347s] INFO:colcon.colcon_core.shell:Creating prefix util module '/home/hy/ros_ws/fast_ws/install/_local_setup_util_sh.py'
[34.347s] INFO:colcon.colcon_core.shell:Creating prefix chain script '/home/hy/ros_ws/fast_ws/install/setup.sh'
[34.348s] INFO:colcon.colcon_core.shell:Creating prefix script '/home/hy/ros_ws/fast_ws/install/local_setup.bash'
[34.348s] INFO:colcon.colcon_core.shell:Creating prefix chain script '/home/hy/ros_ws/fast_ws/install/setup.bash'
[34.348s] INFO:colcon.colcon_core.shell:Creating prefix script '/home/hy/ros_ws/fast_ws/install/local_setup.zsh'
[34.348s] INFO:colcon.colcon_core.shell:Creating prefix chain script '/home/hy/ros_ws/fast_ws/install/setup.zsh'
