[0.007s] Invoking command in '/home/hy/ros_ws/fast_ws/build/fast_lio': CMAKE_PREFIX_PATH=${CMAKE_PREFIX_PATH}:/opt/ros/humble /usr/bin/cmake /home/hy/ros_ws/fast_ws/src/FAST_LIO -DCMAKE_INSTALL_PREFIX=/home/hy/ros_ws/fast_ws/install/fast_lio
[0.018s] [0mCurrent CPU archtecture: x86_64[0m
[0.021s] [0mProcesser number:  32[0m
[0.021s] [0mcore for MP: 3[0m
[0.024s] -- Found PythonLibs: /usr/lib/x86_64-linux-gnu/libpython3.10.so (found version "3.10.12") 
[0.024s] -- Found ament_cmake: 1.3.14 (/opt/ros/humble/share/ament_cmake/cmake)
[0.088s] -- Override CMake install command with custom implementation using symlinks instead of copying resources
[0.091s] -- Found rclcpp: 16.0.19 (/opt/ros/humble/share/rclcpp/cmake)
[0.104s] -- Found rosidl_generator_c: 3.1.8 (/opt/ros/humble/share/rosidl_generator_c/cmake)
[0.105s] -- Found rosidl_adapter: 3.1.8 (/opt/ros/humble/share/rosidl_adapter/cmake)
[0.108s] -- Found rosidl_generator_cpp: 3.1.8 (/opt/ros/humble/share/rosidl_generator_cpp/cmake)
[0.112s] -- Using all available rosidl_typesupport_c: rosidl_typesupport_fastrtps_c;rosidl_typesupport_introspection_c
[0.118s] -- Using all available rosidl_typesupport_cpp: rosidl_typesupport_fastrtps_cpp;rosidl_typesupport_introspection_cpp
[0.133s] -- Found rmw_implementation_cmake: 6.1.2 (/opt/ros/humble/share/rmw_implementation_cmake/cmake)
[0.133s] -- Found rmw_cyclonedds_cpp: 1.3.4 (/opt/ros/humble/share/rmw_cyclonedds_cpp/cmake)
[0.142s] -- Using RMW implementation 'rmw_cyclonedds_cpp' as default
[0.165s] -- Found rclcpp_components: 16.0.19 (/opt/ros/humble/share/rclcpp_components/cmake)
[0.173s] -- Found geometry_msgs: 4.9.1 (/opt/ros/humble/share/geometry_msgs/cmake)
[0.179s] -- Found nav_msgs: 4.9.1 (/opt/ros/humble/share/nav_msgs/cmake)
[0.187s] -- Found sensor_msgs: 4.9.1 (/opt/ros/humble/share/sensor_msgs/cmake)
[0.195s] -- Found std_srvs: 4.9.1 (/opt/ros/humble/share/std_srvs/cmake)
[0.199s] -- Found visualization_msgs: 4.9.1 (/opt/ros/humble/share/visualization_msgs/cmake)
[0.208s] -- Found pcl_ros: 2.4.5 (/opt/ros/humble/share/pcl_ros/cmake)
[0.229s] -- Eigen found (include: /usr/include/eigen3, version: 3.4.0)
[0.247s] -- FLANN found (include: /usr/include, lib: /usr/lib/x86_64-linux-gnu/libflann_cpp.so)
[0.420s] -- OpenNI found (version: 1.5.4.0, include: /usr/include/ni, lib: /usr/lib/libOpenNI.so;libusb::libusb)
[0.425s] -- OpenNI2 found (version: 2.2.0.33, include: /usr/include/openni2, lib: /usr/lib/x86_64-linux-gnu/libOpenNI2.so;libusb::libusb)
[0.511s] -- Eigen found (include: /usr/include/eigen3, version: 3.4.0)
[0.516s] -- OpenNI found (version: 1.5.4.0, include: /usr/include/ni, lib: /usr/lib/libOpenNI.so;libusb::libusb)
[0.520s] -- OpenNI2 found (version: 2.2.0.33, include: /usr/include/openni2, lib: /usr/lib/x86_64-linux-gnu/libOpenNI2.so;libusb::libusb)
[0.600s] -- Found Qhull version 8.0.2
[0.681s] -- OpenNI found (version: 1.5.4.0, include: /usr/include/ni, lib: /usr/lib/libOpenNI.so;libusb::libusb)
[0.774s] -- Found eigen3_cmake_module: 0.1.1 (/opt/ros/humble/share/eigen3_cmake_module/cmake)
[0.775s] -- Ensuring Eigen3 include directory is part of orocos-kdl CMake target
[0.802s] -- Found livox_ros_driver2: 1.0.0 (/home/hy/ros_ws/livox_ws/install/livox_ros_driver2/share/livox_ros_driver2/cmake)
[0.811s] -- Found rosidl_default_generators: 1.2.1 (/opt/ros/humble/share/rosidl_default_generators/cmake)
[0.816s] [33mCMake Warning (dev) at CMakeLists.txt:81 (find_package):
[0.816s]   Policy CMP0074 is not set: find_package uses <PackageName>_ROOT variables.
[0.816s]   Run "cmake --help-policy CMP0074" for policy details.  Use the cmake_policy
[0.816s]   command to set the policy and suppress this warning.
[0.816s] 
[0.816s]   CMake variable PCL_ROOT is set to:
[0.817s] 
[0.817s]     /usr
[0.817s] 
[0.817s]   For compatibility, CMake is ignoring the variable.
[0.817s] This warning is for project developers.  Use -Wno-dev to suppress it.
[0.817s] [0m
[0.821s] [0mEigen:/usr/include/eigen3[0m
[0.821s] -- PCL: /usr/include/pcl-1.12
[0.963s] -- Found ament_cmake_ros: 0.10.0 (/opt/ros/humble/share/ament_cmake_ros/cmake)
[1.138s] -- Using all available rosidl_typesupport_c: rosidl_typesupport_fastrtps_c;rosidl_typesupport_introspection_c
[1.201s] -- Using all available rosidl_typesupport_cpp: rosidl_typesupport_fastrtps_cpp;rosidl_typesupport_introspection_cpp
[1.218s] -- Found python_cmake_module: 0.10.0 (/opt/ros/humble/share/python_cmake_module/cmake)
[1.234s] -- Found PythonLibs: /usr/lib/x86_64-linux-gnu/libpython3.10.so (found suitable version "3.10.12", minimum required is "3.5") 
[1.234s] -- Using PYTHON_EXECUTABLE: /usr/bin/python3
[1.234s] -- Using PYTHON_INCLUDE_DIRS: /usr/include/python3.10
[1.234s] -- Using PYTHON_LIBRARIES: /usr/lib/x86_64-linux-gnu/libpython3.10.so
[1.283s] -- Configuring done
[1.312s] -- Generating done
[1.321s] -- Build files have been written to: /home/hy/ros_ws/fast_ws/build/fast_lio
[1.335s] Invoked command in '/home/hy/ros_ws/fast_ws/build/fast_lio' returned '0': CMAKE_PREFIX_PATH=${CMAKE_PREFIX_PATH}:/opt/ros/humble /usr/bin/cmake /home/hy/ros_ws/fast_ws/src/FAST_LIO -DCMAKE_INSTALL_PREFIX=/home/hy/ros_ws/fast_ws/install/fast_lio
[1.335s] Invoking command in '/home/hy/ros_ws/fast_ws/build/fast_lio': CMAKE_PREFIX_PATH=${CMAKE_PREFIX_PATH}:/opt/ros/humble /usr/bin/cmake --build /home/hy/ros_ws/fast_ws/build/fast_lio -- -j32 -l32
[1.371s] [35m[1mConsolidate compiler generated dependencies of target fast_lio__rosidl_generator_c[0m
[1.376s] [  2%] Built target fast_lio__rs
[1.377s] [  5%] Built target fast_lio__cpp
[1.379s] [ 13%] Built target fast_lio__rosidl_generator_c
[1.383s] [ 13%] Built target ament_cmake_python_symlink_fast_lio
[1.385s] [35m[1mConsolidate compiler generated dependencies of target fast_lio__rosidl_typesupport_fastrtps_cpp[0m
[1.385s] [35m[1mConsolidate compiler generated dependencies of target fast_lio__rosidl_typesupport_introspection_cpp[0m
[1.385s] [35m[1mConsolidate compiler generated dependencies of target fast_lio__rosidl_typesupport_cpp[0m
[1.387s] [35m[1mConsolidate compiler generated dependencies of target fast_lio__rosidl_typesupport_fastrtps_c[0m
[1.387s] [35m[1mConsolidate compiler generated dependencies of target fast_lio__rosidl_typesupport_c[0m
[1.387s] [35m[1mConsolidate compiler generated dependencies of target fast_lio__rosidl_typesupport_introspection_c[0m
[1.394s] [ 22%] Built target fast_lio__rosidl_typesupport_introspection_c
[1.394s] [ 38%] Built target fast_lio__rosidl_typesupport_introspection_cpp
[1.394s] [ 38%] Built target fast_lio__rosidl_typesupport_fastrtps_cpp
[1.395s] [ 47%] Built target fast_lio__rosidl_typesupport_cpp
[1.395s] [ 55%] Built target fast_lio__rosidl_typesupport_c
[1.396s] [ 63%] Built target fast_lio__rosidl_typesupport_fastrtps_c
[1.406s] [35m[1mConsolidate compiler generated dependencies of target fastlio_mapping[0m
[1.409s] [ 63%] Built target fast_lio
[1.426s] [ 66%] Built target fast_lio__py
[1.434s] [35m[1mConsolidate compiler generated dependencies of target fast_lio__rosidl_generator_py[0m
[1.438s] [ 69%] [32mBuilding CXX object CMakeFiles/fastlio_mapping.dir/src/laserMapping.cpp.o[0m
[1.444s] [ 75%] Built target fast_lio__rosidl_generator_py
[1.452s] [35m[1mConsolidate compiler generated dependencies of target fast_lio__rosidl_typesupport_fastrtps_c__pyext[0m
[1.452s] [35m[1mConsolidate compiler generated dependencies of target fast_lio__rosidl_typesupport_introspection_c__pyext[0m
[1.452s] [35m[1mConsolidate compiler generated dependencies of target fast_lio__rosidl_typesupport_c__pyext[0m
[1.461s] [ 80%] Built target fast_lio__rosidl_typesupport_introspection_c__pyext
[1.462s] [ 86%] Built target fast_lio__rosidl_typesupport_fastrtps_c__pyext
[1.462s] [ 91%] Built target fast_lio__rosidl_typesupport_c__pyext
[1.494s] running egg_info
[1.494s] writing fast_lio.egg-info/PKG-INFO
[1.494s] writing dependency_links to fast_lio.egg-info/dependency_links.txt
[1.495s] writing top-level names to fast_lio.egg-info/top_level.txt
[1.496s] reading manifest file 'fast_lio.egg-info/SOURCES.txt'
[1.496s] writing manifest file 'fast_lio.egg-info/SOURCES.txt'
[1.511s] [ 91%] Built target ament_cmake_python_build_fast_lio_egg
[4.398s] In file included from [01m[K/usr/include/boost/smart_ptr/detail/sp_thread_sleep.hpp:22[m[K,
[4.398s]                  from [01m[K/usr/include/boost/smart_ptr/detail/yield_k.hpp:23[m[K,
[4.398s]                  from [01m[K/usr/include/boost/smart_ptr/detail/spinlock_gcc_atomic.hpp:14[m[K,
[4.398s]                  from [01m[K/usr/include/boost/smart_ptr/detail/spinlock.hpp:42[m[K,
[4.398s]                  from [01m[K/usr/include/boost/smart_ptr/detail/spinlock_pool.hpp:25[m[K,
[4.398s]                  from [01m[K/usr/include/boost/smart_ptr/shared_ptr.hpp:29[m[K,
[4.398s]                  from [01m[K/usr/include/boost/shared_ptr.hpp:17[m[K,
[4.398s]                  from [01m[K/usr/include/boost/date_time/microsec_time_clock.hpp:18[m[K,
[4.398s]                  from [01m[K/usr/include/boost/interprocess/detail/posix_time_types_wrk.hpp:31[m[K,
[4.398s]                  from [01m[K/usr/include/boost/interprocess/detail/os_thread_functions.hpp:36[m[K,
[4.398s]                  from [01m[K/usr/include/boost/interprocess/sync/file_lock.hpp:26[m[K,
[4.398s]                  from [01m[K/usr/include/pcl-1.12/pcl/io/pcd_io.h:46[m[K,
[4.398s]                  from [01m[K/opt/ros/humble/include/pcl_conversions/pcl_conversions/pcl_conversions.h:73[m[K,
[4.398s]                  from [01m[K/home/hy/ros_ws/fast_ws/src/FAST_LIO/src/IMU_Processing.hpp:18[m[K,
[4.398s]                  from [01m[K/home/hy/ros_ws/fast_ws/src/FAST_LIO/src/laserMapping.cpp:47[m[K:
[4.398s] [01m[K/usr/include/boost/bind.hpp:36:1:[m[K [01;36m[Knote: [m[K‘[01m[K#pragma message: The practice of declaring the Bind placeholders (_1, _2, ...) in the global namespace is deprecated. Please use <boost/bind/bind.hpp> + using namespace boost::placeholders, or define BOOST_BIND_GLOBAL_PLACEHOLDERS to retain the current behavior.[m[K’
[4.398s]    36 | [01;36m[KBOOST_PRAGMA_MESSAGE[m[K(
[4.398s]       | [01;36m[K^~~~~~~~~~~~~~~~~~~~[m[K
[7.002s] In file included from [01m[K/usr/include/eigen3/Eigen/Core:164[m[K,
[7.002s]                  from [01m[K/home/hy/ros_ws/fast_ws/src/FAST_LIO/include/so3_math.h:5[m[K,
[7.002s]                  from [01m[K/home/hy/ros_ws/fast_ws/src/FAST_LIO/src/laserMapping.cpp:44[m[K:
[7.002s] /usr/include/eigen3/Eigen/src/Core/PlainObjectBase.h: In instantiation of ‘[01m[KEigen::PlainObjectBase<Derived>::PlainObjectBase(const Scalar&, const Scalar&, const Scalar&, const Scalar&, const ArgTypes& ...) [with ArgTypes = {double, double, double, double, double}; Derived = Eigen::Matrix<double, 3, 3>; Eigen::PlainObjectBase<Derived>::Scalar = double][m[K’:
[7.002s] [01m[K/usr/include/eigen3/Eigen/src/Core/Matrix.h:297:37:[m[K   required from ‘[01m[KEigen::Matrix<_Scalar, _Rows, _Cols, _Options, _MaxRows, _MaxCols>::Matrix(const Scalar&, const Scalar&, const Scalar&, const Scalar&, const ArgTypes& ...) [with ArgTypes = {double, double, double, double, double}; _Scalar = double; int _Rows = 3; int _Cols = 3; int _Options = 0; int _MaxRows = 3; int _MaxCols = 3; Eigen::Matrix<_Scalar, _Rows, _Cols, _Options, _MaxRows, _MaxCols>::Scalar = double][m[K’
[7.002s] [01m[K/home/hy/ros_ws/fast_ws/src/FAST_LIO/src/laserMapping.cpp:643:65:[m[K   required from here
[7.002s] [01m[K/usr/include/eigen3/Eigen/src/Core/PlainObjectBase.h:538:7:[m[K [01;31m[Kerror: [m[Kstatic assertion failed: THIS_METHOD_IS_ONLY_FOR_VECTORS_OF_A_SPECIFIC_SIZE
[7.002s]   538 |       [01;31m[KE[m[KIGEN_STATIC_ASSERT_VECTOR_SPECIFIC_SIZE(PlainObjectBase, sizeof...(args) + 4);
[7.002s]       |       [01;31m[K^[m[K
[7.002s] [01m[K/usr/include/eigen3/Eigen/src/Core/PlainObjectBase.h:538:7:[m[K [01;36m[Knote: [m[K‘[01m[Kfalse[m[K’ evaluates to false
[21.526s] gmake[2]: *** [CMakeFiles/fastlio_mapping.dir/build.make:76：CMakeFiles/fastlio_mapping.dir/src/laserMapping.cpp.o] 错误 1
[21.526s] gmake[1]: *** [CMakeFiles/Makefile2:612：CMakeFiles/fastlio_mapping.dir/all] 错误 2
[21.527s] gmake: *** [Makefile:146：all] 错误 2
[21.530s] Invoked command in '/home/hy/ros_ws/fast_ws/build/fast_lio' returned '2': CMAKE_PREFIX_PATH=${CMAKE_PREFIX_PATH}:/opt/ros/humble /usr/bin/cmake --build /home/hy/ros_ws/fast_ws/build/fast_lio -- -j32 -l32
