[0.006s] Invoking command in '/home/hy/ros_ws/fast_ws/build/lio_odom': CMAKE_PREFIX_PATH=/home/hy/ros_ws/fast_ws/install/lio_odom:/opt/ros/humble:/home/hy/ros_ws/fast_ws/install/fast_lio:/home/hy/ros_ws/livox_ws/install/livox_lidar_rosbag_converter:/home/hy/ros_ws/livox_ws/install/livox_ros_driver2 /usr/bin/cmake --build /home/hy/ros_ws/fast_ws/build/lio_odom -- -j32 -l32
[0.039s] [35m[1mConsolidate compiler generated dependencies of target odom_transformer[0m
[0.051s] [100%] Built target odom_transformer
[0.058s] Invoked command in '/home/hy/ros_ws/fast_ws/build/lio_odom' returned '0': CMAKE_PREFIX_PATH=/home/hy/ros_ws/fast_ws/install/lio_odom:/opt/ros/humble:/home/hy/ros_ws/fast_ws/install/fast_lio:/home/hy/ros_ws/livox_ws/install/livox_lidar_rosbag_converter:/home/hy/ros_ws/livox_ws/install/livox_ros_driver2 /usr/bin/cmake --build /home/hy/ros_ws/fast_ws/build/lio_odom -- -j32 -l32
[0.063s] Invoking command in '/home/hy/ros_ws/fast_ws/build/lio_odom': CMAKE_PREFIX_PATH=/home/hy/ros_ws/fast_ws/install/lio_odom:/opt/ros/humble:/home/hy/ros_ws/fast_ws/install/fast_lio:/home/hy/ros_ws/livox_ws/install/livox_lidar_rosbag_converter:/home/hy/ros_ws/livox_ws/install/livox_ros_driver2 /usr/bin/cmake --install /home/hy/ros_ws/fast_ws/build/lio_odom
[0.068s] -- Install configuration: ""
[0.069s] -- Execute custom install script
[0.069s] -- Up-to-date symlink: /home/hy/ros_ws/fast_ws/install/lio_odom/lib/lio_odom/odom_transformer
[0.069s] -- Up-to-date symlink: /home/hy/ros_ws/fast_ws/install/lio_odom/share/lio_odom/launch/fast_lio_with_odom.launch.py
[0.069s] -- Symlinking: /home/hy/ros_ws/fast_ws/install/lio_odom/share/lio_odom/launch/minimal_odom.launch.py
[0.076s] -- Up-to-date symlink: /home/hy/ros_ws/fast_ws/install/lio_odom/share/lio_odom/launch/odom_transformer.launch.py
[0.076s] -- Symlinking: /home/hy/ros_ws/fast_ws/install/lio_odom/share/lio_odom/config/fast_lio_minimal.yaml
[0.082s] -- Up-to-date symlink: /home/hy/ros_ws/fast_ws/install/lio_odom/share/lio_odom/config/odom_transformer.yaml
[0.083s] -- Up-to-date symlink: /home/hy/ros_ws/fast_ws/install/lio_odom/share/ament_index/resource_index/package_run_dependencies/lio_odom
[0.083s] -- Up-to-date symlink: /home/hy/ros_ws/fast_ws/install/lio_odom/share/ament_index/resource_index/parent_prefix_path/lio_odom
[0.083s] -- Up-to-date symlink: /home/hy/ros_ws/fast_ws/install/lio_odom/share/lio_odom/environment/ament_prefix_path.sh
[0.083s] -- Up-to-date symlink: /home/hy/ros_ws/fast_ws/install/lio_odom/share/lio_odom/environment/ament_prefix_path.dsv
[0.083s] -- Up-to-date symlink: /home/hy/ros_ws/fast_ws/install/lio_odom/share/lio_odom/environment/path.sh
[0.083s] -- Up-to-date symlink: /home/hy/ros_ws/fast_ws/install/lio_odom/share/lio_odom/environment/path.dsv
[0.083s] -- Up-to-date symlink: /home/hy/ros_ws/fast_ws/install/lio_odom/share/lio_odom/local_setup.bash
[0.083s] -- Up-to-date symlink: /home/hy/ros_ws/fast_ws/install/lio_odom/share/lio_odom/local_setup.sh
[0.083s] -- Up-to-date symlink: /home/hy/ros_ws/fast_ws/install/lio_odom/share/lio_odom/local_setup.zsh
[0.083s] -- Up-to-date symlink: /home/hy/ros_ws/fast_ws/install/lio_odom/share/lio_odom/local_setup.dsv
[0.083s] -- Symlinking: /home/hy/ros_ws/fast_ws/install/lio_odom/share/lio_odom/package.dsv
[0.090s] -- Up-to-date symlink: /home/hy/ros_ws/fast_ws/install/lio_odom/share/ament_index/resource_index/packages/lio_odom
[0.090s] -- Up-to-date symlink: /home/hy/ros_ws/fast_ws/install/lio_odom/share/lio_odom/cmake/lio_odomConfig.cmake
[0.090s] -- Up-to-date symlink: /home/hy/ros_ws/fast_ws/install/lio_odom/share/lio_odom/cmake/lio_odomConfig-version.cmake
[0.090s] -- Up-to-date symlink: /home/hy/ros_ws/fast_ws/install/lio_odom/share/lio_odom/package.xml
[0.092s] Invoked command in '/home/hy/ros_ws/fast_ws/build/lio_odom' returned '0': CMAKE_PREFIX_PATH=/home/hy/ros_ws/fast_ws/install/lio_odom:/opt/ros/humble:/home/hy/ros_ws/fast_ws/install/fast_lio:/home/hy/ros_ws/livox_ws/install/livox_lidar_rosbag_converter:/home/hy/ros_ws/livox_ws/install/livox_ros_driver2 /usr/bin/cmake --install /home/hy/ros_ws/fast_ws/build/lio_odom
