[0.070s] DEBUG:colcon:Command line arguments: ['/usr/bin/colcon', 'build', '--symlink-install']
[0.070s] DEBUG:colcon:Parsed command line arguments: Namespace(log_base=None, log_level=None, verb_name='build', build_base='build', install_base='install', merge_install=False, symlink_install=True, test_result_base=None, continue_on_error=False, executor='parallel', parallel_workers=32, event_handlers=None, ignore_user_meta=False, metas=['./colcon.meta'], base_paths=['.'], packages_ignore=None, packages_ignore_regex=None, paths=None, packages_up_to=None, packages_up_to_regex=None, packages_above=None, packages_above_and_dependencies=None, packages_above_depth=None, packages_select_by_dep=None, packages_skip_by_dep=None, packages_skip_up_to=None, packages_select_build_failed=False, packages_skip_build_finished=False, packages_select_test_failures=False, packages_skip_test_passed=False, packages_select=None, packages_skip=None, packages_select_regex=None, packages_skip_regex=None, packages_start=None, packages_end=None, allow_overriding=[], cmake_args=None, cmake_target=None, cmake_target_skip_unavailable=False, cmake_clean_cache=False, cmake_clean_first=False, cmake_force_configure=False, ament_cmake_args=None, catkin_cmake_args=None, catkin_skip_building_tests=False, verb_parser=<colcon_defaults.argument_parser.defaults.DefaultArgumentsDecorator object at 0x7a42d99641c0>, verb_extension=<colcon_core.verb.build.BuildVerb object at 0x7a42d9a71510>, main=<bound method BuildVerb.main of <colcon_core.verb.build.BuildVerb object at 0x7a42d9a71510>>)
[0.185s] Level 1:colcon.colcon_core.package_discovery:discover_packages(colcon_meta) check parameters
[0.185s] Level 1:colcon.colcon_core.package_discovery:discover_packages(recursive) check parameters
[0.185s] Level 1:colcon.colcon_core.package_discovery:discover_packages(ignore) check parameters
[0.185s] Level 1:colcon.colcon_core.package_discovery:discover_packages(path) check parameters
[0.185s] Level 1:colcon.colcon_core.package_discovery:discover_packages(colcon_meta) discover
[0.185s] Level 1:colcon.colcon_core.package_discovery:discover_packages(recursive) discover
[0.185s] INFO:colcon.colcon_core.package_discovery:Crawling recursively for packages in '/home/hy/ros_ws/fast_ws'
[0.185s] Level 1:colcon.colcon_core.package_identification:_identify(.) by extensions ['ignore', 'ignore_ament_install']
[0.185s] Level 1:colcon.colcon_core.package_identification:_identify(.) by extension 'ignore'
[0.185s] Level 1:colcon.colcon_core.package_identification:_identify(.) by extension 'ignore_ament_install'
[0.185s] Level 1:colcon.colcon_core.package_identification:_identify(.) by extensions ['colcon_pkg']
[0.185s] Level 1:colcon.colcon_core.package_identification:_identify(.) by extension 'colcon_pkg'
[0.185s] Level 1:colcon.colcon_core.package_identification:_identify(.) by extensions ['colcon_meta']
[0.185s] Level 1:colcon.colcon_core.package_identification:_identify(.) by extension 'colcon_meta'
[0.185s] Level 1:colcon.colcon_core.package_identification:_identify(.) by extensions ['ros']
[0.185s] Level 1:colcon.colcon_core.package_identification:_identify(.) by extension 'ros'
[0.191s] Level 1:colcon.colcon_core.package_identification:_identify(.) by extensions ['cmake', 'python']
[0.191s] Level 1:colcon.colcon_core.package_identification:_identify(.) by extension 'cmake'
[0.191s] Level 1:colcon.colcon_core.package_identification:_identify(.) by extension 'python'
[0.191s] Level 1:colcon.colcon_core.package_identification:_identify(.) by extensions ['python_setup_py']
[0.191s] Level 1:colcon.colcon_core.package_identification:_identify(.) by extension 'python_setup_py'
[0.191s] Level 1:colcon.colcon_core.package_identification:_identify(build) by extensions ['ignore', 'ignore_ament_install']
[0.191s] Level 1:colcon.colcon_core.package_identification:_identify(build) by extension 'ignore'
[0.191s] Level 1:colcon.colcon_core.package_identification:_identify(build) ignored
[0.192s] Level 1:colcon.colcon_core.package_identification:_identify(install) by extensions ['ignore', 'ignore_ament_install']
[0.192s] Level 1:colcon.colcon_core.package_identification:_identify(install) by extension 'ignore'
[0.192s] Level 1:colcon.colcon_core.package_identification:_identify(install) ignored
[0.192s] Level 1:colcon.colcon_core.package_identification:_identify(log) by extensions ['ignore', 'ignore_ament_install']
[0.192s] Level 1:colcon.colcon_core.package_identification:_identify(log) by extension 'ignore'
[0.192s] Level 1:colcon.colcon_core.package_identification:_identify(log) ignored
[0.192s] Level 1:colcon.colcon_core.package_identification:_identify(src) by extensions ['ignore', 'ignore_ament_install']
[0.192s] Level 1:colcon.colcon_core.package_identification:_identify(src) by extension 'ignore'
[0.192s] Level 1:colcon.colcon_core.package_identification:_identify(src) by extension 'ignore_ament_install'
[0.192s] Level 1:colcon.colcon_core.package_identification:_identify(src) by extensions ['colcon_pkg']
[0.192s] Level 1:colcon.colcon_core.package_identification:_identify(src) by extension 'colcon_pkg'
[0.192s] Level 1:colcon.colcon_core.package_identification:_identify(src) by extensions ['colcon_meta']
[0.192s] Level 1:colcon.colcon_core.package_identification:_identify(src) by extension 'colcon_meta'
[0.192s] Level 1:colcon.colcon_core.package_identification:_identify(src) by extensions ['ros']
[0.192s] Level 1:colcon.colcon_core.package_identification:_identify(src) by extension 'ros'
[0.192s] Level 1:colcon.colcon_core.package_identification:_identify(src) by extensions ['cmake', 'python']
[0.192s] Level 1:colcon.colcon_core.package_identification:_identify(src) by extension 'cmake'
[0.192s] Level 1:colcon.colcon_core.package_identification:_identify(src) by extension 'python'
[0.192s] Level 1:colcon.colcon_core.package_identification:_identify(src) by extensions ['python_setup_py']
[0.192s] Level 1:colcon.colcon_core.package_identification:_identify(src) by extension 'python_setup_py'
[0.192s] Level 1:colcon.colcon_core.package_identification:_identify(src/FAST_LIO) by extensions ['ignore', 'ignore_ament_install']
[0.192s] Level 1:colcon.colcon_core.package_identification:_identify(src/FAST_LIO) by extension 'ignore'
[0.192s] Level 1:colcon.colcon_core.package_identification:_identify(src/FAST_LIO) by extension 'ignore_ament_install'
[0.192s] Level 1:colcon.colcon_core.package_identification:_identify(src/FAST_LIO) by extensions ['colcon_pkg']
[0.192s] Level 1:colcon.colcon_core.package_identification:_identify(src/FAST_LIO) by extension 'colcon_pkg'
[0.192s] Level 1:colcon.colcon_core.package_identification:_identify(src/FAST_LIO) by extensions ['colcon_meta']
[0.192s] Level 1:colcon.colcon_core.package_identification:_identify(src/FAST_LIO) by extension 'colcon_meta'
[0.192s] Level 1:colcon.colcon_core.package_identification:_identify(src/FAST_LIO) by extensions ['ros']
[0.192s] Level 1:colcon.colcon_core.package_identification:_identify(src/FAST_LIO) by extension 'ros'
[0.194s] DEBUG:colcon.colcon_core.package_identification:Package 'src/FAST_LIO' with type 'ros.ament_cmake' and name 'fast_lio'
[0.194s] Level 1:colcon.colcon_core.package_identification:_identify(src/LIO_odom) by extensions ['ignore', 'ignore_ament_install']
[0.194s] Level 1:colcon.colcon_core.package_identification:_identify(src/LIO_odom) by extension 'ignore'
[0.194s] Level 1:colcon.colcon_core.package_identification:_identify(src/LIO_odom) by extension 'ignore_ament_install'
[0.194s] Level 1:colcon.colcon_core.package_identification:_identify(src/LIO_odom) by extensions ['colcon_pkg']
[0.194s] Level 1:colcon.colcon_core.package_identification:_identify(src/LIO_odom) by extension 'colcon_pkg'
[0.194s] Level 1:colcon.colcon_core.package_identification:_identify(src/LIO_odom) by extensions ['colcon_meta']
[0.194s] Level 1:colcon.colcon_core.package_identification:_identify(src/LIO_odom) by extension 'colcon_meta'
[0.194s] Level 1:colcon.colcon_core.package_identification:_identify(src/LIO_odom) by extensions ['ros']
[0.194s] Level 1:colcon.colcon_core.package_identification:_identify(src/LIO_odom) by extension 'ros'
[0.195s] DEBUG:colcon.colcon_core.package_identification:Package 'src/LIO_odom' with type 'ros.ament_cmake' and name 'lio_odom'
[0.195s] Level 1:colcon.colcon_core.package_discovery:discover_packages(recursive) using defaults
[0.195s] Level 1:colcon.colcon_core.package_discovery:discover_packages(ignore) discover
[0.195s] Level 1:colcon.colcon_core.package_discovery:discover_packages(ignore) using defaults
[0.195s] Level 1:colcon.colcon_core.package_discovery:discover_packages(path) discover
[0.195s] Level 1:colcon.colcon_core.package_discovery:discover_packages(path) using defaults
[0.211s] Level 1:colcon.colcon_core.package_discovery:discover_packages(prefix_path) check parameters
[0.211s] Level 1:colcon.colcon_core.package_discovery:discover_packages(prefix_path) discover
[0.212s] DEBUG:colcon.colcon_installed_package_information.package_discovery:Found 1 installed packages in /home/hy/ros_ws/fast_ws/install
[0.212s] DEBUG:colcon.colcon_installed_package_information.package_discovery:Found 2 installed packages in /home/hy/ros_ws/livox_ws/install
[0.213s] DEBUG:colcon.colcon_installed_package_information.package_discovery:Found 325 installed packages in /opt/ros/humble
[0.213s] Level 1:colcon.colcon_core.package_discovery:discover_packages(prefix_path) using defaults
[0.248s] Level 5:colcon.colcon_core.verb:set package 'fast_lio' build argument 'cmake_args' from command line to 'None'
[0.248s] Level 5:colcon.colcon_core.verb:set package 'fast_lio' build argument 'cmake_target' from command line to 'None'
[0.248s] Level 5:colcon.colcon_core.verb:set package 'fast_lio' build argument 'cmake_target_skip_unavailable' from command line to 'False'
[0.248s] Level 5:colcon.colcon_core.verb:set package 'fast_lio' build argument 'cmake_clean_cache' from command line to 'False'
[0.249s] Level 5:colcon.colcon_core.verb:set package 'fast_lio' build argument 'cmake_clean_first' from command line to 'False'
[0.249s] Level 5:colcon.colcon_core.verb:set package 'fast_lio' build argument 'cmake_force_configure' from command line to 'False'
[0.249s] Level 5:colcon.colcon_core.verb:set package 'fast_lio' build argument 'ament_cmake_args' from command line to 'None'
[0.249s] Level 5:colcon.colcon_core.verb:set package 'fast_lio' build argument 'catkin_cmake_args' from command line to 'None'
[0.249s] Level 5:colcon.colcon_core.verb:set package 'fast_lio' build argument 'catkin_skip_building_tests' from command line to 'False'
[0.249s] DEBUG:colcon.colcon_core.verb:Building package 'fast_lio' with the following arguments: {'ament_cmake_args': None, 'build_base': '/home/hy/ros_ws/fast_ws/build/fast_lio', 'catkin_cmake_args': None, 'catkin_skip_building_tests': False, 'cmake_args': None, 'cmake_clean_cache': False, 'cmake_clean_first': False, 'cmake_force_configure': False, 'cmake_target': None, 'cmake_target_skip_unavailable': False, 'install_base': '/home/hy/ros_ws/fast_ws/install/fast_lio', 'merge_install': False, 'path': '/home/hy/ros_ws/fast_ws/src/FAST_LIO', 'symlink_install': True, 'test_result_base': None}
[0.249s] Level 5:colcon.colcon_core.verb:set package 'lio_odom' build argument 'cmake_args' from command line to 'None'
[0.249s] Level 5:colcon.colcon_core.verb:set package 'lio_odom' build argument 'cmake_target' from command line to 'None'
[0.249s] Level 5:colcon.colcon_core.verb:set package 'lio_odom' build argument 'cmake_target_skip_unavailable' from command line to 'False'
[0.249s] Level 5:colcon.colcon_core.verb:set package 'lio_odom' build argument 'cmake_clean_cache' from command line to 'False'
[0.249s] Level 5:colcon.colcon_core.verb:set package 'lio_odom' build argument 'cmake_clean_first' from command line to 'False'
[0.249s] Level 5:colcon.colcon_core.verb:set package 'lio_odom' build argument 'cmake_force_configure' from command line to 'False'
[0.249s] Level 5:colcon.colcon_core.verb:set package 'lio_odom' build argument 'ament_cmake_args' from command line to 'None'
[0.249s] Level 5:colcon.colcon_core.verb:set package 'lio_odom' build argument 'catkin_cmake_args' from command line to 'None'
[0.249s] Level 5:colcon.colcon_core.verb:set package 'lio_odom' build argument 'catkin_skip_building_tests' from command line to 'False'
[0.249s] DEBUG:colcon.colcon_core.verb:Building package 'lio_odom' with the following arguments: {'ament_cmake_args': None, 'build_base': '/home/hy/ros_ws/fast_ws/build/lio_odom', 'catkin_cmake_args': None, 'catkin_skip_building_tests': False, 'cmake_args': None, 'cmake_clean_cache': False, 'cmake_clean_first': False, 'cmake_force_configure': False, 'cmake_target': None, 'cmake_target_skip_unavailable': False, 'install_base': '/home/hy/ros_ws/fast_ws/install/lio_odom', 'merge_install': False, 'path': '/home/hy/ros_ws/fast_ws/src/LIO_odom', 'symlink_install': True, 'test_result_base': None}
[0.249s] INFO:colcon.colcon_core.executor:Executing jobs using 'parallel' executor
[0.250s] DEBUG:colcon.colcon_parallel_executor.executor.parallel:run_until_complete
[0.250s] INFO:colcon.colcon_ros.task.ament_cmake.build:Building ROS package in '/home/hy/ros_ws/fast_ws/src/FAST_LIO' with build type 'ament_cmake'
[0.250s] INFO:colcon.colcon_cmake.task.cmake.build:Building CMake package in '/home/hy/ros_ws/fast_ws/src/FAST_LIO'
[0.251s] INFO:colcon.colcon_core.plugin_system:Skipping extension 'colcon_core.shell.bat': Not used on non-Windows systems
[0.251s] INFO:colcon.colcon_core.shell:Skip shell extension 'powershell' for command environment: Not usable outside of PowerShell
[0.251s] DEBUG:colcon.colcon_core.shell:Skip shell extension 'dsv' for command environment
[0.253s] INFO:colcon.colcon_ros.task.ament_cmake.build:Building ROS package in '/home/hy/ros_ws/fast_ws/src/LIO_odom' with build type 'ament_cmake'
[0.253s] INFO:colcon.colcon_cmake.task.cmake.build:Building CMake package in '/home/hy/ros_ws/fast_ws/src/LIO_odom'
[0.253s] INFO:colcon.colcon_core.shell:Skip shell extension 'powershell' for command environment: Not usable outside of PowerShell
[0.254s] DEBUG:colcon.colcon_core.shell:Skip shell extension 'dsv' for command environment
[0.258s] DEBUG:colcon.colcon_core.event_handler.log_command:Invoking command in '/home/hy/ros_ws/fast_ws/build/fast_lio': CMAKE_PREFIX_PATH=/opt/ros/humble:${CMAKE_PREFIX_PATH} /usr/bin/cmake --build /home/hy/ros_ws/fast_ws/build/fast_lio -- -j32 -l32
[0.261s] DEBUG:colcon.colcon_core.event_handler.log_command:Invoking command in '/home/hy/ros_ws/fast_ws/build/lio_odom': CMAKE_PREFIX_PATH=/opt/ros/humble:${CMAKE_PREFIX_PATH} /usr/bin/cmake /home/hy/ros_ws/fast_ws/src/LIO_odom -DAMENT_CMAKE_SYMLINK_INSTALL=1 -DCMAKE_INSTALL_PREFIX=/home/hy/ros_ws/fast_ws/install/lio_odom
[0.480s] DEBUG:colcon.colcon_core.event_handler.log_command:Invoked command in '/home/hy/ros_ws/fast_ws/build/fast_lio' returned '0': CMAKE_PREFIX_PATH=/opt/ros/humble:${CMAKE_PREFIX_PATH} /usr/bin/cmake --build /home/hy/ros_ws/fast_ws/build/fast_lio -- -j32 -l32
[0.488s] DEBUG:colcon.colcon_core.event_handler.log_command:Invoking command in '/home/hy/ros_ws/fast_ws/build/fast_lio': CMAKE_PREFIX_PATH=/opt/ros/humble:${CMAKE_PREFIX_PATH} /usr/bin/cmake --install /home/hy/ros_ws/fast_ws/build/fast_lio
[0.523s] Level 1:colcon.colcon_core.environment:create_environment_scripts_only(fast_lio)
[0.524s] DEBUG:colcon.colcon_core.event_handler.log_command:Invoked command in '/home/hy/ros_ws/fast_ws/build/fast_lio' returned '0': CMAKE_PREFIX_PATH=/opt/ros/humble:${CMAKE_PREFIX_PATH} /usr/bin/cmake --install /home/hy/ros_ws/fast_ws/build/fast_lio
[0.525s] Level 1:colcon.colcon_core.environment:checking '/home/hy/ros_ws/fast_ws/install/fast_lio' for CMake module files
[0.526s] Level 1:colcon.colcon_core.environment:checking '/home/hy/ros_ws/fast_ws/install/fast_lio' for CMake config files
[0.527s] Level 1:colcon.colcon_core.shell:create_environment_hook('fast_lio', 'cmake_prefix_path')
[0.527s] INFO:colcon.colcon_core.shell:Creating environment hook '/home/hy/ros_ws/fast_ws/install/fast_lio/share/fast_lio/hook/cmake_prefix_path.ps1'
[0.527s] INFO:colcon.colcon_core.shell:Creating environment descriptor '/home/hy/ros_ws/fast_ws/install/fast_lio/share/fast_lio/hook/cmake_prefix_path.dsv'
[0.527s] INFO:colcon.colcon_core.shell:Creating environment hook '/home/hy/ros_ws/fast_ws/install/fast_lio/share/fast_lio/hook/cmake_prefix_path.sh'
[0.528s] Level 1:colcon.colcon_core.environment:checking '/home/hy/ros_ws/fast_ws/install/fast_lio/lib'
[0.528s] Level 1:colcon.colcon_core.shell:create_environment_hook('fast_lio', 'ld_library_path_lib')
[0.528s] INFO:colcon.colcon_core.shell:Creating environment hook '/home/hy/ros_ws/fast_ws/install/fast_lio/share/fast_lio/hook/ld_library_path_lib.ps1'
[0.528s] INFO:colcon.colcon_core.shell:Creating environment descriptor '/home/hy/ros_ws/fast_ws/install/fast_lio/share/fast_lio/hook/ld_library_path_lib.dsv'
[0.528s] INFO:colcon.colcon_core.shell:Creating environment hook '/home/hy/ros_ws/fast_ws/install/fast_lio/share/fast_lio/hook/ld_library_path_lib.sh'
[0.528s] Level 1:colcon.colcon_core.environment:checking '/home/hy/ros_ws/fast_ws/install/fast_lio/bin'
[0.528s] Level 1:colcon.colcon_core.environment:checking '/home/hy/ros_ws/fast_ws/install/fast_lio/lib/pkgconfig/fast_lio.pc'
[0.528s] Level 1:colcon.colcon_core.environment:checking '/home/hy/ros_ws/fast_ws/install/fast_lio/lib/python3.10/site-packages'
[0.529s] Level 1:colcon.colcon_core.environment:checking '/home/hy/ros_ws/fast_ws/install/fast_lio/bin'
[0.529s] INFO:colcon.colcon_core.shell:Creating package script '/home/hy/ros_ws/fast_ws/install/fast_lio/share/fast_lio/package.ps1'
[0.529s] INFO:colcon.colcon_core.shell:Creating package descriptor '/home/hy/ros_ws/fast_ws/install/fast_lio/share/fast_lio/package.dsv'
[0.530s] INFO:colcon.colcon_core.shell:Creating package script '/home/hy/ros_ws/fast_ws/install/fast_lio/share/fast_lio/package.sh'
[0.530s] INFO:colcon.colcon_core.shell:Creating package script '/home/hy/ros_ws/fast_ws/install/fast_lio/share/fast_lio/package.bash'
[0.530s] INFO:colcon.colcon_core.shell:Creating package script '/home/hy/ros_ws/fast_ws/install/fast_lio/share/fast_lio/package.zsh'
[0.530s] Level 1:colcon.colcon_core.environment:create_file_with_runtime_dependencies(/home/hy/ros_ws/fast_ws/install/fast_lio/share/colcon-core/packages/fast_lio)
[0.531s] Level 1:colcon.colcon_core.environment:create_environment_scripts_only(fast_lio)
[0.531s] Level 1:colcon.colcon_core.environment:checking '/home/hy/ros_ws/fast_ws/install/fast_lio' for CMake module files
[0.531s] Level 1:colcon.colcon_core.environment:checking '/home/hy/ros_ws/fast_ws/install/fast_lio' for CMake config files
[0.531s] Level 1:colcon.colcon_core.shell:create_environment_hook('fast_lio', 'cmake_prefix_path')
[0.531s] INFO:colcon.colcon_core.shell:Creating environment hook '/home/hy/ros_ws/fast_ws/install/fast_lio/share/fast_lio/hook/cmake_prefix_path.ps1'
[0.532s] INFO:colcon.colcon_core.shell:Creating environment descriptor '/home/hy/ros_ws/fast_ws/install/fast_lio/share/fast_lio/hook/cmake_prefix_path.dsv'
[0.532s] INFO:colcon.colcon_core.shell:Creating environment hook '/home/hy/ros_ws/fast_ws/install/fast_lio/share/fast_lio/hook/cmake_prefix_path.sh'
[0.532s] Level 1:colcon.colcon_core.environment:checking '/home/hy/ros_ws/fast_ws/install/fast_lio/lib'
[0.532s] Level 1:colcon.colcon_core.shell:create_environment_hook('fast_lio', 'ld_library_path_lib')
[0.532s] INFO:colcon.colcon_core.shell:Creating environment hook '/home/hy/ros_ws/fast_ws/install/fast_lio/share/fast_lio/hook/ld_library_path_lib.ps1'
[0.532s] INFO:colcon.colcon_core.shell:Creating environment descriptor '/home/hy/ros_ws/fast_ws/install/fast_lio/share/fast_lio/hook/ld_library_path_lib.dsv'
[0.532s] INFO:colcon.colcon_core.shell:Creating environment hook '/home/hy/ros_ws/fast_ws/install/fast_lio/share/fast_lio/hook/ld_library_path_lib.sh'
[0.532s] Level 1:colcon.colcon_core.environment:checking '/home/hy/ros_ws/fast_ws/install/fast_lio/bin'
[0.532s] Level 1:colcon.colcon_core.environment:checking '/home/hy/ros_ws/fast_ws/install/fast_lio/lib/pkgconfig/fast_lio.pc'
[0.533s] Level 1:colcon.colcon_core.environment:checking '/home/hy/ros_ws/fast_ws/install/fast_lio/lib/python3.10/site-packages'
[0.533s] Level 1:colcon.colcon_core.environment:checking '/home/hy/ros_ws/fast_ws/install/fast_lio/bin'
[0.533s] INFO:colcon.colcon_core.shell:Creating package script '/home/hy/ros_ws/fast_ws/install/fast_lio/share/fast_lio/package.ps1'
[0.533s] INFO:colcon.colcon_core.shell:Creating package descriptor '/home/hy/ros_ws/fast_ws/install/fast_lio/share/fast_lio/package.dsv'
[0.533s] INFO:colcon.colcon_core.shell:Creating package script '/home/hy/ros_ws/fast_ws/install/fast_lio/share/fast_lio/package.sh'
[0.533s] INFO:colcon.colcon_core.shell:Creating package script '/home/hy/ros_ws/fast_ws/install/fast_lio/share/fast_lio/package.bash'
[0.534s] INFO:colcon.colcon_core.shell:Creating package script '/home/hy/ros_ws/fast_ws/install/fast_lio/share/fast_lio/package.zsh'
[0.534s] Level 1:colcon.colcon_core.environment:create_file_with_runtime_dependencies(/home/hy/ros_ws/fast_ws/install/fast_lio/share/colcon-core/packages/fast_lio)
[1.025s] DEBUG:colcon.colcon_core.event_handler.log_command:Invoked command in '/home/hy/ros_ws/fast_ws/build/lio_odom' returned '0': CMAKE_PREFIX_PATH=/opt/ros/humble:${CMAKE_PREFIX_PATH} /usr/bin/cmake /home/hy/ros_ws/fast_ws/src/LIO_odom -DAMENT_CMAKE_SYMLINK_INSTALL=1 -DCMAKE_INSTALL_PREFIX=/home/hy/ros_ws/fast_ws/install/lio_odom
[1.026s] DEBUG:colcon.colcon_core.event_handler.log_command:Invoking command in '/home/hy/ros_ws/fast_ws/build/lio_odom': CMAKE_PREFIX_PATH=/opt/ros/humble:${CMAKE_PREFIX_PATH} /usr/bin/cmake --build /home/hy/ros_ws/fast_ws/build/lio_odom -- -j32 -l32
[6.761s] DEBUG:colcon.colcon_core.event_handler.log_command:Invoked command in '/home/hy/ros_ws/fast_ws/build/lio_odom' returned '0': CMAKE_PREFIX_PATH=/opt/ros/humble:${CMAKE_PREFIX_PATH} /usr/bin/cmake --build /home/hy/ros_ws/fast_ws/build/lio_odom -- -j32 -l32
[6.762s] DEBUG:colcon.colcon_core.event_handler.log_command:Invoking command in '/home/hy/ros_ws/fast_ws/build/lio_odom': CMAKE_PREFIX_PATH=/opt/ros/humble:${CMAKE_PREFIX_PATH} /usr/bin/cmake --install /home/hy/ros_ws/fast_ws/build/lio_odom
[6.889s] Level 1:colcon.colcon_core.environment:create_environment_scripts_only(lio_odom)
[6.890s] Level 1:colcon.colcon_core.environment:checking '/home/hy/ros_ws/fast_ws/install/lio_odom' for CMake module files
[6.890s] DEBUG:colcon.colcon_core.event_handler.log_command:Invoked command in '/home/hy/ros_ws/fast_ws/build/lio_odom' returned '0': CMAKE_PREFIX_PATH=/opt/ros/humble:${CMAKE_PREFIX_PATH} /usr/bin/cmake --install /home/hy/ros_ws/fast_ws/build/lio_odom
[6.890s] Level 1:colcon.colcon_core.environment:checking '/home/hy/ros_ws/fast_ws/install/lio_odom' for CMake config files
[6.890s] Level 1:colcon.colcon_core.shell:create_environment_hook('lio_odom', 'cmake_prefix_path')
[6.891s] INFO:colcon.colcon_core.shell:Creating environment hook '/home/hy/ros_ws/fast_ws/install/lio_odom/share/lio_odom/hook/cmake_prefix_path.ps1'
[6.891s] INFO:colcon.colcon_core.shell:Creating environment descriptor '/home/hy/ros_ws/fast_ws/install/lio_odom/share/lio_odom/hook/cmake_prefix_path.dsv'
[6.891s] INFO:colcon.colcon_core.shell:Creating environment hook '/home/hy/ros_ws/fast_ws/install/lio_odom/share/lio_odom/hook/cmake_prefix_path.sh'
[6.891s] Level 1:colcon.colcon_core.environment:checking '/home/hy/ros_ws/fast_ws/install/lio_odom/lib'
[6.891s] Level 1:colcon.colcon_core.environment:checking '/home/hy/ros_ws/fast_ws/install/lio_odom/bin'
[6.891s] Level 1:colcon.colcon_core.environment:checking '/home/hy/ros_ws/fast_ws/install/lio_odom/lib/pkgconfig/lio_odom.pc'
[6.891s] Level 1:colcon.colcon_core.environment:checking '/home/hy/ros_ws/fast_ws/install/lio_odom/lib/python3.10/site-packages'
[6.891s] Level 1:colcon.colcon_core.environment:checking '/home/hy/ros_ws/fast_ws/install/lio_odom/bin'
[6.892s] INFO:colcon.colcon_core.shell:Creating package script '/home/hy/ros_ws/fast_ws/install/lio_odom/share/lio_odom/package.ps1'
[6.892s] INFO:colcon.colcon_core.shell:Creating package descriptor '/home/hy/ros_ws/fast_ws/install/lio_odom/share/lio_odom/package.dsv'
[6.892s] INFO:colcon.colcon_core.shell:Creating package script '/home/hy/ros_ws/fast_ws/install/lio_odom/share/lio_odom/package.sh'
[6.892s] INFO:colcon.colcon_core.shell:Creating package script '/home/hy/ros_ws/fast_ws/install/lio_odom/share/lio_odom/package.bash'
[6.892s] INFO:colcon.colcon_core.shell:Creating package script '/home/hy/ros_ws/fast_ws/install/lio_odom/share/lio_odom/package.zsh'
[6.892s] Level 1:colcon.colcon_core.environment:create_file_with_runtime_dependencies(/home/hy/ros_ws/fast_ws/install/lio_odom/share/colcon-core/packages/lio_odom)
[6.893s] Level 1:colcon.colcon_core.environment:create_environment_scripts_only(lio_odom)
[6.893s] Level 1:colcon.colcon_core.environment:checking '/home/hy/ros_ws/fast_ws/install/lio_odom' for CMake module files
[6.893s] Level 1:colcon.colcon_core.environment:checking '/home/hy/ros_ws/fast_ws/install/lio_odom' for CMake config files
[6.893s] Level 1:colcon.colcon_core.shell:create_environment_hook('lio_odom', 'cmake_prefix_path')
[6.893s] INFO:colcon.colcon_core.shell:Creating environment hook '/home/hy/ros_ws/fast_ws/install/lio_odom/share/lio_odom/hook/cmake_prefix_path.ps1'
[6.893s] INFO:colcon.colcon_core.shell:Creating environment descriptor '/home/hy/ros_ws/fast_ws/install/lio_odom/share/lio_odom/hook/cmake_prefix_path.dsv'
[6.893s] INFO:colcon.colcon_core.shell:Creating environment hook '/home/hy/ros_ws/fast_ws/install/lio_odom/share/lio_odom/hook/cmake_prefix_path.sh'
[6.894s] Level 1:colcon.colcon_core.environment:checking '/home/hy/ros_ws/fast_ws/install/lio_odom/lib'
[6.894s] Level 1:colcon.colcon_core.environment:checking '/home/hy/ros_ws/fast_ws/install/lio_odom/bin'
[6.894s] Level 1:colcon.colcon_core.environment:checking '/home/hy/ros_ws/fast_ws/install/lio_odom/lib/pkgconfig/lio_odom.pc'
[6.894s] Level 1:colcon.colcon_core.environment:checking '/home/hy/ros_ws/fast_ws/install/lio_odom/lib/python3.10/site-packages'
[6.894s] Level 1:colcon.colcon_core.environment:checking '/home/hy/ros_ws/fast_ws/install/lio_odom/bin'
[6.894s] INFO:colcon.colcon_core.shell:Creating package script '/home/hy/ros_ws/fast_ws/install/lio_odom/share/lio_odom/package.ps1'
[6.894s] INFO:colcon.colcon_core.shell:Creating package descriptor '/home/hy/ros_ws/fast_ws/install/lio_odom/share/lio_odom/package.dsv'
[6.894s] INFO:colcon.colcon_core.shell:Creating package script '/home/hy/ros_ws/fast_ws/install/lio_odom/share/lio_odom/package.sh'
[6.895s] INFO:colcon.colcon_core.shell:Creating package script '/home/hy/ros_ws/fast_ws/install/lio_odom/share/lio_odom/package.bash'
[6.895s] INFO:colcon.colcon_core.shell:Creating package script '/home/hy/ros_ws/fast_ws/install/lio_odom/share/lio_odom/package.zsh'
[6.895s] Level 1:colcon.colcon_core.environment:create_file_with_runtime_dependencies(/home/hy/ros_ws/fast_ws/install/lio_odom/share/colcon-core/packages/lio_odom)
[6.895s] DEBUG:colcon.colcon_parallel_executor.executor.parallel:closing loop
[6.895s] DEBUG:colcon.colcon_parallel_executor.executor.parallel:loop closed
[6.895s] DEBUG:colcon.colcon_parallel_executor.executor.parallel:run_until_complete finished with '0'
[6.895s] DEBUG:colcon.colcon_core.event_reactor:joining thread
[6.898s] INFO:colcon.colcon_core.plugin_system:Skipping extension 'colcon_notification.desktop_notification.terminal_notifier': Not used on non-Darwin systems
[6.898s] INFO:colcon.colcon_core.plugin_system:Skipping extension 'colcon_notification.desktop_notification.win32': Not used on non-Windows systems
[6.898s] INFO:colcon.colcon_notification.desktop_notification:Sending desktop notification using 'notify2'
[6.911s] DEBUG:colcon.colcon_core.event_reactor:joined thread
[6.912s] INFO:colcon.colcon_core.shell:Creating prefix script '/home/hy/ros_ws/fast_ws/install/local_setup.ps1'
[6.912s] INFO:colcon.colcon_core.shell:Creating prefix util module '/home/hy/ros_ws/fast_ws/install/_local_setup_util_ps1.py'
[6.913s] INFO:colcon.colcon_core.shell:Creating prefix chain script '/home/hy/ros_ws/fast_ws/install/setup.ps1'
[6.913s] INFO:colcon.colcon_core.shell:Creating prefix script '/home/hy/ros_ws/fast_ws/install/local_setup.sh'
[6.913s] INFO:colcon.colcon_core.shell:Creating prefix util module '/home/hy/ros_ws/fast_ws/install/_local_setup_util_sh.py'
[6.914s] INFO:colcon.colcon_core.shell:Creating prefix chain script '/home/hy/ros_ws/fast_ws/install/setup.sh'
[6.914s] INFO:colcon.colcon_core.shell:Creating prefix script '/home/hy/ros_ws/fast_ws/install/local_setup.bash'
[6.914s] INFO:colcon.colcon_core.shell:Creating prefix chain script '/home/hy/ros_ws/fast_ws/install/setup.bash'
[6.915s] INFO:colcon.colcon_core.shell:Creating prefix script '/home/hy/ros_ws/fast_ws/install/local_setup.zsh'
[6.915s] INFO:colcon.colcon_core.shell:Creating prefix chain script '/home/hy/ros_ws/fast_ws/install/setup.zsh'
