[0.006s] Invoking command in '/home/hy/ros_ws/fast_ws/build/lio_odom': CMAKE_PREFIX_PATH=/home/hy/ros_ws/fast_ws/install/lio_odom:/opt/ros/humble:/home/hy/ros_ws/fast_ws/install/fast_lio:/home/hy/ros_ws/livox_ws/install/livox_lidar_rosbag_converter:/home/hy/ros_ws/livox_ws/install/livox_ros_driver2 /usr/bin/cmake --build /home/hy/ros_ws/fast_ws/build/lio_odom -- -j32 -l32
[0.039s] [35m[1mConsolidate compiler generated dependencies of target odom_transformer[0m
[0.052s] [ 50%] [32mBuilding CXX object CMakeFiles/odom_transformer.dir/src/odom_transformer_node.cpp.o[0m
[5.844s] [100%] [32m[1mLinking CXX executable odom_transformer[0m
[5.957s] [100%] Built target odom_transformer
[5.971s] Invoked command in '/home/hy/ros_ws/fast_ws/build/lio_odom' returned '0': CMAKE_PREFIX_PATH=/home/hy/ros_ws/fast_ws/install/lio_odom:/opt/ros/humble:/home/hy/ros_ws/fast_ws/install/fast_lio:/home/hy/ros_ws/livox_ws/install/livox_lidar_rosbag_converter:/home/hy/ros_ws/livox_ws/install/livox_ros_driver2 /usr/bin/cmake --build /home/hy/ros_ws/fast_ws/build/lio_odom -- -j32 -l32
[5.980s] Invoking command in '/home/hy/ros_ws/fast_ws/build/lio_odom': CMAKE_PREFIX_PATH=/home/hy/ros_ws/fast_ws/install/lio_odom:/opt/ros/humble:/home/hy/ros_ws/fast_ws/install/fast_lio:/home/hy/ros_ws/livox_ws/install/livox_lidar_rosbag_converter:/home/hy/ros_ws/livox_ws/install/livox_ros_driver2 /usr/bin/cmake --install /home/hy/ros_ws/fast_ws/build/lio_odom
[5.989s] -- Install configuration: ""
[5.990s] -- Execute custom install script
[5.990s] -- Up-to-date symlink: /home/hy/ros_ws/fast_ws/install/lio_odom/lib/lio_odom/odom_transformer
[5.990s] -- Up-to-date symlink: /home/hy/ros_ws/fast_ws/install/lio_odom/share/lio_odom/launch/fast_lio_with_odom.launch.py
[5.991s] -- Up-to-date symlink: /home/hy/ros_ws/fast_ws/install/lio_odom/share/lio_odom/launch/minimal_odom.launch.py
[5.991s] -- Up-to-date symlink: /home/hy/ros_ws/fast_ws/install/lio_odom/share/lio_odom/launch/odom_transformer.launch.py
[5.991s] -- Up-to-date symlink: /home/hy/ros_ws/fast_ws/install/lio_odom/share/lio_odom/config/fast_lio_minimal.yaml
[5.991s] -- Up-to-date symlink: /home/hy/ros_ws/fast_ws/install/lio_odom/share/lio_odom/config/odom_transformer.yaml
[5.991s] -- Up-to-date symlink: /home/hy/ros_ws/fast_ws/install/lio_odom/share/ament_index/resource_index/package_run_dependencies/lio_odom
[5.991s] -- Up-to-date symlink: /home/hy/ros_ws/fast_ws/install/lio_odom/share/ament_index/resource_index/parent_prefix_path/lio_odom
[5.991s] -- Up-to-date symlink: /home/hy/ros_ws/fast_ws/install/lio_odom/share/lio_odom/environment/ament_prefix_path.sh
[5.991s] -- Up-to-date symlink: /home/hy/ros_ws/fast_ws/install/lio_odom/share/lio_odom/environment/ament_prefix_path.dsv
[5.991s] -- Up-to-date symlink: /home/hy/ros_ws/fast_ws/install/lio_odom/share/lio_odom/environment/path.sh
[5.991s] -- Up-to-date symlink: /home/hy/ros_ws/fast_ws/install/lio_odom/share/lio_odom/environment/path.dsv
[5.991s] -- Up-to-date symlink: /home/hy/ros_ws/fast_ws/install/lio_odom/share/lio_odom/local_setup.bash
[5.991s] -- Up-to-date symlink: /home/hy/ros_ws/fast_ws/install/lio_odom/share/lio_odom/local_setup.sh
[5.991s] -- Up-to-date symlink: /home/hy/ros_ws/fast_ws/install/lio_odom/share/lio_odom/local_setup.zsh
[5.992s] -- Up-to-date symlink: /home/hy/ros_ws/fast_ws/install/lio_odom/share/lio_odom/local_setup.dsv
[5.992s] -- Symlinking: /home/hy/ros_ws/fast_ws/install/lio_odom/share/lio_odom/package.dsv
[6.001s] -- Up-to-date symlink: /home/hy/ros_ws/fast_ws/install/lio_odom/share/ament_index/resource_index/packages/lio_odom
[6.001s] -- Up-to-date symlink: /home/hy/ros_ws/fast_ws/install/lio_odom/share/lio_odom/cmake/lio_odomConfig.cmake
[6.001s] -- Up-to-date symlink: /home/hy/ros_ws/fast_ws/install/lio_odom/share/lio_odom/cmake/lio_odomConfig-version.cmake
[6.001s] -- Up-to-date symlink: /home/hy/ros_ws/fast_ws/install/lio_odom/share/lio_odom/package.xml
[6.003s] Invoked command in '/home/hy/ros_ws/fast_ws/build/lio_odom' returned '0': CMAKE_PREFIX_PATH=/home/hy/ros_ws/fast_ws/install/lio_odom:/opt/ros/humble:/home/hy/ros_ws/fast_ws/install/fast_lio:/home/hy/ros_ws/livox_ws/install/livox_lidar_rosbag_converter:/home/hy/ros_ws/livox_ws/install/livox_ros_driver2 /usr/bin/cmake --install /home/hy/ros_ws/fast_ws/build/lio_odom
