[0.007s] Invoking command in '/home/hy/ros_ws/fast_ws/build/fast_lio': /usr/bin/cmake /home/hy/ros_ws/fast_ws/src/FAST_LIO -DCATKIN_INSTALL_INTO_PREFIX_ROOT=0 -DCATKIN_SYMLINK_INSTALL=ON -DCMAKE_INSTALL_PREFIX=/home/hy/ros_ws/fast_ws/install/fast_lio
[0.013s] [0mCMake Deprecation Warning at CMakeLists.txt:1 (cmake_minimum_required):
[0.013s]   Compatibility with CMake < 2.8.12 will be removed from a future version of
[0.013s]   CMake.
[0.013s] 
[0.013s]   Update the VERSION argument <min> value or use a ...<max> suffix to tell
[0.013s]   CMake that the project does not need compatibility with older versions.
[0.013s] 
[0.013s] [0m
[0.016s] [0mCurrent CPU archtecture: x86_64[0m
[0.020s] [0mProcesser number:  32[0m
[0.020s] [0mcore for MP: 3[0m
[0.024s] -- Found PythonLibs: /usr/lib/x86_64-linux-gnu/libpython3.10.so (found version "3.10.12") 
[0.029s] [31mCMake Error at CMakeLists.txt:45 (find_package):
[0.029s]   By not providing "Findcatkin.cmake" in CMAKE_MODULE_PATH this project has
[0.029s]   asked CMake to find a package configuration file provided by "catkin", but
[0.029s]   CMake did not find one.
[0.029s] 
[0.029s]   Could not find a package configuration file provided by "catkin" with any
[0.029s]   of the following names:
[0.029s] 
[0.029s]     catkinConfig.cmake
[0.029s]     catkin-config.cmake
[0.029s] 
[0.029s]   Add the installation prefix of "catkin" to CMAKE_PREFIX_PATH or set
[0.029s]   "catkin_DIR" to a directory containing one of the above files.  If "catkin"
[0.029s]   provides a separate development package or SDK, be sure it has been
[0.030s]   installed.
[0.030s] 
[0.030s] [0m
[0.030s] -- Configuring incomplete, errors occurred!
[0.030s] See also "/home/hy/ros_ws/fast_ws/build/fast_lio/CMakeFiles/CMakeOutput.log".
[0.031s] Invoked command in '/home/hy/ros_ws/fast_ws/build/fast_lio' returned '1': /usr/bin/cmake /home/hy/ros_ws/fast_ws/src/FAST_LIO -DCATKIN_INSTALL_INTO_PREFIX_ROOT=0 -DCATKIN_SYMLINK_INSTALL=ON -DCMAKE_INSTALL_PREFIX=/home/hy/ros_ws/fast_ws/install/fast_lio
