[0.007s] Invoking command in '/home/hy/ros_ws/fast_ws/build/fast_lio': CMAKE_PREFIX_PATH=${CMAKE_PREFIX_PATH}:/opt/ros/humble /usr/bin/cmake /home/hy/ros_ws/fast_ws/src/FAST_LIO -DAMENT_CMAKE_SYMLINK_INSTALL=1 -DCMAKE_INSTALL_PREFIX=/home/hy/ros_ws/fast_ws/install/fast_lio
[0.017s] [0mCurrent CPU archtecture: x86_64[0m
[0.020s] [0mProcesser number:  32[0m
[0.020s] [0mcore for MP: 3[0m
[0.023s] -- Found PythonLibs: /usr/lib/x86_64-linux-gnu/libpython3.10.so (found version "3.10.12") 
[0.023s] -- Found ament_cmake: 1.3.14 (/opt/ros/humble/share/ament_cmake/cmake)
[0.089s] -- Override CMake install command with custom implementation using symlinks instead of copying resources
[0.094s] -- Found rclcpp: 16.0.19 (/opt/ros/humble/share/rclcpp/cmake)
[0.107s] -- Found rosidl_generator_c: 3.1.8 (/opt/ros/humble/share/rosidl_generator_c/cmake)
[0.108s] -- Found rosidl_adapter: 3.1.8 (/opt/ros/humble/share/rosidl_adapter/cmake)
[0.111s] -- Found rosidl_generator_cpp: 3.1.8 (/opt/ros/humble/share/rosidl_generator_cpp/cmake)
[0.115s] -- Using all available rosidl_typesupport_c: rosidl_typesupport_fastrtps_c;rosidl_typesupport_introspection_c
[0.120s] -- Using all available rosidl_typesupport_cpp: rosidl_typesupport_fastrtps_cpp;rosidl_typesupport_introspection_cpp
[0.135s] -- Found rmw_implementation_cmake: 6.1.2 (/opt/ros/humble/share/rmw_implementation_cmake/cmake)
[0.135s] -- Found rmw_cyclonedds_cpp: 1.3.4 (/opt/ros/humble/share/rmw_cyclonedds_cpp/cmake)
[0.143s] -- Using RMW implementation 'rmw_cyclonedds_cpp' as default
[0.165s] -- Found rclcpp_components: 16.0.19 (/opt/ros/humble/share/rclcpp_components/cmake)
[0.174s] -- Found geometry_msgs: 4.9.1 (/opt/ros/humble/share/geometry_msgs/cmake)
[0.179s] -- Found nav_msgs: 4.9.1 (/opt/ros/humble/share/nav_msgs/cmake)
[0.187s] -- Found sensor_msgs: 4.9.1 (/opt/ros/humble/share/sensor_msgs/cmake)
[0.195s] -- Found std_srvs: 4.9.1 (/opt/ros/humble/share/std_srvs/cmake)
[0.198s] -- Found visualization_msgs: 4.9.1 (/opt/ros/humble/share/visualization_msgs/cmake)
[0.208s] -- Found pcl_ros: 2.4.5 (/opt/ros/humble/share/pcl_ros/cmake)
[0.229s] -- Eigen found (include: /usr/include/eigen3, version: 3.4.0)
[0.247s] -- FLANN found (include: /usr/include, lib: /usr/lib/x86_64-linux-gnu/libflann_cpp.so)
[0.437s] -- OpenNI found (version: 1.5.4.0, include: /usr/include/ni, lib: /usr/lib/libOpenNI.so;libusb::libusb)
[0.441s] -- OpenNI2 found (version: 2.2.0.33, include: /usr/include/openni2, lib: /usr/lib/x86_64-linux-gnu/libOpenNI2.so;libusb::libusb)
[0.531s] -- Eigen found (include: /usr/include/eigen3, version: 3.4.0)
[0.537s] -- OpenNI found (version: 1.5.4.0, include: /usr/include/ni, lib: /usr/lib/libOpenNI.so;libusb::libusb)
[0.542s] -- OpenNI2 found (version: 2.2.0.33, include: /usr/include/openni2, lib: /usr/lib/x86_64-linux-gnu/libOpenNI2.so;libusb::libusb)
[0.626s] -- Found Qhull version 8.0.2
[0.702s] -- OpenNI found (version: 1.5.4.0, include: /usr/include/ni, lib: /usr/lib/libOpenNI.so;libusb::libusb)
[0.788s] -- Found eigen3_cmake_module: 0.1.1 (/opt/ros/humble/share/eigen3_cmake_module/cmake)
[0.788s] -- Ensuring Eigen3 include directory is part of orocos-kdl CMake target
[0.817s] -- Found livox_ros_driver2: 1.0.0 (/home/hy/ros_ws/livox_ws/install/livox_ros_driver2/share/livox_ros_driver2/cmake)
[0.827s] -- Found rosidl_default_generators: 1.2.1 (/opt/ros/humble/share/rosidl_default_generators/cmake)
[0.833s] [33mCMake Warning (dev) at CMakeLists.txt:81 (find_package):
[0.833s]   Policy CMP0074 is not set: find_package uses <PackageName>_ROOT variables.
[0.833s]   Run "cmake --help-policy CMP0074" for policy details.  Use the cmake_policy
[0.833s]   command to set the policy and suppress this warning.
[0.833s] 
[0.833s]   CMake variable PCL_ROOT is set to:
[0.833s] 
[0.833s]     /usr
[0.833s] 
[0.833s]   For compatibility, CMake is ignoring the variable.
[0.833s] This warning is for project developers.  Use -Wno-dev to suppress it.
[0.833s] [0m
[0.837s] [0mEigen:/usr/include/eigen3[0m
[0.837s] -- PCL: /usr/include/pcl-1.12
[0.967s] -- Found ament_cmake_ros: 0.10.0 (/opt/ros/humble/share/ament_cmake_ros/cmake)
[1.142s] -- Using all available rosidl_typesupport_c: rosidl_typesupport_fastrtps_c;rosidl_typesupport_introspection_c
[1.206s] -- Using all available rosidl_typesupport_cpp: rosidl_typesupport_fastrtps_cpp;rosidl_typesupport_introspection_cpp
[1.221s] -- Found python_cmake_module: 0.10.0 (/opt/ros/humble/share/python_cmake_module/cmake)
[1.235s] -- Found PythonLibs: /usr/lib/x86_64-linux-gnu/libpython3.10.so (found suitable version "3.10.12", minimum required is "3.5") 
[1.235s] -- Using PYTHON_EXECUTABLE: /usr/bin/python3
[1.235s] -- Using PYTHON_INCLUDE_DIRS: /usr/include/python3.10
[1.235s] -- Using PYTHON_LIBRARIES: /usr/lib/x86_64-linux-gnu/libpython3.10.so
[1.289s] -- Configuring done
[1.337s] -- Generating done
[1.346s] -- Build files have been written to: /home/hy/ros_ws/fast_ws/build/fast_lio
[1.357s] Invoked command in '/home/hy/ros_ws/fast_ws/build/fast_lio' returned '0': CMAKE_PREFIX_PATH=${CMAKE_PREFIX_PATH}:/opt/ros/humble /usr/bin/cmake /home/hy/ros_ws/fast_ws/src/FAST_LIO -DAMENT_CMAKE_SYMLINK_INSTALL=1 -DCMAKE_INSTALL_PREFIX=/home/hy/ros_ws/fast_ws/install/fast_lio
[1.359s] Invoking command in '/home/hy/ros_ws/fast_ws/build/fast_lio': CMAKE_PREFIX_PATH=${CMAKE_PREFIX_PATH}:/opt/ros/humble /usr/bin/cmake --build /home/hy/ros_ws/fast_ws/build/fast_lio -- -j32 -l32
[1.393s] [  2%] [34m[1mGenerating C code for ROS interfaces[0m
[1.404s] [  8%] [34m[1mGenerating C++ code for ROS interfaces[0m
[1.404s] [  8%] [34m[1mGenerating Rust code for ROS interfaces[0m
[1.411s] [  8%] Built target ament_cmake_python_symlink_fast_lio
[1.534s] running egg_info
[1.534s] creating fast_lio.egg-info
[1.534s] writing fast_lio.egg-info/PKG-INFO
[1.534s] writing dependency_links to fast_lio.egg-info/dependency_links.txt
[1.534s] writing top-level names to fast_lio.egg-info/top_level.txt
[1.535s] writing manifest file 'fast_lio.egg-info/SOURCES.txt'
[1.536s] reading manifest file 'fast_lio.egg-info/SOURCES.txt'
[1.536s] writing manifest file 'fast_lio.egg-info/SOURCES.txt'
[1.553s] [  8%] Built target ament_cmake_python_build_fast_lio_egg
[1.563s] [ 11%] [32mBuilding C object CMakeFiles/fast_lio__rosidl_generator_c.dir/rosidl_generator_c/fast_lio/msg/detail/pose6_d__functions.c.o[0m
[1.572s] [ 11%] Built target fast_lio__cpp
[1.576s] [ 11%] Built target fast_lio__rs
[1.579s] [ 13%] [34m[1mGenerating C++ type support for eProsima Fast-RTPS[0m
[1.580s] [ 16%] [34m[1mGenerating C++ introspection for ROS interfaces[0m
[1.580s] [ 19%] [34m[1mGenerating C++ type support dispatch for ROS interfaces[0m
[1.635s] [ 22%] [32m[1mLinking C shared library libfast_lio__rosidl_generator_c.so[0m
[1.661s] [ 22%] Built target fast_lio__rosidl_generator_c
[1.668s] [ 25%] [34m[1mGenerating C introspection for ROS interfaces[0m
[1.669s] [ 27%] [34m[1mGenerating C type support for eProsima Fast-RTPS[0m
[1.669s] [ 30%] [34m[1mGenerating C type support dispatch for ROS interfaces[0m
[1.730s] [ 33%] [32mBuilding CXX object CMakeFiles/fast_lio__rosidl_typesupport_cpp.dir/rosidl_typesupport_cpp/fast_lio/msg/pose6_d__type_support.cpp.o[0m
[1.739s] [ 36%] [32mBuilding CXX object CMakeFiles/fast_lio__rosidl_typesupport_fastrtps_cpp.dir/rosidl_typesupport_fastrtps_cpp/fast_lio/msg/detail/dds_fastrtps/pose6_d__type_support.cpp.o[0m
[1.740s] [ 38%] [32mBuilding CXX object CMakeFiles/fast_lio__rosidl_typesupport_introspection_cpp.dir/rosidl_typesupport_introspection_cpp/fast_lio/msg/detail/pose6_d__type_support.cpp.o[0m
[1.820s] [ 41%] [32mBuilding CXX object CMakeFiles/fast_lio__rosidl_typesupport_c.dir/rosidl_typesupport_c/fast_lio/msg/pose6_d__type_support.cpp.o[0m
[1.830s] [ 44%] [32mBuilding C object CMakeFiles/fast_lio__rosidl_typesupport_introspection_c.dir/rosidl_typesupport_introspection_c/fast_lio/msg/detail/pose6_d__type_support.c.o[0m
[1.836s] [ 47%] [32mBuilding CXX object CMakeFiles/fast_lio__rosidl_typesupport_fastrtps_c.dir/rosidl_typesupport_fastrtps_c/fast_lio/msg/detail/pose6_d__type_support_c.cpp.o[0m
[1.844s] [ 50%] [32m[1mLinking CXX shared library libfast_lio__rosidl_typesupport_c.so[0m
[1.872s] [ 52%] [32m[1mLinking CXX shared library libfast_lio__rosidl_typesupport_cpp.so[0m
[1.873s] [ 52%] Built target fast_lio__rosidl_typesupport_c
[1.877s] [ 55%] [32m[1mLinking C shared library libfast_lio__rosidl_typesupport_introspection_c.so[0m
[1.899s] [ 55%] Built target fast_lio__rosidl_typesupport_cpp
[1.899s] [ 55%] Built target fast_lio__rosidl_typesupport_introspection_c
[1.916s] [ 63%] [32mBuilding CXX object CMakeFiles/fastlio_mapping.dir/src/laserMapping.cpp.o[0m
[1.916s] [ 63%] [32mBuilding CXX object CMakeFiles/fastlio_mapping.dir/include/ikd-Tree/ikd_Tree.cpp.o[0m
[1.916s] [ 63%] [32mBuilding CXX object CMakeFiles/fastlio_mapping.dir/src/preprocess.cpp.o[0m
[1.936s] [ 66%] [32m[1mLinking CXX shared library libfast_lio__rosidl_typesupport_fastrtps_cpp.so[0m
[1.938s] [ 69%] [32m[1mLinking CXX shared library libfast_lio__rosidl_typesupport_introspection_cpp.so[0m
[1.969s] [ 69%] Built target fast_lio__rosidl_typesupport_introspection_cpp
[1.986s] [ 69%] Built target fast_lio__rosidl_typesupport_fastrtps_cpp
[2.000s] [ 72%] [32m[1mLinking CXX shared library libfast_lio__rosidl_typesupport_fastrtps_c.so[0m
[2.048s] [ 72%] Built target fast_lio__rosidl_typesupport_fastrtps_c
[2.064s] [ 72%] Built target fast_lio
[2.079s] [ 75%] [34m[1mGenerating Python code for ROS interfaces[0m
[2.297s] [ 75%] Built target fast_lio__py
[2.313s] [ 77%] [32mBuilding C object CMakeFiles/fast_lio__rosidl_generator_py.dir/rosidl_generator_py/fast_lio/msg/_pose6_d_s.c.o[0m
[2.389s] [ 80%] [32m[1mLinking C shared library rosidl_generator_py/fast_lio/libfast_lio__rosidl_generator_py.so[0m
[2.419s] [ 80%] Built target fast_lio__rosidl_generator_py
[2.434s] [ 83%] [32mBuilding C object CMakeFiles/fast_lio__rosidl_typesupport_c__pyext.dir/rosidl_generator_py/fast_lio/_fast_lio_s.ep.rosidl_typesupport_c.c.o[0m
[2.434s] [ 86%] [32mBuilding C object CMakeFiles/fast_lio__rosidl_typesupport_fastrtps_c__pyext.dir/rosidl_generator_py/fast_lio/_fast_lio_s.ep.rosidl_typesupport_fastrtps_c.c.o[0m
[2.434s] [ 88%] [32mBuilding C object CMakeFiles/fast_lio__rosidl_typesupport_introspection_c__pyext.dir/rosidl_generator_py/fast_lio/_fast_lio_s.ep.rosidl_typesupport_introspection_c.c.o[0m
[2.496s] [ 94%] [32m[1mLinking C shared library rosidl_generator_py/fast_lio/fast_lio_s__rosidl_typesupport_c.cpython-310-x86_64-linux-gnu.so[0m
[2.497s] [ 94%] [32m[1mLinking C shared library rosidl_generator_py/fast_lio/fast_lio_s__rosidl_typesupport_fastrtps_c.cpython-310-x86_64-linux-gnu.so[0m
[2.524s] [ 97%] [32m[1mLinking C shared library rosidl_generator_py/fast_lio/fast_lio_s__rosidl_typesupport_introspection_c.cpython-310-x86_64-linux-gnu.so[0m
[2.524s] [ 97%] Built target fast_lio__rosidl_typesupport_c__pyext
[2.524s] [ 97%] Built target fast_lio__rosidl_typesupport_fastrtps_c__pyext
[2.551s] [ 97%] Built target fast_lio__rosidl_typesupport_introspection_c__pyext
[4.966s] In file included from [01m[K/usr/include/boost/smart_ptr/detail/sp_thread_sleep.hpp:22[m[K,
[4.967s]                  from [01m[K/usr/include/boost/smart_ptr/detail/yield_k.hpp:23[m[K,
[4.967s]                  from [01m[K/usr/include/boost/smart_ptr/detail/spinlock_gcc_atomic.hpp:14[m[K,
[4.967s]                  from [01m[K/usr/include/boost/smart_ptr/detail/spinlock.hpp:42[m[K,
[4.967s]                  from [01m[K/usr/include/boost/smart_ptr/detail/spinlock_pool.hpp:25[m[K,
[4.967s]                  from [01m[K/usr/include/boost/smart_ptr/shared_ptr.hpp:29[m[K,
[4.967s]                  from [01m[K/usr/include/boost/shared_ptr.hpp:17[m[K,
[4.967s]                  from [01m[K/usr/include/boost/date_time/microsec_time_clock.hpp:18[m[K,
[4.967s]                  from [01m[K/usr/include/boost/interprocess/detail/posix_time_types_wrk.hpp:31[m[K,
[4.967s]                  from [01m[K/usr/include/boost/interprocess/detail/os_thread_functions.hpp:36[m[K,
[4.967s]                  from [01m[K/usr/include/boost/interprocess/sync/file_lock.hpp:26[m[K,
[4.967s]                  from [01m[K/usr/include/pcl-1.12/pcl/io/pcd_io.h:46[m[K,
[4.967s]                  from [01m[K/opt/ros/humble/include/pcl_conversions/pcl_conversions/pcl_conversions.h:73[m[K,
[4.967s]                  from [01m[K/home/hy/ros_ws/fast_ws/src/FAST_LIO/src/IMU_Processing.hpp:18[m[K,
[4.967s]                  from [01m[K/home/hy/ros_ws/fast_ws/src/FAST_LIO/src/laserMapping.cpp:47[m[K:
[4.967s] [01m[K/usr/include/boost/bind.hpp:36:1:[m[K [01;36m[Knote: [m[K‘[01m[K#pragma message: The practice of declaring the Bind placeholders (_1, _2, ...) in the global namespace is deprecated. Please use <boost/bind/bind.hpp> + using namespace boost::placeholders, or define BOOST_BIND_GLOBAL_PLACEHOLDERS to retain the current behavior.[m[K’
[4.967s]    36 | [01;36m[KBOOST_PRAGMA_MESSAGE[m[K(
[4.967s]       | [01;36m[K^~~~~~~~~~~~~~~~~~~~[m[K
[34.077s] [100%] [32m[1mLinking CXX executable fastlio_mapping[0m
[34.659s] [100%] Built target fastlio_mapping
[34.669s] Invoked command in '/home/hy/ros_ws/fast_ws/build/fast_lio' returned '0': CMAKE_PREFIX_PATH=${CMAKE_PREFIX_PATH}:/opt/ros/humble /usr/bin/cmake --build /home/hy/ros_ws/fast_ws/build/fast_lio -- -j32 -l32
[34.676s] Invoking command in '/home/hy/ros_ws/fast_ws/build/fast_lio': CMAKE_PREFIX_PATH=${CMAKE_PREFIX_PATH}:/opt/ros/humble /usr/bin/cmake --install /home/hy/ros_ws/fast_ws/build/fast_lio
[34.681s] -- Install configuration: "Release"
[34.682s] -- Execute custom install script
[34.682s] -- Symlinking: /home/hy/ros_ws/fast_ws/install/fast_lio/share/ament_index/resource_index/rosidl_interfaces/fast_lio
[34.687s] -- Symlinking: /home/hy/ros_ws/fast_ws/install/fast_lio/include/fast_lio/fast_lio/msg/detail/pose6_d__functions.h
[34.693s] -- Symlinking: /home/hy/ros_ws/fast_ws/install/fast_lio/include/fast_lio/fast_lio/msg/detail/pose6_d__struct.h
[34.698s] -- Symlinking: /home/hy/ros_ws/fast_ws/install/fast_lio/include/fast_lio/fast_lio/msg/detail/pose6_d__type_support.h
[34.704s] -- Symlinking: /home/hy/ros_ws/fast_ws/install/fast_lio/include/fast_lio/fast_lio/msg/pose6_d.h
[34.711s] -- Symlinking: /home/hy/ros_ws/fast_ws/install/fast_lio/include/fast_lio/fast_lio/msg/rosidl_generator_c__visibility_control.h
[34.716s] -- Symlinking: /home/hy/ros_ws/fast_ws/install/fast_lio/share/fast_lio/environment/library_path.sh
[34.720s] -- Symlinking: /home/hy/ros_ws/fast_ws/install/fast_lio/share/fast_lio/environment/library_path.dsv
[34.727s] -- Symlinking: /home/hy/ros_ws/fast_ws/install/fast_lio/include/fast_lio/fast_lio/msg/detail/pose6_d__rosidl_typesupport_fastrtps_c.h
[34.731s] -- Symlinking: /home/hy/ros_ws/fast_ws/install/fast_lio/include/fast_lio/fast_lio/msg/rosidl_typesupport_fastrtps_c__visibility_control.h
[34.736s] -- Symlinking: /home/hy/ros_ws/fast_ws/install/fast_lio/include/fast_lio/fast_lio/msg/detail/pose6_d__builder.hpp
[34.742s] -- Symlinking: /home/hy/ros_ws/fast_ws/install/fast_lio/include/fast_lio/fast_lio/msg/detail/pose6_d__struct.hpp
[34.748s] -- Symlinking: /home/hy/ros_ws/fast_ws/install/fast_lio/include/fast_lio/fast_lio/msg/detail/pose6_d__traits.hpp
[34.752s] -- Symlinking: /home/hy/ros_ws/fast_ws/install/fast_lio/include/fast_lio/fast_lio/msg/detail/pose6_d__type_support.hpp
[34.758s] -- Symlinking: /home/hy/ros_ws/fast_ws/install/fast_lio/include/fast_lio/fast_lio/msg/pose6_d.hpp
[34.763s] -- Symlinking: /home/hy/ros_ws/fast_ws/install/fast_lio/include/fast_lio/fast_lio/msg/rosidl_generator_cpp__visibility_control.hpp
[34.768s] -- Symlinking: /home/hy/ros_ws/fast_ws/install/fast_lio/include/fast_lio/fast_lio/msg/detail/pose6_d__rosidl_typesupport_fastrtps_cpp.hpp
[34.772s] -- Symlinking: /home/hy/ros_ws/fast_ws/install/fast_lio/include/fast_lio/fast_lio/msg/rosidl_typesupport_fastrtps_cpp__visibility_control.h
[34.778s] -- Symlinking: /home/hy/ros_ws/fast_ws/install/fast_lio/include/fast_lio/fast_lio/msg/detail/pose6_d__rosidl_typesupport_introspection_c.h
[34.782s] -- Symlinking: /home/hy/ros_ws/fast_ws/install/fast_lio/include/fast_lio/fast_lio/msg/rosidl_typesupport_introspection_c__visibility_control.h
[34.788s] -- Symlinking: /home/hy/ros_ws/fast_ws/install/fast_lio/include/fast_lio/fast_lio/msg/detail/pose6_d__rosidl_typesupport_introspection_cpp.hpp
[34.794s] -- Symlinking: /home/hy/ros_ws/fast_ws/install/fast_lio/share/fast_lio/environment/pythonpath.sh
[34.799s] -- Symlinking: /home/hy/ros_ws/fast_ws/install/fast_lio/share/fast_lio/environment/pythonpath.dsv
[34.805s] -- Symlinking: /home/hy/ros_ws/fast_ws/install/fast_lio/local/lib/python3.10/dist-packages/fast_lio-0.0.0-py3.10.egg-info/PKG-INFO
[34.811s] -- Symlinking: /home/hy/ros_ws/fast_ws/install/fast_lio/local/lib/python3.10/dist-packages/fast_lio-0.0.0-py3.10.egg-info/SOURCES.txt
[34.816s] -- Symlinking: /home/hy/ros_ws/fast_ws/install/fast_lio/local/lib/python3.10/dist-packages/fast_lio-0.0.0-py3.10.egg-info/dependency_links.txt
[34.822s] -- Symlinking: /home/hy/ros_ws/fast_ws/install/fast_lio/local/lib/python3.10/dist-packages/fast_lio-0.0.0-py3.10.egg-info/top_level.txt
[34.828s] -- Symlinking: /home/hy/ros_ws/fast_ws/install/fast_lio/local/lib/python3.10/dist-packages/fast_lio/__init__.py
[34.835s] -- Symlinking: /home/hy/ros_ws/fast_ws/install/fast_lio/local/lib/python3.10/dist-packages/fast_lio/_fast_lio_s.ep.rosidl_typesupport_c.c
[34.841s] -- Symlinking: /home/hy/ros_ws/fast_ws/install/fast_lio/local/lib/python3.10/dist-packages/fast_lio/_fast_lio_s.ep.rosidl_typesupport_fastrtps_c.c
[34.845s] -- Symlinking: /home/hy/ros_ws/fast_ws/install/fast_lio/local/lib/python3.10/dist-packages/fast_lio/_fast_lio_s.ep.rosidl_typesupport_introspection_c.c
[34.850s] -- Symlinking: /home/hy/ros_ws/fast_ws/install/fast_lio/local/lib/python3.10/dist-packages/fast_lio/fast_lio_s__rosidl_typesupport_c.cpython-310-x86_64-linux-gnu.so
[34.856s] -- Symlinking: /home/hy/ros_ws/fast_ws/install/fast_lio/local/lib/python3.10/dist-packages/fast_lio/fast_lio_s__rosidl_typesupport_fastrtps_c.cpython-310-x86_64-linux-gnu.so
[34.861s] -- Symlinking: /home/hy/ros_ws/fast_ws/install/fast_lio/local/lib/python3.10/dist-packages/fast_lio/fast_lio_s__rosidl_typesupport_introspection_c.cpython-310-x86_64-linux-gnu.so
[34.867s] -- Symlinking: /home/hy/ros_ws/fast_ws/install/fast_lio/local/lib/python3.10/dist-packages/fast_lio/libfast_lio__rosidl_generator_py.so
[34.873s] -- Symlinking: /home/hy/ros_ws/fast_ws/install/fast_lio/local/lib/python3.10/dist-packages/fast_lio/msg/__init__.py
[34.878s] -- Symlinking: /home/hy/ros_ws/fast_ws/install/fast_lio/local/lib/python3.10/dist-packages/fast_lio/msg/_pose6_d.py
[34.883s] -- Symlinking: /home/hy/ros_ws/fast_ws/install/fast_lio/local/lib/python3.10/dist-packages/fast_lio/msg/_pose6_d_s.c
[34.889s] -- Up-to-date symlink: /home/hy/ros_ws/fast_ws/install/fast_lio/local/lib/python3.10/dist-packages/fast_lio/fast_lio_s__rosidl_typesupport_fastrtps_c.cpython-310-x86_64-linux-gnu.so
[34.889s] -- Up-to-date symlink: /home/hy/ros_ws/fast_ws/install/fast_lio/local/lib/python3.10/dist-packages/fast_lio/fast_lio_s__rosidl_typesupport_introspection_c.cpython-310-x86_64-linux-gnu.so
[34.889s] -- Up-to-date symlink: /home/hy/ros_ws/fast_ws/install/fast_lio/local/lib/python3.10/dist-packages/fast_lio/fast_lio_s__rosidl_typesupport_c.cpython-310-x86_64-linux-gnu.so
[34.889s] -- Symlinking: /home/hy/ros_ws/fast_ws/install/fast_lio/share/ament_index/resource_index/rust_packages/fast_lio
[34.894s] -- Symlinking: /home/hy/ros_ws/fast_ws/install/fast_lio/share/fast_lio/rust/Cargo.toml
[34.900s] -- Symlinking: /home/hy/ros_ws/fast_ws/install/fast_lio/share/fast_lio/rust/build.rs
[34.907s] -- Symlinking: /home/hy/ros_ws/fast_ws/install/fast_lio/share/fast_lio/rust/src/lib.rs
[34.912s] -- Symlinking: /home/hy/ros_ws/fast_ws/install/fast_lio/share/fast_lio/rust/src/msg.rs
[34.917s] -- Symlinking: /home/hy/ros_ws/fast_ws/install/fast_lio/share/fast_lio/rust/src/msg/rmw.rs
[34.923s] -- Symlinking: /home/hy/ros_ws/fast_ws/install/fast_lio/share/fast_lio/msg/Pose6D.idl
[34.927s] -- Symlinking: /home/hy/ros_ws/fast_ws/install/fast_lio/share/fast_lio/msg/Pose6D.msg
[34.932s] -- Symlinking: /home/hy/ros_ws/fast_ws/install/fast_lio/lib/fast_lio/fastlio_mapping
[34.938s] -- Symlinking: /home/hy/ros_ws/fast_ws/install/fast_lio/share/fast_lio/config/avia.yaml
[34.943s] -- Symlinking: /home/hy/ros_ws/fast_ws/install/fast_lio/share/fast_lio/config/horizon.yaml
[34.947s] -- Symlinking: /home/hy/ros_ws/fast_ws/install/fast_lio/share/fast_lio/config/mid360.yaml
[34.953s] -- Symlinking: /home/hy/ros_ws/fast_ws/install/fast_lio/share/fast_lio/config/ouster64.yaml
[34.959s] -- Symlinking: /home/hy/ros_ws/fast_ws/install/fast_lio/share/fast_lio/config/velodyne.yaml
[34.964s] -- Symlinking: /home/hy/ros_ws/fast_ws/install/fast_lio/share/fast_lio/launch/gdb_debug_example.launch
[34.970s] -- Symlinking: /home/hy/ros_ws/fast_ws/install/fast_lio/share/fast_lio/launch/mapping.launch.py
[34.975s] -- Symlinking: /home/hy/ros_ws/fast_ws/install/fast_lio/share/fast_lio/rviz/fastlio.rviz
[34.979s] -- Symlinking: /home/hy/ros_ws/fast_ws/install/fast_lio/share/ament_index/resource_index/package_run_dependencies/fast_lio
[34.985s] -- Symlinking: /home/hy/ros_ws/fast_ws/install/fast_lio/share/ament_index/resource_index/parent_prefix_path/fast_lio
[34.991s] -- Symlinking: /home/hy/ros_ws/fast_ws/install/fast_lio/share/fast_lio/environment/ament_prefix_path.sh
[34.996s] -- Symlinking: /home/hy/ros_ws/fast_ws/install/fast_lio/share/fast_lio/environment/ament_prefix_path.dsv
[35.004s] -- Symlinking: /home/hy/ros_ws/fast_ws/install/fast_lio/share/fast_lio/environment/path.sh
[35.009s] -- Symlinking: /home/hy/ros_ws/fast_ws/install/fast_lio/share/fast_lio/environment/path.dsv
[35.013s] -- Symlinking: /home/hy/ros_ws/fast_ws/install/fast_lio/share/fast_lio/local_setup.bash
[35.019s] -- Symlinking: /home/hy/ros_ws/fast_ws/install/fast_lio/share/fast_lio/local_setup.sh
[35.024s] -- Symlinking: /home/hy/ros_ws/fast_ws/install/fast_lio/share/fast_lio/local_setup.zsh
[35.029s] -- Symlinking: /home/hy/ros_ws/fast_ws/install/fast_lio/share/fast_lio/local_setup.dsv
[35.036s] -- Symlinking: /home/hy/ros_ws/fast_ws/install/fast_lio/share/fast_lio/package.dsv
[35.040s] -- Symlinking: /home/hy/ros_ws/fast_ws/install/fast_lio/share/ament_index/resource_index/packages/fast_lio
[35.045s] -- Symlinking: /home/hy/ros_ws/fast_ws/install/fast_lio/share/fast_lio/cmake/rosidl_cmake-extras.cmake
[35.051s] -- Symlinking: /home/hy/ros_ws/fast_ws/install/fast_lio/share/fast_lio/cmake/ament_cmake_export_include_directories-extras.cmake
[35.057s] -- Symlinking: /home/hy/ros_ws/fast_ws/install/fast_lio/share/fast_lio/cmake/ament_cmake_export_libraries-extras.cmake
[35.062s] -- Symlinking: /home/hy/ros_ws/fast_ws/install/fast_lio/share/fast_lio/cmake/ament_cmake_export_targets-extras.cmake
[35.068s] -- Symlinking: /home/hy/ros_ws/fast_ws/install/fast_lio/share/fast_lio/cmake/rosidl_cmake_export_typesupport_targets-extras.cmake
[35.073s] -- Symlinking: /home/hy/ros_ws/fast_ws/install/fast_lio/share/fast_lio/cmake/ament_cmake_export_dependencies-extras.cmake
[35.078s] -- Symlinking: /home/hy/ros_ws/fast_ws/install/fast_lio/share/fast_lio/cmake/rosidl_cmake_export_typesupport_libraries-extras.cmake
[35.084s] -- Symlinking: /home/hy/ros_ws/fast_ws/install/fast_lio/share/fast_lio/cmake/fast_lioConfig.cmake
[35.090s] -- Symlinking: /home/hy/ros_ws/fast_ws/install/fast_lio/share/fast_lio/cmake/fast_lioConfig-version.cmake
[35.094s] -- Symlinking: /home/hy/ros_ws/fast_ws/install/fast_lio/share/fast_lio/package.xml
[35.101s] -- Installing: /home/hy/ros_ws/fast_ws/install/fast_lio/lib/libfast_lio__rosidl_generator_c.so
[35.101s] -- Set runtime path of "/home/hy/ros_ws/fast_ws/install/fast_lio/lib/libfast_lio__rosidl_generator_c.so" to ""
[35.101s] -- Installing: /home/hy/ros_ws/fast_ws/install/fast_lio/lib/libfast_lio__rosidl_typesupport_fastrtps_c.so
[35.101s] -- Set runtime path of "/home/hy/ros_ws/fast_ws/install/fast_lio/lib/libfast_lio__rosidl_typesupport_fastrtps_c.so" to ""
[35.101s] -- Installing: /home/hy/ros_ws/fast_ws/install/fast_lio/lib/libfast_lio__rosidl_typesupport_fastrtps_cpp.so
[35.101s] -- Set runtime path of "/home/hy/ros_ws/fast_ws/install/fast_lio/lib/libfast_lio__rosidl_typesupport_fastrtps_cpp.so" to ""
[35.101s] -- Installing: /home/hy/ros_ws/fast_ws/install/fast_lio/lib/libfast_lio__rosidl_typesupport_introspection_c.so
[35.101s] -- Set runtime path of "/home/hy/ros_ws/fast_ws/install/fast_lio/lib/libfast_lio__rosidl_typesupport_introspection_c.so" to ""
[35.101s] -- Installing: /home/hy/ros_ws/fast_ws/install/fast_lio/lib/libfast_lio__rosidl_typesupport_c.so
[35.101s] -- Set runtime path of "/home/hy/ros_ws/fast_ws/install/fast_lio/lib/libfast_lio__rosidl_typesupport_c.so" to ""
[35.101s] -- Installing: /home/hy/ros_ws/fast_ws/install/fast_lio/lib/libfast_lio__rosidl_typesupport_introspection_cpp.so
[35.101s] -- Set runtime path of "/home/hy/ros_ws/fast_ws/install/fast_lio/lib/libfast_lio__rosidl_typesupport_introspection_cpp.so" to ""
[35.101s] -- Installing: /home/hy/ros_ws/fast_ws/install/fast_lio/lib/libfast_lio__rosidl_typesupport_cpp.so
[35.101s] -- Set runtime path of "/home/hy/ros_ws/fast_ws/install/fast_lio/lib/libfast_lio__rosidl_typesupport_cpp.so" to ""
[35.122s] Listing '/home/hy/ros_ws/fast_ws/install/fast_lio/local/lib/python3.10/dist-packages/fast_lio'...
[35.122s] Compiling '/home/hy/ros_ws/fast_ws/install/fast_lio/local/lib/python3.10/dist-packages/fast_lio/__init__.py'...
[35.122s] Listing '/home/hy/ros_ws/fast_ws/install/fast_lio/local/lib/python3.10/dist-packages/fast_lio/msg'...
[35.122s] Compiling '/home/hy/ros_ws/fast_ws/install/fast_lio/local/lib/python3.10/dist-packages/fast_lio/msg/__init__.py'...
[35.122s] Compiling '/home/hy/ros_ws/fast_ws/install/fast_lio/local/lib/python3.10/dist-packages/fast_lio/msg/_pose6_d.py'...
[35.124s] -- Installing: /home/hy/ros_ws/fast_ws/install/fast_lio/lib/libfast_lio__rosidl_generator_py.so
[35.124s] -- Set runtime path of "/home/hy/ros_ws/fast_ws/install/fast_lio/lib/libfast_lio__rosidl_generator_py.so" to ""
[35.124s] -- Installing: /home/hy/ros_ws/fast_ws/install/fast_lio/share/fast_lio/cmake/export_fast_lio__rosidl_generator_cExport.cmake
[35.124s] -- Installing: /home/hy/ros_ws/fast_ws/install/fast_lio/share/fast_lio/cmake/export_fast_lio__rosidl_generator_cExport-release.cmake
[35.124s] -- Installing: /home/hy/ros_ws/fast_ws/install/fast_lio/share/fast_lio/cmake/export_fast_lio__rosidl_typesupport_fastrtps_cExport.cmake
[35.124s] -- Installing: /home/hy/ros_ws/fast_ws/install/fast_lio/share/fast_lio/cmake/export_fast_lio__rosidl_typesupport_fastrtps_cExport-release.cmake
[35.124s] -- Installing: /home/hy/ros_ws/fast_ws/install/fast_lio/share/fast_lio/cmake/export_fast_lio__rosidl_generator_cppExport.cmake
[35.124s] -- Installing: /home/hy/ros_ws/fast_ws/install/fast_lio/share/fast_lio/cmake/export_fast_lio__rosidl_typesupport_fastrtps_cppExport.cmake
[35.124s] -- Installing: /home/hy/ros_ws/fast_ws/install/fast_lio/share/fast_lio/cmake/export_fast_lio__rosidl_typesupport_fastrtps_cppExport-release.cmake
[35.124s] -- Installing: /home/hy/ros_ws/fast_ws/install/fast_lio/share/fast_lio/cmake/fast_lio__rosidl_typesupport_introspection_cExport.cmake
[35.125s] -- Installing: /home/hy/ros_ws/fast_ws/install/fast_lio/share/fast_lio/cmake/fast_lio__rosidl_typesupport_introspection_cExport-release.cmake
[35.125s] -- Installing: /home/hy/ros_ws/fast_ws/install/fast_lio/share/fast_lio/cmake/fast_lio__rosidl_typesupport_cExport.cmake
[35.125s] -- Installing: /home/hy/ros_ws/fast_ws/install/fast_lio/share/fast_lio/cmake/fast_lio__rosidl_typesupport_cExport-release.cmake
[35.125s] -- Installing: /home/hy/ros_ws/fast_ws/install/fast_lio/share/fast_lio/cmake/fast_lio__rosidl_typesupport_introspection_cppExport.cmake
[35.125s] -- Installing: /home/hy/ros_ws/fast_ws/install/fast_lio/share/fast_lio/cmake/fast_lio__rosidl_typesupport_introspection_cppExport-release.cmake
[35.125s] -- Installing: /home/hy/ros_ws/fast_ws/install/fast_lio/share/fast_lio/cmake/fast_lio__rosidl_typesupport_cppExport.cmake
[35.125s] -- Installing: /home/hy/ros_ws/fast_ws/install/fast_lio/share/fast_lio/cmake/fast_lio__rosidl_typesupport_cppExport-release.cmake
[35.125s] -- Installing: /home/hy/ros_ws/fast_ws/install/fast_lio/share/fast_lio/cmake/export_fast_lio__rosidl_generator_pyExport.cmake
[35.125s] -- Installing: /home/hy/ros_ws/fast_ws/install/fast_lio/share/fast_lio/cmake/export_fast_lio__rosidl_generator_pyExport-release.cmake
[35.127s] Invoked command in '/home/hy/ros_ws/fast_ws/build/fast_lio' returned '0': CMAKE_PREFIX_PATH=${CMAKE_PREFIX_PATH}:/opt/ros/humble /usr/bin/cmake --install /home/hy/ros_ws/fast_ws/build/fast_lio
