[0.009s] Invoking command in '/home/hy/ros_ws/fast_ws/build/fast_lio': CMAKE_PREFIX_PATH=${CMAKE_PREFIX_PATH}:/opt/ros/humble /usr/bin/cmake /home/hy/ros_ws/fast_ws/src/FAST_LIO -DAMENT_CMAKE_SYMLINK_INSTALL=1 -DCMAKE_INSTALL_PREFIX=/home/hy/ros_ws/fast_ws/install/fast_lio
[0.029s] [0mCurrent CPU archtecture: x86_64[0m
[0.033s] [0mProcesser number:  32[0m
[0.034s] [0mcore for MP: 3[0m
[0.039s] -- Found PythonLibs: /usr/lib/x86_64-linux-gnu/libpython3.10.so (found version "3.10.12") 
[0.041s] -- Found ament_cmake: 1.3.14 (/opt/ros/humble/share/ament_cmake/cmake)
[0.113s] -- Override CMake install command with custom implementation using symlinks instead of copying resources
[0.125s] -- Found rclcpp: 16.0.19 (/opt/ros/humble/share/rclcpp/cmake)
[0.146s] -- Found rosidl_generator_c: 3.1.8 (/opt/ros/humble/share/rosidl_generator_c/cmake)
[0.147s] -- Found rosidl_adapter: 3.1.8 (/opt/ros/humble/share/rosidl_adapter/cmake)
[0.151s] -- Found rosidl_generator_cpp: 3.1.8 (/opt/ros/humble/share/rosidl_generator_cpp/cmake)
[0.157s] -- Using all available rosidl_typesupport_c: rosidl_typesupport_fastrtps_c;rosidl_typesupport_introspection_c
[0.164s] -- Using all available rosidl_typesupport_cpp: rosidl_typesupport_fastrtps_cpp;rosidl_typesupport_introspection_cpp
[0.184s] -- Found rmw_implementation_cmake: 6.1.2 (/opt/ros/humble/share/rmw_implementation_cmake/cmake)
[0.185s] -- Found rmw_cyclonedds_cpp: 1.3.4 (/opt/ros/humble/share/rmw_cyclonedds_cpp/cmake)
[0.197s] -- Using RMW implementation 'rmw_cyclonedds_cpp' as default
[0.225s] -- Found rclcpp_components: 16.0.19 (/opt/ros/humble/share/rclcpp_components/cmake)
[0.237s] -- Found geometry_msgs: 4.9.1 (/opt/ros/humble/share/geometry_msgs/cmake)
[0.244s] -- Found nav_msgs: 4.9.1 (/opt/ros/humble/share/nav_msgs/cmake)
[0.253s] -- Found sensor_msgs: 4.9.1 (/opt/ros/humble/share/sensor_msgs/cmake)
[0.262s] -- Found std_srvs: 4.9.1 (/opt/ros/humble/share/std_srvs/cmake)
[0.268s] -- Found visualization_msgs: 4.9.1 (/opt/ros/humble/share/visualization_msgs/cmake)
[0.278s] -- Found pcl_ros: 2.4.5 (/opt/ros/humble/share/pcl_ros/cmake)
[0.303s] -- Eigen found (include: /usr/include/eigen3, version: 3.4.0)
[0.325s] -- FLANN found (include: /usr/include, lib: /usr/lib/x86_64-linux-gnu/libflann_cpp.so)
[0.563s] -- OpenNI found (version: 1.5.4.0, include: /usr/include/ni, lib: /usr/lib/libOpenNI.so;libusb::libusb)
[0.567s] -- OpenNI2 found (version: 2.2.0.33, include: /usr/include/openni2, lib: /usr/lib/x86_64-linux-gnu/libOpenNI2.so;libusb::libusb)
[0.656s] -- Eigen found (include: /usr/include/eigen3, version: 3.4.0)
[0.660s] -- OpenNI found (version: 1.5.4.0, include: /usr/include/ni, lib: /usr/lib/libOpenNI.so;libusb::libusb)
[0.664s] -- OpenNI2 found (version: 2.2.0.33, include: /usr/include/openni2, lib: /usr/lib/x86_64-linux-gnu/libOpenNI2.so;libusb::libusb)
[0.743s] -- Found Qhull version 8.0.2
[0.820s] -- OpenNI found (version: 1.5.4.0, include: /usr/include/ni, lib: /usr/lib/libOpenNI.so;libusb::libusb)
[0.920s] -- Found eigen3_cmake_module: 0.1.1 (/opt/ros/humble/share/eigen3_cmake_module/cmake)
[0.920s] -- Ensuring Eigen3 include directory is part of orocos-kdl CMake target
[0.954s] -- Found livox_ros_driver2: 1.0.0 (/home/hy/ros_ws/livox_ws/install/livox_ros_driver2/share/livox_ros_driver2/cmake)
[0.964s] -- Found rosidl_default_generators: 1.2.1 (/opt/ros/humble/share/rosidl_default_generators/cmake)
[0.970s] [33mCMake Warning (dev) at CMakeLists.txt:81 (find_package):
[0.970s]   Policy CMP0074 is not set: find_package uses <PackageName>_ROOT variables.
[0.970s]   Run "cmake --help-policy CMP0074" for policy details.  Use the cmake_policy
[0.970s]   command to set the policy and suppress this warning.
[0.970s] 
[0.970s]   CMake variable PCL_ROOT is set to:
[0.970s] 
[0.970s]     /usr
[0.971s] 
[0.971s]   For compatibility, CMake is ignoring the variable.
[0.971s] This warning is for project developers.  Use -Wno-dev to suppress it.
[0.971s] [0m
[0.975s] [0mEigen:/usr/include/eigen3[0m
[0.975s] -- PCL: /usr/include/pcl-1.12
[1.105s] -- Found ament_cmake_ros: 0.10.0 (/opt/ros/humble/share/ament_cmake_ros/cmake)
[1.276s] -- Using all available rosidl_typesupport_c: rosidl_typesupport_fastrtps_c;rosidl_typesupport_introspection_c
[1.342s] -- Using all available rosidl_typesupport_cpp: rosidl_typesupport_fastrtps_cpp;rosidl_typesupport_introspection_cpp
[1.355s] -- Found python_cmake_module: 0.10.0 (/opt/ros/humble/share/python_cmake_module/cmake)
[1.367s] -- Found PythonLibs: /usr/lib/x86_64-linux-gnu/libpython3.10.so (found suitable version "3.10.12", minimum required is "3.5") 
[1.367s] -- Using PYTHON_EXECUTABLE: /usr/bin/python3
[1.367s] -- Using PYTHON_INCLUDE_DIRS: /usr/include/python3.10
[1.367s] -- Using PYTHON_LIBRARIES: /usr/lib/x86_64-linux-gnu/libpython3.10.so
[1.426s] -- Configuring done
[1.469s] -- Generating done
[1.478s] -- Build files have been written to: /home/hy/ros_ws/fast_ws/build/fast_lio
[1.488s] Invoked command in '/home/hy/ros_ws/fast_ws/build/fast_lio' returned '0': CMAKE_PREFIX_PATH=${CMAKE_PREFIX_PATH}:/opt/ros/humble /usr/bin/cmake /home/hy/ros_ws/fast_ws/src/FAST_LIO -DAMENT_CMAKE_SYMLINK_INSTALL=1 -DCMAKE_INSTALL_PREFIX=/home/hy/ros_ws/fast_ws/install/fast_lio
[1.490s] Invoking command in '/home/hy/ros_ws/fast_ws/build/fast_lio': CMAKE_PREFIX_PATH=${CMAKE_PREFIX_PATH}:/opt/ros/humble /usr/bin/cmake --build /home/hy/ros_ws/fast_ws/build/fast_lio -- -j32 -l32
[1.525s] [35m[1mConsolidate compiler generated dependencies of target fast_lio__rosidl_generator_c[0m
[1.535s] [  5%] Built target fast_lio__cpp
[1.535s] [  5%] Built target fast_lio__rs
[1.535s] [ 13%] Built target fast_lio__rosidl_generator_c
[1.542s] [ 13%] Built target ament_cmake_python_symlink_fast_lio
[1.543s] [35m[1mConsolidate compiler generated dependencies of target fast_lio__rosidl_typesupport_fastrtps_c[0m
[1.543s] [35m[1mConsolidate compiler generated dependencies of target fast_lio__rosidl_typesupport_introspection_c[0m
[1.544s] [35m[1mConsolidate compiler generated dependencies of target fast_lio__rosidl_typesupport_fastrtps_cpp[0m
[1.544s] [35m[1mConsolidate compiler generated dependencies of target fast_lio__rosidl_typesupport_c[0m
[1.544s] [35m[1mConsolidate compiler generated dependencies of target fast_lio__rosidl_typesupport_introspection_cpp[0m
[1.544s] [35m[1mConsolidate compiler generated dependencies of target fast_lio__rosidl_typesupport_cpp[0m
[1.553s] [ 38%] Built target fast_lio__rosidl_typesupport_introspection_cpp
[1.553s] [ 38%] Built target fast_lio__rosidl_typesupport_c
[1.553s] [ 38%] Built target fast_lio__rosidl_typesupport_introspection_c
[1.553s] [ 47%] Built target fast_lio__rosidl_typesupport_fastrtps_c
[1.553s] [ 55%] Built target fast_lio__rosidl_typesupport_fastrtps_cpp
[1.554s] [ 63%] Built target fast_lio__rosidl_typesupport_cpp
[1.566s] [35m[1mConsolidate compiler generated dependencies of target fastlio_mapping[0m
[1.570s] [ 63%] Built target fast_lio
[1.584s] [ 66%] Built target fast_lio__py
[1.591s] [35m[1mConsolidate compiler generated dependencies of target fast_lio__rosidl_generator_py[0m
[1.594s] [ 69%] [32mBuilding CXX object CMakeFiles/fastlio_mapping.dir/src/laserMapping.cpp.o[0m
[1.595s] [ 72%] [32mBuilding CXX object CMakeFiles/fastlio_mapping.dir/src/preprocess.cpp.o[0m
[1.600s] [ 77%] Built target fast_lio__rosidl_generator_py
[1.608s] [35m[1mConsolidate compiler generated dependencies of target fast_lio__rosidl_typesupport_fastrtps_c__pyext[0m
[1.608s] [35m[1mConsolidate compiler generated dependencies of target fast_lio__rosidl_typesupport_c__pyext[0m
[1.608s] [35m[1mConsolidate compiler generated dependencies of target fast_lio__rosidl_typesupport_introspection_c__pyext[0m
[1.619s] [ 83%] Built target fast_lio__rosidl_typesupport_introspection_c__pyext
[1.619s] [ 88%] Built target fast_lio__rosidl_typesupport_c__pyext
[1.619s] [ 94%] Built target fast_lio__rosidl_typesupport_fastrtps_c__pyext
[1.668s] running egg_info
[1.668s] writing fast_lio.egg-info/PKG-INFO
[1.668s] writing dependency_links to fast_lio.egg-info/dependency_links.txt
[1.668s] writing top-level names to fast_lio.egg-info/top_level.txt
[1.669s] reading manifest file 'fast_lio.egg-info/SOURCES.txt'
[1.670s] writing manifest file 'fast_lio.egg-info/SOURCES.txt'
[1.684s] [ 94%] Built target ament_cmake_python_build_fast_lio_egg
[4.650s] In file included from [01m[K/usr/include/boost/smart_ptr/detail/sp_thread_sleep.hpp:22[m[K,
[4.650s]                  from [01m[K/usr/include/boost/smart_ptr/detail/yield_k.hpp:23[m[K,
[4.650s]                  from [01m[K/usr/include/boost/smart_ptr/detail/spinlock_gcc_atomic.hpp:14[m[K,
[4.650s]                  from [01m[K/usr/include/boost/smart_ptr/detail/spinlock.hpp:42[m[K,
[4.650s]                  from [01m[K/usr/include/boost/smart_ptr/detail/spinlock_pool.hpp:25[m[K,
[4.650s]                  from [01m[K/usr/include/boost/smart_ptr/shared_ptr.hpp:29[m[K,
[4.650s]                  from [01m[K/usr/include/boost/shared_ptr.hpp:17[m[K,
[4.650s]                  from [01m[K/usr/include/boost/date_time/microsec_time_clock.hpp:18[m[K,
[4.650s]                  from [01m[K/usr/include/boost/interprocess/detail/posix_time_types_wrk.hpp:31[m[K,
[4.650s]                  from [01m[K/usr/include/boost/interprocess/detail/os_thread_functions.hpp:36[m[K,
[4.650s]                  from [01m[K/usr/include/boost/interprocess/sync/file_lock.hpp:26[m[K,
[4.650s]                  from [01m[K/usr/include/pcl-1.12/pcl/io/pcd_io.h:46[m[K,
[4.650s]                  from [01m[K/opt/ros/humble/include/pcl_conversions/pcl_conversions/pcl_conversions.h:73[m[K,
[4.650s]                  from [01m[K/home/hy/ros_ws/fast_ws/src/FAST_LIO/src/IMU_Processing.hpp:18[m[K,
[4.650s]                  from [01m[K/home/hy/ros_ws/fast_ws/src/FAST_LIO/src/laserMapping.cpp:47[m[K:
[4.650s] [01m[K/usr/include/boost/bind.hpp:36:1:[m[K [01;36m[Knote: [m[K‘[01m[K#pragma message: The practice of declaring the Bind placeholders (_1, _2, ...) in the global namespace is deprecated. Please use <boost/bind/bind.hpp> + using namespace boost::placeholders, or define BOOST_BIND_GLOBAL_PLACEHOLDERS to retain the current behavior.[m[K’
[4.650s]    36 | [01;36m[KBOOST_PRAGMA_MESSAGE[m[K(
[4.650s]       | [01;36m[K^~~~~~~~~~~~~~~~~~~~[m[K
[34.190s] [ 97%] [32m[1mLinking CXX executable fastlio_mapping[0m
[34.758s] [100%] Built target fastlio_mapping
[34.768s] Invoked command in '/home/hy/ros_ws/fast_ws/build/fast_lio' returned '0': CMAKE_PREFIX_PATH=${CMAKE_PREFIX_PATH}:/opt/ros/humble /usr/bin/cmake --build /home/hy/ros_ws/fast_ws/build/fast_lio -- -j32 -l32
[34.774s] Invoking command in '/home/hy/ros_ws/fast_ws/build/fast_lio': CMAKE_PREFIX_PATH=${CMAKE_PREFIX_PATH}:/opt/ros/humble /usr/bin/cmake --install /home/hy/ros_ws/fast_ws/build/fast_lio
[34.779s] -- Install configuration: "Release"
[34.779s] -- Execute custom install script
[34.779s] -- Up-to-date symlink: /home/hy/ros_ws/fast_ws/install/fast_lio/share/ament_index/resource_index/rosidl_interfaces/fast_lio
[34.780s] -- Up-to-date symlink: /home/hy/ros_ws/fast_ws/install/fast_lio/include/fast_lio/fast_lio/msg/detail/pose6_d__functions.h
[34.780s] -- Up-to-date symlink: /home/hy/ros_ws/fast_ws/install/fast_lio/include/fast_lio/fast_lio/msg/detail/pose6_d__struct.h
[34.780s] -- Up-to-date symlink: /home/hy/ros_ws/fast_ws/install/fast_lio/include/fast_lio/fast_lio/msg/detail/pose6_d__type_support.h
[34.780s] -- Up-to-date symlink: /home/hy/ros_ws/fast_ws/install/fast_lio/include/fast_lio/fast_lio/msg/pose6_d.h
[34.780s] -- Up-to-date symlink: /home/hy/ros_ws/fast_ws/install/fast_lio/include/fast_lio/fast_lio/msg/rosidl_generator_c__visibility_control.h
[34.780s] -- Up-to-date symlink: /home/hy/ros_ws/fast_ws/install/fast_lio/share/fast_lio/environment/library_path.sh
[34.780s] -- Up-to-date symlink: /home/hy/ros_ws/fast_ws/install/fast_lio/share/fast_lio/environment/library_path.dsv
[34.780s] -- Up-to-date symlink: /home/hy/ros_ws/fast_ws/install/fast_lio/include/fast_lio/fast_lio/msg/detail/pose6_d__rosidl_typesupport_fastrtps_c.h
[34.780s] -- Up-to-date symlink: /home/hy/ros_ws/fast_ws/install/fast_lio/include/fast_lio/fast_lio/msg/rosidl_typesupport_fastrtps_c__visibility_control.h
[34.780s] -- Up-to-date symlink: /home/hy/ros_ws/fast_ws/install/fast_lio/include/fast_lio/fast_lio/msg/detail/pose6_d__builder.hpp
[34.780s] -- Up-to-date symlink: /home/hy/ros_ws/fast_ws/install/fast_lio/include/fast_lio/fast_lio/msg/detail/pose6_d__struct.hpp
[34.780s] -- Up-to-date symlink: /home/hy/ros_ws/fast_ws/install/fast_lio/include/fast_lio/fast_lio/msg/detail/pose6_d__traits.hpp
[34.780s] -- Up-to-date symlink: /home/hy/ros_ws/fast_ws/install/fast_lio/include/fast_lio/fast_lio/msg/detail/pose6_d__type_support.hpp
[34.780s] -- Up-to-date symlink: /home/hy/ros_ws/fast_ws/install/fast_lio/include/fast_lio/fast_lio/msg/pose6_d.hpp
[34.780s] -- Up-to-date symlink: /home/hy/ros_ws/fast_ws/install/fast_lio/include/fast_lio/fast_lio/msg/rosidl_generator_cpp__visibility_control.hpp
[34.781s] -- Up-to-date symlink: /home/hy/ros_ws/fast_ws/install/fast_lio/include/fast_lio/fast_lio/msg/detail/pose6_d__rosidl_typesupport_fastrtps_cpp.hpp
[34.781s] -- Up-to-date symlink: /home/hy/ros_ws/fast_ws/install/fast_lio/include/fast_lio/fast_lio/msg/rosidl_typesupport_fastrtps_cpp__visibility_control.h
[34.781s] -- Up-to-date symlink: /home/hy/ros_ws/fast_ws/install/fast_lio/include/fast_lio/fast_lio/msg/detail/pose6_d__rosidl_typesupport_introspection_c.h
[34.781s] -- Up-to-date symlink: /home/hy/ros_ws/fast_ws/install/fast_lio/include/fast_lio/fast_lio/msg/rosidl_typesupport_introspection_c__visibility_control.h
[34.781s] -- Up-to-date symlink: /home/hy/ros_ws/fast_ws/install/fast_lio/include/fast_lio/fast_lio/msg/detail/pose6_d__rosidl_typesupport_introspection_cpp.hpp
[34.781s] -- Up-to-date symlink: /home/hy/ros_ws/fast_ws/install/fast_lio/share/fast_lio/environment/pythonpath.sh
[34.781s] -- Up-to-date symlink: /home/hy/ros_ws/fast_ws/install/fast_lio/share/fast_lio/environment/pythonpath.dsv
[34.781s] -- Up-to-date symlink: /home/hy/ros_ws/fast_ws/install/fast_lio/local/lib/python3.10/dist-packages/fast_lio-0.0.0-py3.10.egg-info/PKG-INFO
[34.781s] -- Up-to-date symlink: /home/hy/ros_ws/fast_ws/install/fast_lio/local/lib/python3.10/dist-packages/fast_lio-0.0.0-py3.10.egg-info/SOURCES.txt
[34.781s] -- Up-to-date symlink: /home/hy/ros_ws/fast_ws/install/fast_lio/local/lib/python3.10/dist-packages/fast_lio-0.0.0-py3.10.egg-info/dependency_links.txt
[34.781s] -- Up-to-date symlink: /home/hy/ros_ws/fast_ws/install/fast_lio/local/lib/python3.10/dist-packages/fast_lio-0.0.0-py3.10.egg-info/top_level.txt
[34.781s] -- Up-to-date symlink: /home/hy/ros_ws/fast_ws/install/fast_lio/local/lib/python3.10/dist-packages/fast_lio/__init__.py
[34.781s] -- Up-to-date symlink: /home/hy/ros_ws/fast_ws/install/fast_lio/local/lib/python3.10/dist-packages/fast_lio/_fast_lio_s.ep.rosidl_typesupport_c.c
[34.781s] -- Up-to-date symlink: /home/hy/ros_ws/fast_ws/install/fast_lio/local/lib/python3.10/dist-packages/fast_lio/_fast_lio_s.ep.rosidl_typesupport_fastrtps_c.c
[34.781s] -- Up-to-date symlink: /home/hy/ros_ws/fast_ws/install/fast_lio/local/lib/python3.10/dist-packages/fast_lio/_fast_lio_s.ep.rosidl_typesupport_introspection_c.c
[34.781s] -- Up-to-date symlink: /home/hy/ros_ws/fast_ws/install/fast_lio/local/lib/python3.10/dist-packages/fast_lio/fast_lio_s__rosidl_typesupport_c.cpython-310-x86_64-linux-gnu.so
[34.781s] -- Up-to-date symlink: /home/hy/ros_ws/fast_ws/install/fast_lio/local/lib/python3.10/dist-packages/fast_lio/fast_lio_s__rosidl_typesupport_fastrtps_c.cpython-310-x86_64-linux-gnu.so
[34.782s] -- Up-to-date symlink: /home/hy/ros_ws/fast_ws/install/fast_lio/local/lib/python3.10/dist-packages/fast_lio/fast_lio_s__rosidl_typesupport_introspection_c.cpython-310-x86_64-linux-gnu.so
[34.782s] -- Up-to-date symlink: /home/hy/ros_ws/fast_ws/install/fast_lio/local/lib/python3.10/dist-packages/fast_lio/libfast_lio__rosidl_generator_py.so
[34.782s] -- Up-to-date symlink: /home/hy/ros_ws/fast_ws/install/fast_lio/local/lib/python3.10/dist-packages/fast_lio/msg/__init__.py
[34.782s] -- Up-to-date symlink: /home/hy/ros_ws/fast_ws/install/fast_lio/local/lib/python3.10/dist-packages/fast_lio/msg/_pose6_d.py
[34.782s] -- Up-to-date symlink: /home/hy/ros_ws/fast_ws/install/fast_lio/local/lib/python3.10/dist-packages/fast_lio/msg/_pose6_d_s.c
[34.782s] -- Up-to-date symlink: /home/hy/ros_ws/fast_ws/install/fast_lio/local/lib/python3.10/dist-packages/fast_lio/fast_lio_s__rosidl_typesupport_fastrtps_c.cpython-310-x86_64-linux-gnu.so
[34.782s] -- Up-to-date symlink: /home/hy/ros_ws/fast_ws/install/fast_lio/local/lib/python3.10/dist-packages/fast_lio/fast_lio_s__rosidl_typesupport_introspection_c.cpython-310-x86_64-linux-gnu.so
[34.782s] -- Up-to-date symlink: /home/hy/ros_ws/fast_ws/install/fast_lio/local/lib/python3.10/dist-packages/fast_lio/fast_lio_s__rosidl_typesupport_c.cpython-310-x86_64-linux-gnu.so
[34.782s] -- Up-to-date symlink: /home/hy/ros_ws/fast_ws/install/fast_lio/share/ament_index/resource_index/rust_packages/fast_lio
[34.782s] -- Up-to-date symlink: /home/hy/ros_ws/fast_ws/install/fast_lio/share/fast_lio/rust/Cargo.toml
[34.782s] -- Up-to-date symlink: /home/hy/ros_ws/fast_ws/install/fast_lio/share/fast_lio/rust/build.rs
[34.782s] -- Up-to-date symlink: /home/hy/ros_ws/fast_ws/install/fast_lio/share/fast_lio/rust/src/lib.rs
[34.782s] -- Up-to-date symlink: /home/hy/ros_ws/fast_ws/install/fast_lio/share/fast_lio/rust/src/msg.rs
[34.782s] -- Up-to-date symlink: /home/hy/ros_ws/fast_ws/install/fast_lio/share/fast_lio/rust/src/msg/rmw.rs
[34.782s] -- Up-to-date symlink: /home/hy/ros_ws/fast_ws/install/fast_lio/share/fast_lio/msg/Pose6D.idl
[34.782s] -- Up-to-date symlink: /home/hy/ros_ws/fast_ws/install/fast_lio/share/fast_lio/msg/Pose6D.msg
[34.783s] -- Up-to-date symlink: /home/hy/ros_ws/fast_ws/install/fast_lio/lib/fast_lio/fastlio_mapping
[34.783s] -- Up-to-date symlink: /home/hy/ros_ws/fast_ws/install/fast_lio/share/fast_lio/config/avia.yaml
[34.783s] -- Up-to-date symlink: /home/hy/ros_ws/fast_ws/install/fast_lio/share/fast_lio/config/horizon.yaml
[34.783s] -- Up-to-date symlink: /home/hy/ros_ws/fast_ws/install/fast_lio/share/fast_lio/config/mid360.yaml
[34.783s] -- Up-to-date symlink: /home/hy/ros_ws/fast_ws/install/fast_lio/share/fast_lio/config/ouster64.yaml
[34.783s] -- Up-to-date symlink: /home/hy/ros_ws/fast_ws/install/fast_lio/share/fast_lio/config/velodyne.yaml
[34.783s] -- Up-to-date symlink: /home/hy/ros_ws/fast_ws/install/fast_lio/share/fast_lio/launch/gdb_debug_example.launch
[34.783s] -- Up-to-date symlink: /home/hy/ros_ws/fast_ws/install/fast_lio/share/fast_lio/launch/mapping.launch.py
[34.783s] -- Up-to-date symlink: /home/hy/ros_ws/fast_ws/install/fast_lio/share/fast_lio/rviz/fastlio.rviz
[34.783s] -- Up-to-date symlink: /home/hy/ros_ws/fast_ws/install/fast_lio/share/ament_index/resource_index/package_run_dependencies/fast_lio
[34.783s] -- Up-to-date symlink: /home/hy/ros_ws/fast_ws/install/fast_lio/share/ament_index/resource_index/parent_prefix_path/fast_lio
[34.783s] -- Up-to-date symlink: /home/hy/ros_ws/fast_ws/install/fast_lio/share/fast_lio/environment/ament_prefix_path.sh
[34.783s] -- Up-to-date symlink: /home/hy/ros_ws/fast_ws/install/fast_lio/share/fast_lio/environment/ament_prefix_path.dsv
[34.783s] -- Up-to-date symlink: /home/hy/ros_ws/fast_ws/install/fast_lio/share/fast_lio/environment/path.sh
[34.783s] -- Up-to-date symlink: /home/hy/ros_ws/fast_ws/install/fast_lio/share/fast_lio/environment/path.dsv
[34.783s] -- Up-to-date symlink: /home/hy/ros_ws/fast_ws/install/fast_lio/share/fast_lio/local_setup.bash
[34.783s] -- Up-to-date symlink: /home/hy/ros_ws/fast_ws/install/fast_lio/share/fast_lio/local_setup.sh
[34.783s] -- Up-to-date symlink: /home/hy/ros_ws/fast_ws/install/fast_lio/share/fast_lio/local_setup.zsh
[34.783s] -- Up-to-date symlink: /home/hy/ros_ws/fast_ws/install/fast_lio/share/fast_lio/local_setup.dsv
[34.784s] -- Symlinking: /home/hy/ros_ws/fast_ws/install/fast_lio/share/fast_lio/package.dsv
[34.788s] -- Up-to-date symlink: /home/hy/ros_ws/fast_ws/install/fast_lio/share/ament_index/resource_index/packages/fast_lio
[34.788s] -- Up-to-date symlink: /home/hy/ros_ws/fast_ws/install/fast_lio/share/fast_lio/cmake/rosidl_cmake-extras.cmake
[34.788s] -- Up-to-date symlink: /home/hy/ros_ws/fast_ws/install/fast_lio/share/fast_lio/cmake/ament_cmake_export_include_directories-extras.cmake
[34.788s] -- Up-to-date symlink: /home/hy/ros_ws/fast_ws/install/fast_lio/share/fast_lio/cmake/ament_cmake_export_libraries-extras.cmake
[34.788s] -- Up-to-date symlink: /home/hy/ros_ws/fast_ws/install/fast_lio/share/fast_lio/cmake/ament_cmake_export_targets-extras.cmake
[34.788s] -- Up-to-date symlink: /home/hy/ros_ws/fast_ws/install/fast_lio/share/fast_lio/cmake/rosidl_cmake_export_typesupport_targets-extras.cmake
[34.788s] -- Up-to-date symlink: /home/hy/ros_ws/fast_ws/install/fast_lio/share/fast_lio/cmake/ament_cmake_export_dependencies-extras.cmake
[34.788s] -- Up-to-date symlink: /home/hy/ros_ws/fast_ws/install/fast_lio/share/fast_lio/cmake/rosidl_cmake_export_typesupport_libraries-extras.cmake
[34.788s] -- Up-to-date symlink: /home/hy/ros_ws/fast_ws/install/fast_lio/share/fast_lio/cmake/fast_lioConfig.cmake
[34.788s] -- Up-to-date symlink: /home/hy/ros_ws/fast_ws/install/fast_lio/share/fast_lio/cmake/fast_lioConfig-version.cmake
[34.788s] -- Up-to-date symlink: /home/hy/ros_ws/fast_ws/install/fast_lio/share/fast_lio/package.xml
[34.788s] -- Up-to-date: /home/hy/ros_ws/fast_ws/install/fast_lio/lib/libfast_lio__rosidl_generator_c.so
[34.789s] -- Up-to-date: /home/hy/ros_ws/fast_ws/install/fast_lio/lib/libfast_lio__rosidl_typesupport_fastrtps_c.so
[34.789s] -- Up-to-date: /home/hy/ros_ws/fast_ws/install/fast_lio/lib/libfast_lio__rosidl_typesupport_fastrtps_cpp.so
[34.789s] -- Up-to-date: /home/hy/ros_ws/fast_ws/install/fast_lio/lib/libfast_lio__rosidl_typesupport_introspection_c.so
[34.789s] -- Up-to-date: /home/hy/ros_ws/fast_ws/install/fast_lio/lib/libfast_lio__rosidl_typesupport_c.so
[34.789s] -- Up-to-date: /home/hy/ros_ws/fast_ws/install/fast_lio/lib/libfast_lio__rosidl_typesupport_introspection_cpp.so
[34.790s] -- Up-to-date: /home/hy/ros_ws/fast_ws/install/fast_lio/lib/libfast_lio__rosidl_typesupport_cpp.so
[34.809s] Listing '/home/hy/ros_ws/fast_ws/install/fast_lio/local/lib/python3.10/dist-packages/fast_lio'...
[34.809s] Compiling '/home/hy/ros_ws/fast_ws/install/fast_lio/local/lib/python3.10/dist-packages/fast_lio/__init__.py'...
[34.809s] Listing '/home/hy/ros_ws/fast_ws/install/fast_lio/local/lib/python3.10/dist-packages/fast_lio/msg'...
[34.811s] -- Up-to-date: /home/hy/ros_ws/fast_ws/install/fast_lio/lib/libfast_lio__rosidl_generator_py.so
[34.811s] -- Up-to-date: /home/hy/ros_ws/fast_ws/install/fast_lio/share/fast_lio/cmake/export_fast_lio__rosidl_generator_cExport.cmake
[34.812s] -- Up-to-date: /home/hy/ros_ws/fast_ws/install/fast_lio/share/fast_lio/cmake/export_fast_lio__rosidl_generator_cExport-release.cmake
[34.812s] -- Up-to-date: /home/hy/ros_ws/fast_ws/install/fast_lio/share/fast_lio/cmake/export_fast_lio__rosidl_typesupport_fastrtps_cExport.cmake
[34.812s] -- Up-to-date: /home/hy/ros_ws/fast_ws/install/fast_lio/share/fast_lio/cmake/export_fast_lio__rosidl_typesupport_fastrtps_cExport-release.cmake
[34.812s] -- Up-to-date: /home/hy/ros_ws/fast_ws/install/fast_lio/share/fast_lio/cmake/export_fast_lio__rosidl_generator_cppExport.cmake
[34.812s] -- Up-to-date: /home/hy/ros_ws/fast_ws/install/fast_lio/share/fast_lio/cmake/export_fast_lio__rosidl_typesupport_fastrtps_cppExport.cmake
[34.812s] -- Up-to-date: /home/hy/ros_ws/fast_ws/install/fast_lio/share/fast_lio/cmake/export_fast_lio__rosidl_typesupport_fastrtps_cppExport-release.cmake
[34.812s] -- Up-to-date: /home/hy/ros_ws/fast_ws/install/fast_lio/share/fast_lio/cmake/fast_lio__rosidl_typesupport_introspection_cExport.cmake
[34.812s] -- Up-to-date: /home/hy/ros_ws/fast_ws/install/fast_lio/share/fast_lio/cmake/fast_lio__rosidl_typesupport_introspection_cExport-release.cmake
[34.812s] -- Up-to-date: /home/hy/ros_ws/fast_ws/install/fast_lio/share/fast_lio/cmake/fast_lio__rosidl_typesupport_cExport.cmake
[34.812s] -- Up-to-date: /home/hy/ros_ws/fast_ws/install/fast_lio/share/fast_lio/cmake/fast_lio__rosidl_typesupport_cExport-release.cmake
[34.812s] -- Up-to-date: /home/hy/ros_ws/fast_ws/install/fast_lio/share/fast_lio/cmake/fast_lio__rosidl_typesupport_introspection_cppExport.cmake
[34.812s] -- Up-to-date: /home/hy/ros_ws/fast_ws/install/fast_lio/share/fast_lio/cmake/fast_lio__rosidl_typesupport_introspection_cppExport-release.cmake
[34.812s] -- Up-to-date: /home/hy/ros_ws/fast_ws/install/fast_lio/share/fast_lio/cmake/fast_lio__rosidl_typesupport_cppExport.cmake
[34.812s] -- Up-to-date: /home/hy/ros_ws/fast_ws/install/fast_lio/share/fast_lio/cmake/fast_lio__rosidl_typesupport_cppExport-release.cmake
[34.812s] -- Up-to-date: /home/hy/ros_ws/fast_ws/install/fast_lio/share/fast_lio/cmake/export_fast_lio__rosidl_generator_pyExport.cmake
[34.812s] -- Up-to-date: /home/hy/ros_ws/fast_ws/install/fast_lio/share/fast_lio/cmake/export_fast_lio__rosidl_generator_pyExport-release.cmake
[34.814s] Invoked command in '/home/hy/ros_ws/fast_ws/build/fast_lio' returned '0': CMAKE_PREFIX_PATH=${CMAKE_PREFIX_PATH}:/opt/ros/humble /usr/bin/cmake --install /home/hy/ros_ws/fast_ws/build/fast_lio
