[0.047s] DEBUG:colcon:Command line arguments: ['/usr/bin/colcon', 'build', '--packages-select', 'fast_lio']
[0.047s] DEBUG:colcon:Parsed command line arguments: Namespace(log_base=None, log_level=None, verb_name='build', build_base='build', install_base='install', merge_install=False, symlink_install=False, test_result_base=None, continue_on_error=False, executor='parallel', parallel_workers=32, event_handlers=None, ignore_user_meta=False, metas=['./colcon.meta'], base_paths=['.'], packages_ignore=None, packages_ignore_regex=None, paths=None, packages_up_to=None, packages_up_to_regex=None, packages_above=None, packages_above_and_dependencies=None, packages_above_depth=None, packages_select_by_dep=None, packages_skip_by_dep=None, packages_skip_up_to=None, packages_select_build_failed=False, packages_skip_build_finished=False, packages_select_test_failures=False, packages_skip_test_passed=False, packages_select=['fast_lio'], packages_skip=None, packages_select_regex=None, packages_skip_regex=None, packages_start=None, packages_end=None, allow_overriding=[], cmake_args=None, cmake_target=None, cmake_target_skip_unavailable=False, cmake_clean_cache=False, cmake_clean_first=False, cmake_force_configure=False, ament_cmake_args=None, catkin_cmake_args=None, catkin_skip_building_tests=False, verb_parser=<colcon_defaults.argument_parser.defaults.DefaultArgumentsDecorator object at 0x7a8be7c641c0>, verb_extension=<colcon_core.verb.build.BuildVerb object at 0x7a8be7d19510>, main=<bound method BuildVerb.main of <colcon_core.verb.build.BuildVerb object at 0x7a8be7d19510>>)
[0.117s] Level 1:colcon.colcon_core.package_discovery:discover_packages(colcon_meta) check parameters
[0.117s] Level 1:colcon.colcon_core.package_discovery:discover_packages(recursive) check parameters
[0.117s] Level 1:colcon.colcon_core.package_discovery:discover_packages(ignore) check parameters
[0.117s] Level 1:colcon.colcon_core.package_discovery:discover_packages(path) check parameters
[0.117s] Level 1:colcon.colcon_core.package_discovery:discover_packages(colcon_meta) discover
[0.117s] Level 1:colcon.colcon_core.package_discovery:discover_packages(recursive) discover
[0.117s] INFO:colcon.colcon_core.package_discovery:Crawling recursively for packages in '/home/hy/ros_ws/fast_ws'
[0.117s] Level 1:colcon.colcon_core.package_identification:_identify(.) by extensions ['ignore', 'ignore_ament_install']
[0.117s] Level 1:colcon.colcon_core.package_identification:_identify(.) by extension 'ignore'
[0.117s] Level 1:colcon.colcon_core.package_identification:_identify(.) by extension 'ignore_ament_install'
[0.117s] Level 1:colcon.colcon_core.package_identification:_identify(.) by extensions ['colcon_pkg']
[0.117s] Level 1:colcon.colcon_core.package_identification:_identify(.) by extension 'colcon_pkg'
[0.117s] Level 1:colcon.colcon_core.package_identification:_identify(.) by extensions ['colcon_meta']
[0.117s] Level 1:colcon.colcon_core.package_identification:_identify(.) by extension 'colcon_meta'
[0.117s] Level 1:colcon.colcon_core.package_identification:_identify(.) by extensions ['ros']
[0.117s] Level 1:colcon.colcon_core.package_identification:_identify(.) by extension 'ros'
[0.123s] Level 1:colcon.colcon_core.package_identification:_identify(.) by extensions ['cmake', 'python']
[0.123s] Level 1:colcon.colcon_core.package_identification:_identify(.) by extension 'cmake'
[0.123s] Level 1:colcon.colcon_core.package_identification:_identify(.) by extension 'python'
[0.123s] Level 1:colcon.colcon_core.package_identification:_identify(.) by extensions ['python_setup_py']
[0.123s] Level 1:colcon.colcon_core.package_identification:_identify(.) by extension 'python_setup_py'
[0.123s] Level 1:colcon.colcon_core.package_identification:_identify(build) by extensions ['ignore', 'ignore_ament_install']
[0.123s] Level 1:colcon.colcon_core.package_identification:_identify(build) by extension 'ignore'
[0.123s] Level 1:colcon.colcon_core.package_identification:_identify(build) ignored
[0.123s] Level 1:colcon.colcon_core.package_identification:_identify(install) by extensions ['ignore', 'ignore_ament_install']
[0.123s] Level 1:colcon.colcon_core.package_identification:_identify(install) by extension 'ignore'
[0.123s] Level 1:colcon.colcon_core.package_identification:_identify(install) ignored
[0.123s] Level 1:colcon.colcon_core.package_identification:_identify(log) by extensions ['ignore', 'ignore_ament_install']
[0.123s] Level 1:colcon.colcon_core.package_identification:_identify(log) by extension 'ignore'
[0.123s] Level 1:colcon.colcon_core.package_identification:_identify(log) ignored
[0.123s] Level 1:colcon.colcon_core.package_identification:_identify(src) by extensions ['ignore', 'ignore_ament_install']
[0.123s] Level 1:colcon.colcon_core.package_identification:_identify(src) by extension 'ignore'
[0.123s] Level 1:colcon.colcon_core.package_identification:_identify(src) by extension 'ignore_ament_install'
[0.123s] Level 1:colcon.colcon_core.package_identification:_identify(src) by extensions ['colcon_pkg']
[0.123s] Level 1:colcon.colcon_core.package_identification:_identify(src) by extension 'colcon_pkg'
[0.123s] Level 1:colcon.colcon_core.package_identification:_identify(src) by extensions ['colcon_meta']
[0.123s] Level 1:colcon.colcon_core.package_identification:_identify(src) by extension 'colcon_meta'
[0.123s] Level 1:colcon.colcon_core.package_identification:_identify(src) by extensions ['ros']
[0.123s] Level 1:colcon.colcon_core.package_identification:_identify(src) by extension 'ros'
[0.123s] Level 1:colcon.colcon_core.package_identification:_identify(src) by extensions ['cmake', 'python']
[0.123s] Level 1:colcon.colcon_core.package_identification:_identify(src) by extension 'cmake'
[0.123s] Level 1:colcon.colcon_core.package_identification:_identify(src) by extension 'python'
[0.123s] Level 1:colcon.colcon_core.package_identification:_identify(src) by extensions ['python_setup_py']
[0.123s] Level 1:colcon.colcon_core.package_identification:_identify(src) by extension 'python_setup_py'
[0.123s] Level 1:colcon.colcon_core.package_identification:_identify(src/FAST_LIO) by extensions ['ignore', 'ignore_ament_install']
[0.123s] Level 1:colcon.colcon_core.package_identification:_identify(src/FAST_LIO) by extension 'ignore'
[0.123s] Level 1:colcon.colcon_core.package_identification:_identify(src/FAST_LIO) by extension 'ignore_ament_install'
[0.123s] Level 1:colcon.colcon_core.package_identification:_identify(src/FAST_LIO) by extensions ['colcon_pkg']
[0.123s] Level 1:colcon.colcon_core.package_identification:_identify(src/FAST_LIO) by extension 'colcon_pkg'
[0.123s] Level 1:colcon.colcon_core.package_identification:_identify(src/FAST_LIO) by extensions ['colcon_meta']
[0.123s] Level 1:colcon.colcon_core.package_identification:_identify(src/FAST_LIO) by extension 'colcon_meta'
[0.123s] Level 1:colcon.colcon_core.package_identification:_identify(src/FAST_LIO) by extensions ['ros']
[0.123s] Level 1:colcon.colcon_core.package_identification:_identify(src/FAST_LIO) by extension 'ros'
[0.125s] DEBUG:colcon.colcon_core.package_identification:Package 'src/FAST_LIO' with type 'ros.ament_cmake' and name 'fast_lio'
[0.125s] Level 1:colcon.colcon_core.package_discovery:discover_packages(recursive) using defaults
[0.125s] Level 1:colcon.colcon_core.package_discovery:discover_packages(ignore) discover
[0.125s] Level 1:colcon.colcon_core.package_discovery:discover_packages(ignore) using defaults
[0.125s] Level 1:colcon.colcon_core.package_discovery:discover_packages(path) discover
[0.125s] Level 1:colcon.colcon_core.package_discovery:discover_packages(path) using defaults
[0.135s] Level 1:colcon.colcon_core.package_discovery:discover_packages(prefix_path) check parameters
[0.135s] Level 1:colcon.colcon_core.package_discovery:discover_packages(prefix_path) discover
[0.139s] DEBUG:colcon.colcon_installed_package_information.package_discovery:Found 1 installed packages in /home/hy/ros_ws/fast_ws/install
[0.139s] DEBUG:colcon.colcon_installed_package_information.package_discovery:Found 2 installed packages in /home/hy/ros_ws/livox_ws/install
[0.140s] DEBUG:colcon.colcon_installed_package_information.package_discovery:Found 325 installed packages in /opt/ros/humble
[0.141s] Level 1:colcon.colcon_core.package_discovery:discover_packages(prefix_path) using defaults
[0.158s] Level 5:colcon.colcon_core.verb:set package 'fast_lio' build argument 'cmake_args' from command line to 'None'
[0.158s] Level 5:colcon.colcon_core.verb:set package 'fast_lio' build argument 'cmake_target' from command line to 'None'
[0.158s] Level 5:colcon.colcon_core.verb:set package 'fast_lio' build argument 'cmake_target_skip_unavailable' from command line to 'False'
[0.158s] Level 5:colcon.colcon_core.verb:set package 'fast_lio' build argument 'cmake_clean_cache' from command line to 'False'
[0.158s] Level 5:colcon.colcon_core.verb:set package 'fast_lio' build argument 'cmake_clean_first' from command line to 'False'
[0.158s] Level 5:colcon.colcon_core.verb:set package 'fast_lio' build argument 'cmake_force_configure' from command line to 'False'
[0.158s] Level 5:colcon.colcon_core.verb:set package 'fast_lio' build argument 'ament_cmake_args' from command line to 'None'
[0.158s] Level 5:colcon.colcon_core.verb:set package 'fast_lio' build argument 'catkin_cmake_args' from command line to 'None'
[0.158s] Level 5:colcon.colcon_core.verb:set package 'fast_lio' build argument 'catkin_skip_building_tests' from command line to 'False'
[0.158s] DEBUG:colcon.colcon_core.verb:Building package 'fast_lio' with the following arguments: {'ament_cmake_args': None, 'build_base': '/home/hy/ros_ws/fast_ws/build/fast_lio', 'catkin_cmake_args': None, 'catkin_skip_building_tests': False, 'cmake_args': None, 'cmake_clean_cache': False, 'cmake_clean_first': False, 'cmake_force_configure': False, 'cmake_target': None, 'cmake_target_skip_unavailable': False, 'install_base': '/home/hy/ros_ws/fast_ws/install/fast_lio', 'merge_install': False, 'path': '/home/hy/ros_ws/fast_ws/src/FAST_LIO', 'symlink_install': False, 'test_result_base': None}
[0.158s] INFO:colcon.colcon_core.executor:Executing jobs using 'parallel' executor
[0.159s] DEBUG:colcon.colcon_parallel_executor.executor.parallel:run_until_complete
[0.159s] INFO:colcon.colcon_ros.task.ament_cmake.build:Building ROS package in '/home/hy/ros_ws/fast_ws/src/FAST_LIO' with build type 'ament_cmake'
[0.159s] INFO:colcon.colcon_cmake.task.cmake.build:Building CMake package in '/home/hy/ros_ws/fast_ws/src/FAST_LIO'
[0.160s] INFO:colcon.colcon_core.plugin_system:Skipping extension 'colcon_core.shell.bat': Not used on non-Windows systems
[0.160s] INFO:colcon.colcon_core.shell:Skip shell extension 'powershell' for command environment: Not usable outside of PowerShell
[0.160s] DEBUG:colcon.colcon_core.shell:Skip shell extension 'dsv' for command environment
[0.167s] DEBUG:colcon.colcon_core.event_handler.log_command:Invoking command in '/home/hy/ros_ws/fast_ws/build/fast_lio': CMAKE_PREFIX_PATH=${CMAKE_PREFIX_PATH}:/opt/ros/humble /usr/bin/cmake --build /home/hy/ros_ws/fast_ws/build/fast_lio -- -j32 -l32
[33.098s] DEBUG:colcon.colcon_core.event_handler.log_command:Invoked command in '/home/hy/ros_ws/fast_ws/build/fast_lio' returned '0': CMAKE_PREFIX_PATH=${CMAKE_PREFIX_PATH}:/opt/ros/humble /usr/bin/cmake --build /home/hy/ros_ws/fast_ws/build/fast_lio -- -j32 -l32
[33.105s] DEBUG:colcon.colcon_core.event_handler.log_command:Invoking command in '/home/hy/ros_ws/fast_ws/build/fast_lio': CMAKE_PREFIX_PATH=${CMAKE_PREFIX_PATH}:/opt/ros/humble /usr/bin/cmake --install /home/hy/ros_ws/fast_ws/build/fast_lio
[33.143s] Level 1:colcon.colcon_core.environment:create_environment_scripts_only(fast_lio)
[33.143s] DEBUG:colcon.colcon_core.event_handler.log_command:Invoked command in '/home/hy/ros_ws/fast_ws/build/fast_lio' returned '0': CMAKE_PREFIX_PATH=${CMAKE_PREFIX_PATH}:/opt/ros/humble /usr/bin/cmake --install /home/hy/ros_ws/fast_ws/build/fast_lio
[33.145s] Level 1:colcon.colcon_core.environment:checking '/home/hy/ros_ws/fast_ws/install/fast_lio' for CMake module files
[33.145s] Level 1:colcon.colcon_core.environment:checking '/home/hy/ros_ws/fast_ws/install/fast_lio' for CMake config files
[33.145s] Level 1:colcon.colcon_core.shell:create_environment_hook('fast_lio', 'cmake_prefix_path')
[33.146s] INFO:colcon.colcon_core.shell:Creating environment hook '/home/hy/ros_ws/fast_ws/install/fast_lio/share/fast_lio/hook/cmake_prefix_path.ps1'
[33.146s] INFO:colcon.colcon_core.shell:Creating environment descriptor '/home/hy/ros_ws/fast_ws/install/fast_lio/share/fast_lio/hook/cmake_prefix_path.dsv'
[33.146s] INFO:colcon.colcon_core.shell:Creating environment hook '/home/hy/ros_ws/fast_ws/install/fast_lio/share/fast_lio/hook/cmake_prefix_path.sh'
[33.146s] Level 1:colcon.colcon_core.environment:checking '/home/hy/ros_ws/fast_ws/install/fast_lio/lib'
[33.146s] Level 1:colcon.colcon_core.shell:create_environment_hook('fast_lio', 'ld_library_path_lib')
[33.147s] INFO:colcon.colcon_core.shell:Creating environment hook '/home/hy/ros_ws/fast_ws/install/fast_lio/share/fast_lio/hook/ld_library_path_lib.ps1'
[33.147s] INFO:colcon.colcon_core.shell:Creating environment descriptor '/home/hy/ros_ws/fast_ws/install/fast_lio/share/fast_lio/hook/ld_library_path_lib.dsv'
[33.147s] INFO:colcon.colcon_core.shell:Creating environment hook '/home/hy/ros_ws/fast_ws/install/fast_lio/share/fast_lio/hook/ld_library_path_lib.sh'
[33.147s] Level 1:colcon.colcon_core.environment:checking '/home/hy/ros_ws/fast_ws/install/fast_lio/bin'
[33.147s] Level 1:colcon.colcon_core.environment:checking '/home/hy/ros_ws/fast_ws/install/fast_lio/lib/pkgconfig/fast_lio.pc'
[33.147s] Level 1:colcon.colcon_core.environment:checking '/home/hy/ros_ws/fast_ws/install/fast_lio/lib/python3.10/site-packages'
[33.147s] Level 1:colcon.colcon_core.environment:checking '/home/hy/ros_ws/fast_ws/install/fast_lio/bin'
[33.147s] INFO:colcon.colcon_core.shell:Creating package script '/home/hy/ros_ws/fast_ws/install/fast_lio/share/fast_lio/package.ps1'
[33.148s] INFO:colcon.colcon_core.shell:Creating package descriptor '/home/hy/ros_ws/fast_ws/install/fast_lio/share/fast_lio/package.dsv'
[33.148s] INFO:colcon.colcon_core.shell:Creating package script '/home/hy/ros_ws/fast_ws/install/fast_lio/share/fast_lio/package.sh'
[33.148s] INFO:colcon.colcon_core.shell:Creating package script '/home/hy/ros_ws/fast_ws/install/fast_lio/share/fast_lio/package.bash'
[33.149s] INFO:colcon.colcon_core.shell:Creating package script '/home/hy/ros_ws/fast_ws/install/fast_lio/share/fast_lio/package.zsh'
[33.149s] Level 1:colcon.colcon_core.environment:create_file_with_runtime_dependencies(/home/hy/ros_ws/fast_ws/install/fast_lio/share/colcon-core/packages/fast_lio)
[33.149s] Level 1:colcon.colcon_core.environment:create_environment_scripts_only(fast_lio)
[33.149s] Level 1:colcon.colcon_core.environment:checking '/home/hy/ros_ws/fast_ws/install/fast_lio' for CMake module files
[33.150s] Level 1:colcon.colcon_core.environment:checking '/home/hy/ros_ws/fast_ws/install/fast_lio' for CMake config files
[33.150s] Level 1:colcon.colcon_core.shell:create_environment_hook('fast_lio', 'cmake_prefix_path')
[33.150s] INFO:colcon.colcon_core.shell:Creating environment hook '/home/hy/ros_ws/fast_ws/install/fast_lio/share/fast_lio/hook/cmake_prefix_path.ps1'
[33.150s] INFO:colcon.colcon_core.shell:Creating environment descriptor '/home/hy/ros_ws/fast_ws/install/fast_lio/share/fast_lio/hook/cmake_prefix_path.dsv'
[33.150s] INFO:colcon.colcon_core.shell:Creating environment hook '/home/hy/ros_ws/fast_ws/install/fast_lio/share/fast_lio/hook/cmake_prefix_path.sh'
[33.151s] Level 1:colcon.colcon_core.environment:checking '/home/hy/ros_ws/fast_ws/install/fast_lio/lib'
[33.151s] Level 1:colcon.colcon_core.shell:create_environment_hook('fast_lio', 'ld_library_path_lib')
[33.151s] INFO:colcon.colcon_core.shell:Creating environment hook '/home/hy/ros_ws/fast_ws/install/fast_lio/share/fast_lio/hook/ld_library_path_lib.ps1'
[33.151s] INFO:colcon.colcon_core.shell:Creating environment descriptor '/home/hy/ros_ws/fast_ws/install/fast_lio/share/fast_lio/hook/ld_library_path_lib.dsv'
[33.151s] INFO:colcon.colcon_core.shell:Creating environment hook '/home/hy/ros_ws/fast_ws/install/fast_lio/share/fast_lio/hook/ld_library_path_lib.sh'
[33.151s] Level 1:colcon.colcon_core.environment:checking '/home/hy/ros_ws/fast_ws/install/fast_lio/bin'
[33.151s] Level 1:colcon.colcon_core.environment:checking '/home/hy/ros_ws/fast_ws/install/fast_lio/lib/pkgconfig/fast_lio.pc'
[33.151s] Level 1:colcon.colcon_core.environment:checking '/home/hy/ros_ws/fast_ws/install/fast_lio/lib/python3.10/site-packages'
[33.151s] Level 1:colcon.colcon_core.environment:checking '/home/hy/ros_ws/fast_ws/install/fast_lio/bin'
[33.152s] INFO:colcon.colcon_core.shell:Creating package script '/home/hy/ros_ws/fast_ws/install/fast_lio/share/fast_lio/package.ps1'
[33.152s] INFO:colcon.colcon_core.shell:Creating package descriptor '/home/hy/ros_ws/fast_ws/install/fast_lio/share/fast_lio/package.dsv'
[33.152s] INFO:colcon.colcon_core.shell:Creating package script '/home/hy/ros_ws/fast_ws/install/fast_lio/share/fast_lio/package.sh'
[33.152s] INFO:colcon.colcon_core.shell:Creating package script '/home/hy/ros_ws/fast_ws/install/fast_lio/share/fast_lio/package.bash'
[33.152s] INFO:colcon.colcon_core.shell:Creating package script '/home/hy/ros_ws/fast_ws/install/fast_lio/share/fast_lio/package.zsh'
[33.152s] Level 1:colcon.colcon_core.environment:create_file_with_runtime_dependencies(/home/hy/ros_ws/fast_ws/install/fast_lio/share/colcon-core/packages/fast_lio)
[33.152s] DEBUG:colcon.colcon_parallel_executor.executor.parallel:closing loop
[33.153s] DEBUG:colcon.colcon_parallel_executor.executor.parallel:loop closed
[33.153s] DEBUG:colcon.colcon_parallel_executor.executor.parallel:run_until_complete finished with '0'
[33.153s] DEBUG:colcon.colcon_core.event_reactor:joining thread
[33.155s] INFO:colcon.colcon_core.plugin_system:Skipping extension 'colcon_notification.desktop_notification.terminal_notifier': Not used on non-Darwin systems
[33.155s] INFO:colcon.colcon_core.plugin_system:Skipping extension 'colcon_notification.desktop_notification.win32': Not used on non-Windows systems
[33.155s] INFO:colcon.colcon_notification.desktop_notification:Sending desktop notification using 'notify2'
[33.170s] DEBUG:colcon.colcon_core.event_reactor:joined thread
[33.171s] INFO:colcon.colcon_core.shell:Creating prefix script '/home/hy/ros_ws/fast_ws/install/local_setup.ps1'
[33.171s] INFO:colcon.colcon_core.shell:Creating prefix util module '/home/hy/ros_ws/fast_ws/install/_local_setup_util_ps1.py'
[33.172s] INFO:colcon.colcon_core.shell:Creating prefix chain script '/home/hy/ros_ws/fast_ws/install/setup.ps1'
[33.172s] INFO:colcon.colcon_core.shell:Creating prefix script '/home/hy/ros_ws/fast_ws/install/local_setup.sh'
[33.173s] INFO:colcon.colcon_core.shell:Creating prefix util module '/home/hy/ros_ws/fast_ws/install/_local_setup_util_sh.py'
[33.173s] INFO:colcon.colcon_core.shell:Creating prefix chain script '/home/hy/ros_ws/fast_ws/install/setup.sh'
[33.173s] INFO:colcon.colcon_core.shell:Creating prefix script '/home/hy/ros_ws/fast_ws/install/local_setup.bash'
[33.173s] INFO:colcon.colcon_core.shell:Creating prefix chain script '/home/hy/ros_ws/fast_ws/install/setup.bash'
[33.174s] INFO:colcon.colcon_core.shell:Creating prefix script '/home/hy/ros_ws/fast_ws/install/local_setup.zsh'
[33.174s] INFO:colcon.colcon_core.shell:Creating prefix chain script '/home/hy/ros_ws/fast_ws/install/setup.zsh'
