[0.008s] Invoking command in '/home/hy/ros_ws/fast_ws/build/lio_odom': CMAKE_PREFIX_PATH=/opt/ros/humble:${CMAKE_PREFIX_PATH} /usr/bin/cmake /home/hy/ros_ws/fast_ws/src/LIO_odom -DAMENT_CMAKE_SYMLINK_INSTALL=1 -DCMAKE_INSTALL_PREFIX=/home/hy/ros_ws/fast_ws/install/lio_odom
[0.089s] -- The C compiler identification is GNU 11.4.0
[0.132s] -- The CXX compiler identification is GNU 11.4.0
[0.140s] -- Detecting C compiler ABI info
[0.186s] -- Detecting C compiler ABI info - done
[0.189s] -- Check for working C compiler: /usr/bin/cc - skipped
[0.190s] -- Detecting C compile features
[0.190s] -- Detecting C compile features - done
[0.192s] -- Detecting CXX compiler ABI info
[0.248s] -- Detecting CXX compiler ABI info - done
[0.254s] -- Check for working CXX compiler: /usr/bin/c++ - skipped
[0.254s] -- Detecting CXX compile features
[0.254s] -- Detecting CXX compile features - done
[0.262s] -- Found ament_cmake: 1.3.14 (/opt/ros/humble/share/ament_cmake/cmake)
[0.358s] -- Found Python3: /usr/bin/python3 (found version "3.10.12") found components: Interpreter 
[0.394s] -- Override CMake install command with custom implementation using symlinks instead of copying resources
[0.408s] -- Found rclcpp: 16.0.19 (/opt/ros/humble/share/rclcpp/cmake)
[0.433s] -- Found rosidl_generator_c: 3.1.8 (/opt/ros/humble/share/rosidl_generator_c/cmake)
[0.435s] -- Found rosidl_adapter: 3.1.8 (/opt/ros/humble/share/rosidl_adapter/cmake)
[0.440s] -- Found rosidl_generator_cpp: 3.1.8 (/opt/ros/humble/share/rosidl_generator_cpp/cmake)
[0.447s] -- Using all available rosidl_typesupport_c: rosidl_typesupport_fastrtps_c;rosidl_typesupport_introspection_c
[0.456s] -- Using all available rosidl_typesupport_cpp: rosidl_typesupport_fastrtps_cpp;rosidl_typesupport_introspection_cpp
[0.476s] -- Found rmw_implementation_cmake: 6.1.2 (/opt/ros/humble/share/rmw_implementation_cmake/cmake)
[0.477s] -- Found rmw_cyclonedds_cpp: 1.3.4 (/opt/ros/humble/share/rmw_cyclonedds_cpp/cmake)
[0.489s] -- Using RMW implementation 'rmw_cyclonedds_cpp' as default
[0.494s] -- Looking for pthread.h
[0.552s] -- Looking for pthread.h - found
[0.552s] -- Performing Test CMAKE_HAVE_LIBC_PTHREAD
[0.601s] -- Performing Test CMAKE_HAVE_LIBC_PTHREAD - Success
[0.601s] -- Found Threads: TRUE  
[0.633s] -- Found nav_msgs: 4.9.1 (/opt/ros/humble/share/nav_msgs/cmake)
[0.650s] -- Found tf2: 0.25.20 (/opt/ros/humble/share/tf2/cmake)
[0.656s] -- Found tf2_ros: 0.25.20 (/opt/ros/humble/share/tf2_ros/cmake)
[0.709s] -- Found tf2_geometry_msgs: 0.25.20 (/opt/ros/humble/share/tf2_geometry_msgs/cmake)
[0.722s] -- Found eigen3_cmake_module: 0.1.1 (/opt/ros/humble/share/eigen3_cmake_module/cmake)
[0.723s] -- Found Eigen3: TRUE (found version "3.4.0") 
[0.723s] -- Ensuring Eigen3 include directory is part of orocos-kdl CMake target
[0.759s] -- Configuring done
[0.765s] -- Generating done
[0.766s] -- Build files have been written to: /home/hy/ros_ws/fast_ws/build/lio_odom
[0.771s] Invoked command in '/home/hy/ros_ws/fast_ws/build/lio_odom' returned '0': CMAKE_PREFIX_PATH=/opt/ros/humble:${CMAKE_PREFIX_PATH} /usr/bin/cmake /home/hy/ros_ws/fast_ws/src/LIO_odom -DAMENT_CMAKE_SYMLINK_INSTALL=1 -DCMAKE_INSTALL_PREFIX=/home/hy/ros_ws/fast_ws/install/lio_odom
[0.773s] Invoking command in '/home/hy/ros_ws/fast_ws/build/lio_odom': CMAKE_PREFIX_PATH=/opt/ros/humble:${CMAKE_PREFIX_PATH} /usr/bin/cmake --build /home/hy/ros_ws/fast_ws/build/lio_odom -- -j32 -l32
[0.814s] [ 50%] [32mBuilding CXX object CMakeFiles/odom_transformer.dir/src/odom_transformer_node.cpp.o[0m
[6.385s] [100%] [32m[1mLinking CXX executable odom_transformer[0m
[6.499s] [100%] Built target odom_transformer
[6.507s] Invoked command in '/home/hy/ros_ws/fast_ws/build/lio_odom' returned '0': CMAKE_PREFIX_PATH=/opt/ros/humble:${CMAKE_PREFIX_PATH} /usr/bin/cmake --build /home/hy/ros_ws/fast_ws/build/lio_odom -- -j32 -l32
[6.509s] Invoking command in '/home/hy/ros_ws/fast_ws/build/lio_odom': CMAKE_PREFIX_PATH=/opt/ros/humble:${CMAKE_PREFIX_PATH} /usr/bin/cmake --install /home/hy/ros_ws/fast_ws/build/lio_odom
[6.513s] -- Install configuration: ""
[6.513s] -- Execute custom install script
[6.514s] -- Symlinking: /home/hy/ros_ws/fast_ws/install/lio_odom/lib/lio_odom/odom_transformer
[6.519s] -- Symlinking: /home/hy/ros_ws/fast_ws/install/lio_odom/share/lio_odom/launch/fast_lio_with_odom.launch.py
[6.524s] -- Symlinking: /home/hy/ros_ws/fast_ws/install/lio_odom/share/lio_odom/launch/odom_transformer.launch.py
[6.531s] -- Symlinking: /home/hy/ros_ws/fast_ws/install/lio_odom/share/lio_odom/config/odom_transformer.yaml
[6.539s] -- Symlinking: /home/hy/ros_ws/fast_ws/install/lio_odom/share/ament_index/resource_index/package_run_dependencies/lio_odom
[6.545s] -- Symlinking: /home/hy/ros_ws/fast_ws/install/lio_odom/share/ament_index/resource_index/parent_prefix_path/lio_odom
[6.553s] -- Symlinking: /home/hy/ros_ws/fast_ws/install/lio_odom/share/lio_odom/environment/ament_prefix_path.sh
[6.558s] -- Symlinking: /home/hy/ros_ws/fast_ws/install/lio_odom/share/lio_odom/environment/ament_prefix_path.dsv
[6.565s] -- Symlinking: /home/hy/ros_ws/fast_ws/install/lio_odom/share/lio_odom/environment/path.sh
[6.571s] -- Symlinking: /home/hy/ros_ws/fast_ws/install/lio_odom/share/lio_odom/environment/path.dsv
[6.577s] -- Symlinking: /home/hy/ros_ws/fast_ws/install/lio_odom/share/lio_odom/local_setup.bash
[6.584s] -- Symlinking: /home/hy/ros_ws/fast_ws/install/lio_odom/share/lio_odom/local_setup.sh
[6.589s] -- Symlinking: /home/hy/ros_ws/fast_ws/install/lio_odom/share/lio_odom/local_setup.zsh
[6.596s] -- Symlinking: /home/hy/ros_ws/fast_ws/install/lio_odom/share/lio_odom/local_setup.dsv
[6.602s] -- Symlinking: /home/hy/ros_ws/fast_ws/install/lio_odom/share/lio_odom/package.dsv
[6.609s] -- Symlinking: /home/hy/ros_ws/fast_ws/install/lio_odom/share/ament_index/resource_index/packages/lio_odom
[6.615s] -- Symlinking: /home/hy/ros_ws/fast_ws/install/lio_odom/share/lio_odom/cmake/lio_odomConfig.cmake
[6.621s] -- Symlinking: /home/hy/ros_ws/fast_ws/install/lio_odom/share/lio_odom/cmake/lio_odomConfig-version.cmake
[6.628s] -- Symlinking: /home/hy/ros_ws/fast_ws/install/lio_odom/share/lio_odom/package.xml
[6.636s] Invoked command in '/home/hy/ros_ws/fast_ws/build/lio_odom' returned '0': CMAKE_PREFIX_PATH=/opt/ros/humble:${CMAKE_PREFIX_PATH} /usr/bin/cmake --install /home/hy/ros_ws/fast_ws/build/lio_odom
