[0.008s] Invoking command in '/home/hy/ros_ws/fast_ws/build/lio_odom': CMAKE_PREFIX_PATH=/home/hy/ros_ws/fast_ws/install/lio_odom:/opt/ros/humble:/home/hy/ros_ws/fast_ws/install/fast_lio:/home/hy/ros_ws/livox_ws/install/livox_lidar_rosbag_converter:/home/hy/ros_ws/livox_ws/install/livox_ros_driver2 /usr/bin/cmake /home/hy/ros_ws/fast_ws/src/LIO_odom -DCMAKE_INSTALL_PREFIX=/home/hy/ros_ws/fast_ws/install/lio_odom
[0.017s] -- Found ament_cmake: 1.3.14 (/opt/ros/humble/share/ament_cmake/cmake)
[0.077s] -- Override CMake install command with custom implementation using symlinks instead of copying resources
[0.080s] -- Found rclcpp: 16.0.19 (/opt/ros/humble/share/rclcpp/cmake)
[0.093s] -- Found rosidl_generator_c: 3.1.8 (/opt/ros/humble/share/rosidl_generator_c/cmake)
[0.094s] -- Found rosidl_adapter: 3.1.8 (/opt/ros/humble/share/rosidl_adapter/cmake)
[0.097s] -- Found rosidl_generator_cpp: 3.1.8 (/opt/ros/humble/share/rosidl_generator_cpp/cmake)
[0.101s] -- Using all available rosidl_typesupport_c: rosidl_typesupport_fastrtps_c;rosidl_typesupport_introspection_c
[0.106s] -- Using all available rosidl_typesupport_cpp: rosidl_typesupport_fastrtps_cpp;rosidl_typesupport_introspection_cpp
[0.122s] -- Found rmw_implementation_cmake: 6.1.2 (/opt/ros/humble/share/rmw_implementation_cmake/cmake)
[0.122s] -- Found rmw_cyclonedds_cpp: 1.3.4 (/opt/ros/humble/share/rmw_cyclonedds_cpp/cmake)
[0.130s] -- Using RMW implementation 'rmw_cyclonedds_cpp' as default
[0.154s] -- Found nav_msgs: 4.9.1 (/opt/ros/humble/share/nav_msgs/cmake)
[0.168s] -- Found tf2: 0.25.20 (/opt/ros/humble/share/tf2/cmake)
[0.170s] -- Found tf2_ros: 0.25.20 (/opt/ros/humble/share/tf2_ros/cmake)
[0.207s] -- Found tf2_geometry_msgs: 0.25.20 (/opt/ros/humble/share/tf2_geometry_msgs/cmake)
[0.209s] -- Found eigen3_cmake_module: 0.1.1 (/opt/ros/humble/share/eigen3_cmake_module/cmake)
[0.210s] -- Ensuring Eigen3 include directory is part of orocos-kdl CMake target
[0.244s] -- Configuring done
[0.249s] -- Generating done
[0.251s] -- Build files have been written to: /home/hy/ros_ws/fast_ws/build/lio_odom
[0.256s] Invoked command in '/home/hy/ros_ws/fast_ws/build/lio_odom' returned '0': CMAKE_PREFIX_PATH=/home/hy/ros_ws/fast_ws/install/lio_odom:/opt/ros/humble:/home/hy/ros_ws/fast_ws/install/fast_lio:/home/hy/ros_ws/livox_ws/install/livox_lidar_rosbag_converter:/home/hy/ros_ws/livox_ws/install/livox_ros_driver2 /usr/bin/cmake /home/hy/ros_ws/fast_ws/src/LIO_odom -DCMAKE_INSTALL_PREFIX=/home/hy/ros_ws/fast_ws/install/lio_odom
[0.256s] Invoking command in '/home/hy/ros_ws/fast_ws/build/lio_odom': CMAKE_PREFIX_PATH=/home/hy/ros_ws/fast_ws/install/lio_odom:/opt/ros/humble:/home/hy/ros_ws/fast_ws/install/fast_lio:/home/hy/ros_ws/livox_ws/install/livox_lidar_rosbag_converter:/home/hy/ros_ws/livox_ws/install/livox_ros_driver2 /usr/bin/cmake --build /home/hy/ros_ws/fast_ws/build/lio_odom -- -j32 -l32
[0.289s] [35m[1mConsolidate compiler generated dependencies of target odom_transformer[0m
[0.303s] [ 50%] [32mBuilding CXX object CMakeFiles/odom_transformer.dir/src/odom_transformer_node.cpp.o[0m
[6.006s] [100%] [32m[1mLinking CXX executable odom_transformer[0m
[6.099s] [100%] Built target odom_transformer
[6.108s] Invoked command in '/home/hy/ros_ws/fast_ws/build/lio_odom' returned '0': CMAKE_PREFIX_PATH=/home/hy/ros_ws/fast_ws/install/lio_odom:/opt/ros/humble:/home/hy/ros_ws/fast_ws/install/fast_lio:/home/hy/ros_ws/livox_ws/install/livox_lidar_rosbag_converter:/home/hy/ros_ws/livox_ws/install/livox_ros_driver2 /usr/bin/cmake --build /home/hy/ros_ws/fast_ws/build/lio_odom -- -j32 -l32
[6.114s] Invoking command in '/home/hy/ros_ws/fast_ws/build/lio_odom': CMAKE_PREFIX_PATH=/home/hy/ros_ws/fast_ws/install/lio_odom:/opt/ros/humble:/home/hy/ros_ws/fast_ws/install/fast_lio:/home/hy/ros_ws/livox_ws/install/livox_lidar_rosbag_converter:/home/hy/ros_ws/livox_ws/install/livox_ros_driver2 /usr/bin/cmake --install /home/hy/ros_ws/fast_ws/build/lio_odom
[6.117s] -- Install configuration: ""
[6.117s] -- Execute custom install script
[6.118s] -- Up-to-date symlink: /home/hy/ros_ws/fast_ws/install/lio_odom/lib/lio_odom/odom_transformer
[6.118s] -- Up-to-date symlink: /home/hy/ros_ws/fast_ws/install/lio_odom/share/lio_odom/launch/fast_lio_with_odom.launch.py
[6.118s] -- Up-to-date symlink: /home/hy/ros_ws/fast_ws/install/lio_odom/share/lio_odom/launch/minimal_odom.launch.py
[6.118s] -- Up-to-date symlink: /home/hy/ros_ws/fast_ws/install/lio_odom/share/lio_odom/launch/odom_transformer.launch.py
[6.118s] -- Up-to-date symlink: /home/hy/ros_ws/fast_ws/install/lio_odom/share/lio_odom/config/fast_lio_minimal.yaml
[6.118s] -- Up-to-date symlink: /home/hy/ros_ws/fast_ws/install/lio_odom/share/lio_odom/config/odom_transformer.yaml
[6.118s] -- Up-to-date symlink: /home/hy/ros_ws/fast_ws/install/lio_odom/share/ament_index/resource_index/package_run_dependencies/lio_odom
[6.118s] -- Up-to-date symlink: /home/hy/ros_ws/fast_ws/install/lio_odom/share/ament_index/resource_index/parent_prefix_path/lio_odom
[6.118s] -- Up-to-date symlink: /home/hy/ros_ws/fast_ws/install/lio_odom/share/lio_odom/environment/ament_prefix_path.sh
[6.118s] -- Up-to-date symlink: /home/hy/ros_ws/fast_ws/install/lio_odom/share/lio_odom/environment/ament_prefix_path.dsv
[6.118s] -- Up-to-date symlink: /home/hy/ros_ws/fast_ws/install/lio_odom/share/lio_odom/environment/path.sh
[6.118s] -- Up-to-date symlink: /home/hy/ros_ws/fast_ws/install/lio_odom/share/lio_odom/environment/path.dsv
[6.118s] -- Up-to-date symlink: /home/hy/ros_ws/fast_ws/install/lio_odom/share/lio_odom/local_setup.bash
[6.118s] -- Up-to-date symlink: /home/hy/ros_ws/fast_ws/install/lio_odom/share/lio_odom/local_setup.sh
[6.119s] -- Up-to-date symlink: /home/hy/ros_ws/fast_ws/install/lio_odom/share/lio_odom/local_setup.zsh
[6.119s] -- Up-to-date symlink: /home/hy/ros_ws/fast_ws/install/lio_odom/share/lio_odom/local_setup.dsv
[6.119s] -- Symlinking: /home/hy/ros_ws/fast_ws/install/lio_odom/share/lio_odom/package.dsv
[6.125s] -- Up-to-date symlink: /home/hy/ros_ws/fast_ws/install/lio_odom/share/ament_index/resource_index/packages/lio_odom
[6.125s] -- Up-to-date symlink: /home/hy/ros_ws/fast_ws/install/lio_odom/share/lio_odom/cmake/lio_odomConfig.cmake
[6.125s] -- Up-to-date symlink: /home/hy/ros_ws/fast_ws/install/lio_odom/share/lio_odom/cmake/lio_odomConfig-version.cmake
[6.125s] -- Up-to-date symlink: /home/hy/ros_ws/fast_ws/install/lio_odom/share/lio_odom/package.xml
[6.127s] Invoked command in '/home/hy/ros_ws/fast_ws/build/lio_odom' returned '0': CMAKE_PREFIX_PATH=/home/hy/ros_ws/fast_ws/install/lio_odom:/opt/ros/humble:/home/hy/ros_ws/fast_ws/install/fast_lio:/home/hy/ros_ws/livox_ws/install/livox_lidar_rosbag_converter:/home/hy/ros_ws/livox_ws/install/livox_ros_driver2 /usr/bin/cmake --install /home/hy/ros_ws/fast_ws/build/lio_odom
