[0.007s] Invoking command in '/home/hy/ros_ws/fast_ws/build/fast_lio': CMAKE_PREFIX_PATH=${CMAKE_PREFIX_PATH}:/opt/ros/humble /usr/bin/cmake --build /home/hy/ros_ws/fast_ws/build/fast_lio -- -j32 -l32
[0.051s] [  2%] Built target fast_lio__cpp
[0.051s] [  5%] Built target fast_lio__rs
[0.052s] [ 13%] Built target fast_lio__rosidl_generator_c
[0.059s] [ 13%] Built target ament_cmake_python_symlink_fast_lio
[0.066s] [ 22%] Built target fast_lio__rosidl_typesupport_introspection_cpp
[0.066s] [ 30%] Built target fast_lio__rosidl_typesupport_introspection_c
[0.068s] [ 38%] Built target fast_lio__rosidl_typesupport_cpp
[0.068s] [ 47%] Built target fast_lio__rosidl_typesupport_fastrtps_cpp
[0.068s] [ 55%] Built target fast_lio__rosidl_typesupport_c
[0.069s] [ 63%] Built target fast_lio__rosidl_typesupport_fastrtps_c
[0.083s] [35m[1mConsolidate compiler generated dependencies of target fastlio_mapping[0m
[0.083s] [ 63%] Built target fast_lio
[0.098s] [ 66%] Built target fast_lio__py
[0.106s] [ 69%] [32mBuilding CXX object CMakeFiles/fastlio_mapping.dir/src/laserMapping.cpp.o[0m
[0.106s] [ 72%] [32mBuilding CXX object CMakeFiles/fastlio_mapping.dir/src/preprocess.cpp.o[0m
[0.117s] [ 77%] Built target fast_lio__rosidl_generator_py
[0.138s] [ 94%] Built target fast_lio__rosidl_typesupport_c__pyext
[0.138s] [ 94%] Built target fast_lio__rosidl_typesupport_fastrtps_c__pyext
[0.138s] [ 94%] Built target fast_lio__rosidl_typesupport_introspection_c__pyext
[0.175s] running egg_info
[0.175s] writing fast_lio.egg-info/PKG-INFO
[0.175s] writing dependency_links to fast_lio.egg-info/dependency_links.txt
[0.175s] writing top-level names to fast_lio.egg-info/top_level.txt
[0.176s] reading manifest file 'fast_lio.egg-info/SOURCES.txt'
[0.176s] writing manifest file 'fast_lio.egg-info/SOURCES.txt'
[0.192s] [ 94%] Built target ament_cmake_python_build_fast_lio_egg
[3.179s] In file included from [01m[K/usr/include/boost/smart_ptr/detail/sp_thread_sleep.hpp:22[m[K,
[3.179s]                  from [01m[K/usr/include/boost/smart_ptr/detail/yield_k.hpp:23[m[K,
[3.179s]                  from [01m[K/usr/include/boost/smart_ptr/detail/spinlock_gcc_atomic.hpp:14[m[K,
[3.179s]                  from [01m[K/usr/include/boost/smart_ptr/detail/spinlock.hpp:42[m[K,
[3.179s]                  from [01m[K/usr/include/boost/smart_ptr/detail/spinlock_pool.hpp:25[m[K,
[3.179s]                  from [01m[K/usr/include/boost/smart_ptr/shared_ptr.hpp:29[m[K,
[3.179s]                  from [01m[K/usr/include/boost/shared_ptr.hpp:17[m[K,
[3.179s]                  from [01m[K/usr/include/boost/date_time/microsec_time_clock.hpp:18[m[K,
[3.179s]                  from [01m[K/usr/include/boost/interprocess/detail/posix_time_types_wrk.hpp:31[m[K,
[3.179s]                  from [01m[K/usr/include/boost/interprocess/detail/os_thread_functions.hpp:36[m[K,
[3.179s]                  from [01m[K/usr/include/boost/interprocess/sync/file_lock.hpp:26[m[K,
[3.179s]                  from [01m[K/usr/include/pcl-1.12/pcl/io/pcd_io.h:46[m[K,
[3.179s]                  from [01m[K/opt/ros/humble/include/pcl_conversions/pcl_conversions/pcl_conversions.h:73[m[K,
[3.179s]                  from [01m[K/home/hy/ros_ws/fast_ws/src/FAST_LIO/src/IMU_Processing.hpp:18[m[K,
[3.179s]                  from [01m[K/home/hy/ros_ws/fast_ws/src/FAST_LIO/src/laserMapping.cpp:47[m[K:
[3.179s] [01m[K/usr/include/boost/bind.hpp:36:1:[m[K [01;36m[Knote: [m[K‘[01m[K#pragma message: The practice of declaring the Bind placeholders (_1, _2, ...) in the global namespace is deprecated. Please use <boost/bind/bind.hpp> + using namespace boost::placeholders, or define BOOST_BIND_GLOBAL_PLACEHOLDERS to retain the current behavior.[m[K’
[3.179s]    36 | [01;36m[KBOOST_PRAGMA_MESSAGE[m[K(
[3.179s]       | [01;36m[K^~~~~~~~~~~~~~~~~~~~[m[K
[34.160s] [ 97%] [32m[1mLinking CXX executable fastlio_mapping[0m
[34.710s] [100%] Built target fastlio_mapping
[34.721s] Invoked command in '/home/hy/ros_ws/fast_ws/build/fast_lio' returned '0': CMAKE_PREFIX_PATH=${CMAKE_PREFIX_PATH}:/opt/ros/humble /usr/bin/cmake --build /home/hy/ros_ws/fast_ws/build/fast_lio -- -j32 -l32
[34.729s] Invoking command in '/home/hy/ros_ws/fast_ws/build/fast_lio': CMAKE_PREFIX_PATH=${CMAKE_PREFIX_PATH}:/opt/ros/humble /usr/bin/cmake --install /home/hy/ros_ws/fast_ws/build/fast_lio
[34.734s] -- Install configuration: "Release"
[34.734s] -- Execute custom install script
[34.734s] -- Up-to-date symlink: /home/hy/ros_ws/fast_ws/install/fast_lio/share/ament_index/resource_index/rosidl_interfaces/fast_lio
[34.734s] -- Up-to-date symlink: /home/hy/ros_ws/fast_ws/install/fast_lio/include/fast_lio/fast_lio/msg/detail/pose6_d__functions.h
[34.734s] -- Up-to-date symlink: /home/hy/ros_ws/fast_ws/install/fast_lio/include/fast_lio/fast_lio/msg/detail/pose6_d__struct.h
[34.735s] -- Up-to-date symlink: /home/hy/ros_ws/fast_ws/install/fast_lio/include/fast_lio/fast_lio/msg/detail/pose6_d__type_support.h
[34.735s] -- Up-to-date symlink: /home/hy/ros_ws/fast_ws/install/fast_lio/include/fast_lio/fast_lio/msg/pose6_d.h
[34.735s] -- Up-to-date symlink: /home/hy/ros_ws/fast_ws/install/fast_lio/include/fast_lio/fast_lio/msg/rosidl_generator_c__visibility_control.h
[34.735s] -- Up-to-date symlink: /home/hy/ros_ws/fast_ws/install/fast_lio/share/fast_lio/environment/library_path.sh
[34.735s] -- Up-to-date symlink: /home/hy/ros_ws/fast_ws/install/fast_lio/share/fast_lio/environment/library_path.dsv
[34.735s] -- Up-to-date symlink: /home/hy/ros_ws/fast_ws/install/fast_lio/include/fast_lio/fast_lio/msg/detail/pose6_d__rosidl_typesupport_fastrtps_c.h
[34.735s] -- Up-to-date symlink: /home/hy/ros_ws/fast_ws/install/fast_lio/include/fast_lio/fast_lio/msg/rosidl_typesupport_fastrtps_c__visibility_control.h
[34.735s] -- Up-to-date symlink: /home/hy/ros_ws/fast_ws/install/fast_lio/include/fast_lio/fast_lio/msg/detail/pose6_d__builder.hpp
[34.735s] -- Up-to-date symlink: /home/hy/ros_ws/fast_ws/install/fast_lio/include/fast_lio/fast_lio/msg/detail/pose6_d__struct.hpp
[34.735s] -- Up-to-date symlink: /home/hy/ros_ws/fast_ws/install/fast_lio/include/fast_lio/fast_lio/msg/detail/pose6_d__traits.hpp
[34.735s] -- Up-to-date symlink: /home/hy/ros_ws/fast_ws/install/fast_lio/include/fast_lio/fast_lio/msg/detail/pose6_d__type_support.hpp
[34.735s] -- Up-to-date symlink: /home/hy/ros_ws/fast_ws/install/fast_lio/include/fast_lio/fast_lio/msg/pose6_d.hpp
[34.735s] -- Up-to-date symlink: /home/hy/ros_ws/fast_ws/install/fast_lio/include/fast_lio/fast_lio/msg/rosidl_generator_cpp__visibility_control.hpp
[34.735s] -- Up-to-date symlink: /home/hy/ros_ws/fast_ws/install/fast_lio/include/fast_lio/fast_lio/msg/detail/pose6_d__rosidl_typesupport_fastrtps_cpp.hpp
[34.735s] -- Up-to-date symlink: /home/hy/ros_ws/fast_ws/install/fast_lio/include/fast_lio/fast_lio/msg/rosidl_typesupport_fastrtps_cpp__visibility_control.h
[34.735s] -- Up-to-date symlink: /home/hy/ros_ws/fast_ws/install/fast_lio/include/fast_lio/fast_lio/msg/detail/pose6_d__rosidl_typesupport_introspection_c.h
[34.735s] -- Up-to-date symlink: /home/hy/ros_ws/fast_ws/install/fast_lio/include/fast_lio/fast_lio/msg/rosidl_typesupport_introspection_c__visibility_control.h
[34.735s] -- Up-to-date symlink: /home/hy/ros_ws/fast_ws/install/fast_lio/include/fast_lio/fast_lio/msg/detail/pose6_d__rosidl_typesupport_introspection_cpp.hpp
[34.735s] -- Up-to-date symlink: /home/hy/ros_ws/fast_ws/install/fast_lio/share/fast_lio/environment/pythonpath.sh
[34.736s] -- Up-to-date symlink: /home/hy/ros_ws/fast_ws/install/fast_lio/share/fast_lio/environment/pythonpath.dsv
[34.736s] -- Up-to-date symlink: /home/hy/ros_ws/fast_ws/install/fast_lio/local/lib/python3.10/dist-packages/fast_lio-0.0.0-py3.10.egg-info/PKG-INFO
[34.736s] -- Up-to-date symlink: /home/hy/ros_ws/fast_ws/install/fast_lio/local/lib/python3.10/dist-packages/fast_lio-0.0.0-py3.10.egg-info/SOURCES.txt
[34.736s] -- Up-to-date symlink: /home/hy/ros_ws/fast_ws/install/fast_lio/local/lib/python3.10/dist-packages/fast_lio-0.0.0-py3.10.egg-info/dependency_links.txt
[34.736s] -- Up-to-date symlink: /home/hy/ros_ws/fast_ws/install/fast_lio/local/lib/python3.10/dist-packages/fast_lio-0.0.0-py3.10.egg-info/top_level.txt
[34.736s] -- Up-to-date symlink: /home/hy/ros_ws/fast_ws/install/fast_lio/local/lib/python3.10/dist-packages/fast_lio/__init__.py
[34.736s] -- Up-to-date symlink: /home/hy/ros_ws/fast_ws/install/fast_lio/local/lib/python3.10/dist-packages/fast_lio/_fast_lio_s.ep.rosidl_typesupport_c.c
[34.736s] -- Up-to-date symlink: /home/hy/ros_ws/fast_ws/install/fast_lio/local/lib/python3.10/dist-packages/fast_lio/_fast_lio_s.ep.rosidl_typesupport_fastrtps_c.c
[34.736s] -- Up-to-date symlink: /home/hy/ros_ws/fast_ws/install/fast_lio/local/lib/python3.10/dist-packages/fast_lio/_fast_lio_s.ep.rosidl_typesupport_introspection_c.c
[34.736s] -- Up-to-date symlink: /home/hy/ros_ws/fast_ws/install/fast_lio/local/lib/python3.10/dist-packages/fast_lio/fast_lio_s__rosidl_typesupport_c.cpython-310-x86_64-linux-gnu.so
[34.736s] -- Up-to-date symlink: /home/hy/ros_ws/fast_ws/install/fast_lio/local/lib/python3.10/dist-packages/fast_lio/fast_lio_s__rosidl_typesupport_fastrtps_c.cpython-310-x86_64-linux-gnu.so
[34.736s] -- Up-to-date symlink: /home/hy/ros_ws/fast_ws/install/fast_lio/local/lib/python3.10/dist-packages/fast_lio/fast_lio_s__rosidl_typesupport_introspection_c.cpython-310-x86_64-linux-gnu.so
[34.736s] -- Up-to-date symlink: /home/hy/ros_ws/fast_ws/install/fast_lio/local/lib/python3.10/dist-packages/fast_lio/libfast_lio__rosidl_generator_py.so
[34.736s] -- Up-to-date symlink: /home/hy/ros_ws/fast_ws/install/fast_lio/local/lib/python3.10/dist-packages/fast_lio/msg/__init__.py
[34.736s] -- Up-to-date symlink: /home/hy/ros_ws/fast_ws/install/fast_lio/local/lib/python3.10/dist-packages/fast_lio/msg/_pose6_d.py
[34.737s] -- Up-to-date symlink: /home/hy/ros_ws/fast_ws/install/fast_lio/local/lib/python3.10/dist-packages/fast_lio/msg/_pose6_d_s.c
[34.737s] -- Up-to-date symlink: /home/hy/ros_ws/fast_ws/install/fast_lio/local/lib/python3.10/dist-packages/fast_lio/fast_lio_s__rosidl_typesupport_fastrtps_c.cpython-310-x86_64-linux-gnu.so
[34.737s] -- Up-to-date symlink: /home/hy/ros_ws/fast_ws/install/fast_lio/local/lib/python3.10/dist-packages/fast_lio/fast_lio_s__rosidl_typesupport_introspection_c.cpython-310-x86_64-linux-gnu.so
[34.737s] -- Up-to-date symlink: /home/hy/ros_ws/fast_ws/install/fast_lio/local/lib/python3.10/dist-packages/fast_lio/fast_lio_s__rosidl_typesupport_c.cpython-310-x86_64-linux-gnu.so
[34.737s] -- Up-to-date symlink: /home/hy/ros_ws/fast_ws/install/fast_lio/share/ament_index/resource_index/rust_packages/fast_lio
[34.737s] -- Up-to-date symlink: /home/hy/ros_ws/fast_ws/install/fast_lio/share/fast_lio/rust/Cargo.toml
[34.737s] -- Up-to-date symlink: /home/hy/ros_ws/fast_ws/install/fast_lio/share/fast_lio/rust/build.rs
[34.737s] -- Up-to-date symlink: /home/hy/ros_ws/fast_ws/install/fast_lio/share/fast_lio/rust/src/lib.rs
[34.737s] -- Up-to-date symlink: /home/hy/ros_ws/fast_ws/install/fast_lio/share/fast_lio/rust/src/msg.rs
[34.737s] -- Up-to-date symlink: /home/hy/ros_ws/fast_ws/install/fast_lio/share/fast_lio/rust/src/msg/rmw.rs
[34.737s] -- Up-to-date symlink: /home/hy/ros_ws/fast_ws/install/fast_lio/share/fast_lio/msg/Pose6D.idl
[34.737s] -- Up-to-date symlink: /home/hy/ros_ws/fast_ws/install/fast_lio/share/fast_lio/msg/Pose6D.msg
[34.737s] -- Up-to-date symlink: /home/hy/ros_ws/fast_ws/install/fast_lio/lib/fast_lio/fastlio_mapping
[34.737s] -- Up-to-date symlink: /home/hy/ros_ws/fast_ws/install/fast_lio/share/fast_lio/config/avia.yaml
[34.737s] -- Up-to-date symlink: /home/hy/ros_ws/fast_ws/install/fast_lio/share/fast_lio/config/horizon.yaml
[34.738s] -- Up-to-date symlink: /home/hy/ros_ws/fast_ws/install/fast_lio/share/fast_lio/config/mid360.yaml
[34.738s] -- Up-to-date symlink: /home/hy/ros_ws/fast_ws/install/fast_lio/share/fast_lio/config/ouster64.yaml
[34.738s] -- Up-to-date symlink: /home/hy/ros_ws/fast_ws/install/fast_lio/share/fast_lio/config/velodyne.yaml
[34.738s] -- Up-to-date symlink: /home/hy/ros_ws/fast_ws/install/fast_lio/share/fast_lio/launch/gdb_debug_example.launch
[34.738s] -- Up-to-date symlink: /home/hy/ros_ws/fast_ws/install/fast_lio/share/fast_lio/launch/mapping.launch.py
[34.738s] -- Up-to-date symlink: /home/hy/ros_ws/fast_ws/install/fast_lio/share/fast_lio/rviz/fastlio.rviz
[34.738s] -- Up-to-date symlink: /home/hy/ros_ws/fast_ws/install/fast_lio/share/ament_index/resource_index/package_run_dependencies/fast_lio
[34.738s] -- Up-to-date symlink: /home/hy/ros_ws/fast_ws/install/fast_lio/share/ament_index/resource_index/parent_prefix_path/fast_lio
[34.738s] -- Up-to-date symlink: /home/hy/ros_ws/fast_ws/install/fast_lio/share/fast_lio/environment/ament_prefix_path.sh
[34.738s] -- Up-to-date symlink: /home/hy/ros_ws/fast_ws/install/fast_lio/share/fast_lio/environment/ament_prefix_path.dsv
[34.738s] -- Up-to-date symlink: /home/hy/ros_ws/fast_ws/install/fast_lio/share/fast_lio/environment/path.sh
[34.738s] -- Up-to-date symlink: /home/hy/ros_ws/fast_ws/install/fast_lio/share/fast_lio/environment/path.dsv
[34.738s] -- Up-to-date symlink: /home/hy/ros_ws/fast_ws/install/fast_lio/share/fast_lio/local_setup.bash
[34.738s] -- Up-to-date symlink: /home/hy/ros_ws/fast_ws/install/fast_lio/share/fast_lio/local_setup.sh
[34.738s] -- Up-to-date symlink: /home/hy/ros_ws/fast_ws/install/fast_lio/share/fast_lio/local_setup.zsh
[34.738s] -- Up-to-date symlink: /home/hy/ros_ws/fast_ws/install/fast_lio/share/fast_lio/local_setup.dsv
[34.738s] -- Symlinking: /home/hy/ros_ws/fast_ws/install/fast_lio/share/fast_lio/package.dsv
[34.745s] -- Up-to-date symlink: /home/hy/ros_ws/fast_ws/install/fast_lio/share/ament_index/resource_index/packages/fast_lio
[34.745s] -- Up-to-date symlink: /home/hy/ros_ws/fast_ws/install/fast_lio/share/fast_lio/cmake/rosidl_cmake-extras.cmake
[34.745s] -- Up-to-date symlink: /home/hy/ros_ws/fast_ws/install/fast_lio/share/fast_lio/cmake/ament_cmake_export_include_directories-extras.cmake
[34.745s] -- Up-to-date symlink: /home/hy/ros_ws/fast_ws/install/fast_lio/share/fast_lio/cmake/ament_cmake_export_libraries-extras.cmake
[34.745s] -- Up-to-date symlink: /home/hy/ros_ws/fast_ws/install/fast_lio/share/fast_lio/cmake/ament_cmake_export_targets-extras.cmake
[34.745s] -- Up-to-date symlink: /home/hy/ros_ws/fast_ws/install/fast_lio/share/fast_lio/cmake/rosidl_cmake_export_typesupport_targets-extras.cmake
[34.745s] -- Up-to-date symlink: /home/hy/ros_ws/fast_ws/install/fast_lio/share/fast_lio/cmake/ament_cmake_export_dependencies-extras.cmake
[34.745s] -- Up-to-date symlink: /home/hy/ros_ws/fast_ws/install/fast_lio/share/fast_lio/cmake/rosidl_cmake_export_typesupport_libraries-extras.cmake
[34.745s] -- Up-to-date symlink: /home/hy/ros_ws/fast_ws/install/fast_lio/share/fast_lio/cmake/fast_lioConfig.cmake
[34.745s] -- Up-to-date symlink: /home/hy/ros_ws/fast_ws/install/fast_lio/share/fast_lio/cmake/fast_lioConfig-version.cmake
[34.745s] -- Up-to-date symlink: /home/hy/ros_ws/fast_ws/install/fast_lio/share/fast_lio/package.xml
[34.745s] -- Up-to-date: /home/hy/ros_ws/fast_ws/install/fast_lio/lib/libfast_lio__rosidl_generator_c.so
[34.745s] -- Up-to-date: /home/hy/ros_ws/fast_ws/install/fast_lio/lib/libfast_lio__rosidl_typesupport_fastrtps_c.so
[34.745s] -- Up-to-date: /home/hy/ros_ws/fast_ws/install/fast_lio/lib/libfast_lio__rosidl_typesupport_fastrtps_cpp.so
[34.745s] -- Up-to-date: /home/hy/ros_ws/fast_ws/install/fast_lio/lib/libfast_lio__rosidl_typesupport_introspection_c.so
[34.745s] -- Up-to-date: /home/hy/ros_ws/fast_ws/install/fast_lio/lib/libfast_lio__rosidl_typesupport_c.so
[34.746s] -- Up-to-date: /home/hy/ros_ws/fast_ws/install/fast_lio/lib/libfast_lio__rosidl_typesupport_introspection_cpp.so
[34.746s] -- Up-to-date: /home/hy/ros_ws/fast_ws/install/fast_lio/lib/libfast_lio__rosidl_typesupport_cpp.so
[34.768s] Listing '/home/hy/ros_ws/fast_ws/install/fast_lio/local/lib/python3.10/dist-packages/fast_lio'...
[34.768s] Listing '/home/hy/ros_ws/fast_ws/install/fast_lio/local/lib/python3.10/dist-packages/fast_lio/msg'...
[34.770s] -- Up-to-date: /home/hy/ros_ws/fast_ws/install/fast_lio/lib/libfast_lio__rosidl_generator_py.so
[34.770s] -- Up-to-date: /home/hy/ros_ws/fast_ws/install/fast_lio/share/fast_lio/cmake/export_fast_lio__rosidl_generator_cExport.cmake
[34.770s] -- Up-to-date: /home/hy/ros_ws/fast_ws/install/fast_lio/share/fast_lio/cmake/export_fast_lio__rosidl_generator_cExport-release.cmake
[34.770s] -- Up-to-date: /home/hy/ros_ws/fast_ws/install/fast_lio/share/fast_lio/cmake/export_fast_lio__rosidl_typesupport_fastrtps_cExport.cmake
[34.770s] -- Up-to-date: /home/hy/ros_ws/fast_ws/install/fast_lio/share/fast_lio/cmake/export_fast_lio__rosidl_typesupport_fastrtps_cExport-release.cmake
[34.770s] -- Up-to-date: /home/hy/ros_ws/fast_ws/install/fast_lio/share/fast_lio/cmake/export_fast_lio__rosidl_generator_cppExport.cmake
[34.770s] -- Up-to-date: /home/hy/ros_ws/fast_ws/install/fast_lio/share/fast_lio/cmake/export_fast_lio__rosidl_typesupport_fastrtps_cppExport.cmake
[34.770s] -- Up-to-date: /home/hy/ros_ws/fast_ws/install/fast_lio/share/fast_lio/cmake/export_fast_lio__rosidl_typesupport_fastrtps_cppExport-release.cmake
[34.770s] -- Up-to-date: /home/hy/ros_ws/fast_ws/install/fast_lio/share/fast_lio/cmake/fast_lio__rosidl_typesupport_introspection_cExport.cmake
[34.770s] -- Up-to-date: /home/hy/ros_ws/fast_ws/install/fast_lio/share/fast_lio/cmake/fast_lio__rosidl_typesupport_introspection_cExport-release.cmake
[34.770s] -- Up-to-date: /home/hy/ros_ws/fast_ws/install/fast_lio/share/fast_lio/cmake/fast_lio__rosidl_typesupport_cExport.cmake
[34.771s] -- Up-to-date: /home/hy/ros_ws/fast_ws/install/fast_lio/share/fast_lio/cmake/fast_lio__rosidl_typesupport_cExport-release.cmake
[34.771s] -- Up-to-date: /home/hy/ros_ws/fast_ws/install/fast_lio/share/fast_lio/cmake/fast_lio__rosidl_typesupport_introspection_cppExport.cmake
[34.771s] -- Up-to-date: /home/hy/ros_ws/fast_ws/install/fast_lio/share/fast_lio/cmake/fast_lio__rosidl_typesupport_introspection_cppExport-release.cmake
[34.771s] -- Up-to-date: /home/hy/ros_ws/fast_ws/install/fast_lio/share/fast_lio/cmake/fast_lio__rosidl_typesupport_cppExport.cmake
[34.771s] -- Up-to-date: /home/hy/ros_ws/fast_ws/install/fast_lio/share/fast_lio/cmake/fast_lio__rosidl_typesupport_cppExport-release.cmake
[34.771s] -- Up-to-date: /home/hy/ros_ws/fast_ws/install/fast_lio/share/fast_lio/cmake/export_fast_lio__rosidl_generator_pyExport.cmake
[34.771s] -- Up-to-date: /home/hy/ros_ws/fast_ws/install/fast_lio/share/fast_lio/cmake/export_fast_lio__rosidl_generator_pyExport-release.cmake
[34.772s] Invoked command in '/home/hy/ros_ws/fast_ws/build/fast_lio' returned '0': CMAKE_PREFIX_PATH=${CMAKE_PREFIX_PATH}:/opt/ros/humble /usr/bin/cmake --install /home/hy/ros_ws/fast_ws/build/fast_lio
