[0.000000] (-) TimerEvent: {}
[0.000365] (fast_lio) JobQueued: {'identifier': 'fast_lio', 'dependencies': OrderedDict()}
[0.000608] (fast_lio) JobStarted: {'identifier': 'fast_lio'}
[0.005649] (fast_lio) JobProgress: {'identifier': 'fast_lio', 'progress': 'cmake'}
[0.006312] (fast_lio) JobProgress: {'identifier': 'fast_lio', 'progress': 'build'}
[0.006933] (fast_lio) Command: {'cmd': ['/usr/bin/cmake', '--build', '/home/hy/ros_ws/fast_ws/build/fast_lio', '--', '-j32', '-l32'], 'cwd': '/home/hy/ros_ws/fast_ws/build/fast_lio', 'env': OrderedDict([('npm_config_devdir', '/tmp/cursor-sandbox-cache/76e0f5f22b970d12c04b1c4f98e8eb32/node-gyp'), ('LESSOPEN', '| /usr/bin/lesspipe %s'), ('VSCODE_CWD', '/home/hy/下载/squashfs-root'), ('CURSOR_EXTENSION_HOST_ROLE', 'agent-exec'), ('VSCODE_ESM_ENTRYPOINT', 'vs/workbench/api/node/extensionHostProcess'), ('PUPPETEER_CACHE_DIR', '/tmp/cursor-sandbox-cache/76e0f5f22b970d12c04b1c4f98e8eb32/puppeteer'), ('HTTPS_PROXY', 'http://127.0.0.1:38597'), ('no_proxy', '127.0.0.1,::1,localhost'), ('LANGUAGE', 'zh_CN:zh'), ('USER', 'hy'), ('VSCODE_NLS_CONFIG', '{"userLocale":"zh-cn","osLocale":"zh-cn","resolvedLanguage":"zh-cn","defaultMessagesFile":"/home/hy/下载/squashfs-root/usr/share/cursor/resources/app/out/nls.messages.json","languagePack":{"translationsConfigFile":"/home/hy/.config/Cursor/clp/3bfb7f1471a52e527cfc1587dd57c7c1.zh-cn/tcf.json","messagesFile":"/home/hy/.config/Cursor/clp/3bfb7f1471a52e527cfc1587dd57c7c1.zh-cn/81fcf2931d7687b4ff3f3017858d0c6dee7e2a60/nls.messages.json","corruptMarkerFile":"/home/hy/.config/Cursor/clp/3bfb7f1471a52e527cfc1587dd57c7c1.zh-cn/corrupted.info"},"locale":"zh-cn","availableLanguages":{"*":"zh-cn"},"_languagePackId":"3bfb7f1471a52e527cfc1587dd57c7c1.zh-cn","_languagePackSupport":true,"_translationsConfigFile":"/home/hy/.config/Cursor/clp/3bfb7f1471a52e527cfc1587dd57c7c1.zh-cn/tcf.json","_cacheRoot":"/home/hy/.config/Cursor/clp/3bfb7f1471a52e527cfc1587dd57c7c1.zh-cn","_resolvedLanguagePackCoreLocation":"/home/hy/.config/Cursor/clp/3bfb7f1471a52e527cfc1587dd57c7c1.zh-cn/81fcf2931d7687b4ff3f3017858d0c6dee7e2a60","_corruptedFile":"/home/hy/.config/Cursor/clp/3bfb7f1471a52e527cfc1587dd57c7c1.zh-cn/corrupted.info"}'), ('CARGO_TARGET_DIR', '/tmp/cursor-sandbox-cache/76e0f5f22b970d12c04b1c4f98e8eb32/cargo-target'), ('CCACHE_DIR', '/tmp/cursor-sandbox-cache/76e0f5f22b970d12c04b1c4f98e8eb32/ccache'), ('all_proxy', 'http://127.0.0.1:38597'), ('VSCODE_HANDLES_UNCAUGHT_ERRORS', 'true'), ('XDG_SESSION_TYPE', 'x11'), ('CURSOR_RIPGREP_PATH', '/home/hy/下载/squashfs-root/usr/share/cursor/resources/app/node_modules/@vscode/ripgrep/bin/rg'), ('PIP_CACHE_DIR', '/tmp/cursor-sandbox-cache/76e0f5f22b970d12c04b1c4f98e8eb32/pip'), ('NUGET_PACKAGES', '/tmp/cursor-sandbox-cache/76e0f5f22b970d12c04b1c4f98e8eb32/nuget'), ('HOMEBREW_CACHE', '/tmp/cursor-sandbox-cache/76e0f5f22b970d12c04b1c4f98e8eb32/homebrew'), ('SHLVL', '1'), ('LD_LIBRARY_PATH', '/home/hy/ros_ws/livox_ws/install/livox_ros_driver2/lib:/usr/local/cuda/lib64:/usr/local/cuda/lib64:/opt/ros/humble/opt/rviz_ogre_vendor/lib:/opt/ros/humble/lib/x86_64-linux-gnu:/opt/ros/humble/lib:/home/hy/下载/squashfs-root/usr/lib/:/home/hy/下载/squashfs-root/usr/lib32/:/home/hy/下载/squashfs-root/usr/lib64/:/home/hy/下载/squashfs-root/lib/:/home/hy/下载/squashfs-root/lib/i386-linux-gnu/:/home/hy/下载/squashfs-root/lib/x86_64-linux-gnu/:/home/hy/下载/squashfs-root/lib/aarch64-linux-gnu/:/home/hy/下载/squashfs-root/lib32/:/home/hy/下载/squashfs-root/lib64/:'), ('SOCKS_PROXY', 'socks5://127.0.0.1:40571'), ('HOME', '/home/hy'), ('CHROME_DESKTOP', 'cursor.desktop'), ('OLDPWD', '/home/hy/下载'), ('DESKTOP_SESSION', 'ubuntu'), ('NO_PROXY', '127.0.0.1,::1,localhost'), ('PERLLIB', '/home/hy/下载/squashfs-root/usr/share/perl5/:/home/hy/下载/squashfs-root/usr/lib/perl5/:'), ('VSCODE_IPC_HOOK', '/run/user/1000/vscode-761d0f39-3.6.-main.sock'), ('GIO_LAUNCHED_DESKTOP_FILE', '/home/hy/.config/autostart/my-programs.desktop'), ('ROS_PYTHON_VERSION', '3'), ('GNOME_SHELL_SESSION_MODE', 'ubuntu'), ('GTK_MODULES', 'gail:atk-bridge'), ('CURSOR_ORIG_UID', '1000'), ('CURSOR_WORKSPACE_LABEL', 'fast_ws'), ('MANAGERPID', '2354'), ('SYSTEMD_EXEC_PID', '2825'), ('NO_COLOR', '1'), ('CONDA_PKGS_DIRS', '/tmp/cursor-sandbox-cache/76e0f5f22b970d12c04b1c4f98e8eb32/conda'), ('DBUS_SESSION_BUS_ADDRESS', 'unix:path=/run/user/1000/bus'), ('GIO_LAUNCHED_DESKTOP_FILE_PID', '3154'), ('VSCODE_CRASH_REPORTER_PROCESS_TYPE', 'extensionHost'), ('COMPOSER_HOME', '/tmp/cursor-sandbox-cache/76e0f5f22b970d12c04b1c4f98e8eb32/composer'), ('IM_CONFIG_PHASE', '1'), ('https_proxy', 'http://127.0.0.1:38597'), ('COLCON_PREFIX_PATH', '/home/hy/ros_ws/livox_ws/install'), ('ROS_DISTRO', 'humble'), ('GTK_IM_MODULE', 'fcitx'), ('LOGNAME', 'hy'), ('FORCE_COLOR', '0'), ('ALL_PROXY', 'http://127.0.0.1:38597'), ('DESKTOP_AUTOSTART_ID', '10951c59279e0edfb178105129545180400000028250016'), ('http_proxy', 'http://127.0.0.1:38597'), ('JOURNAL_STREAM', '8:26068'), ('BUN_INSTALL_CACHE_DIR', '/tmp/cursor-sandbox-cache/76e0f5f22b970d12c04b1c4f98e8eb32/bun'), ('_', '/usr/bin/colcon'), ('ROS_VERSION', '2'), ('CURSOR_LAYOUT', 'unifiedAgent'), ('GOMODCACHE', '/tmp/cursor-sandbox-cache/76e0f5f22b970d12c04b1c4f98e8eb32/go-mod'), ('XDG_SESSION_CLASS', 'user'), ('USERNAME', 'hy'), ('CP_HOME_DIR', '/tmp/cursor-sandbox-cache/76e0f5f22b970d12c04b1c4f98e8eb32/cocoapods'), ('socks_proxy', 'socks5://127.0.0.1:40571'), ('TERM', 'dumb'), ('GNOME_DESKTOP_SESSION_ID', 'this-is-deprecated'), ('SOCKS5_PROXY', 'socks5://127.0.0.1:40571'), ('FC_FONTATIONS', '1'), ('ROS_LOCALHOST_ONLY', '0'), ('WINDOWPATH', '2'), ('POETRY_CACHE_DIR', '/tmp/cursor-sandbox-cache/76e0f5f22b970d12c04b1c4f98e8eb32/poetry'), ('PATH', '/home/hy/.local/bin:/usr/local/cuda/bin:/home/hy/下载/squashfs-root/usr/share/cursor/resources/app/resources/helpers:/home/hy/.local/bin:/usr/local/cuda/bin:/opt/ros/humble/bin:/home/hy/下载/squashfs-root/usr/bin/:/home/hy/下载/squashfs-root/usr/sbin/:/home/hy/下载/squashfs-root/usr/games/:/home/hy/下载/squashfs-root/bin/:/home/hy/下载/squashfs-root/sbin/:/home/hy/.local/bin:/usr/local/sbin:/usr/local/bin:/usr/sbin:/usr/bin:/sbin:/bin:/usr/games:/usr/local/games:/snap/bin:/snap/bin'), ('SESSION_MANAGER', 'local/hy:@/tmp/.ICE-unix/2825,unix/hy:/tmp/.ICE-unix/2825'), ('YARN_CACHE_FOLDER', '/tmp/cursor-sandbox-cache/76e0f5f22b970d12c04b1c4f98e8eb32/yarn'), ('INVOCATION_ID', '2dbe126b5622426bb25ff6704539e9f0'), ('UV_CACHE_DIR', '/tmp/cursor-sandbox-cache/76e0f5f22b970d12c04b1c4f98e8eb32/uv'), ('XDG_MENU_PREFIX', 'gnome-'), ('VSCODE_PROCESS_TITLE', 'extension-host (agent-exec) fast_ws [4-26]'), ('PLAYWRIGHT_BROWSERS_PATH', '/tmp/cursor-sandbox-cache/76e0f5f22b970d12c04b1c4f98e8eb32/playwright'), ('XDG_RUNTIME_DIR', '/run/user/1000'), ('BUNDLE_PATH', '/tmp/cursor-sandbox-cache/76e0f5f22b970d12c04b1c4f98e8eb32/bundle'), ('GDK_BACKEND', 'x11'), ('CURSOR_AGENT', '1'), ('DISPLAY', ':1'), ('LANG', 'zh_CN.UTF-8'), ('XDG_CURRENT_DESKTOP', 'ubuntu:GNOME'), ('NX_CACHE_DIRECTORY', '/tmp/cursor-sandbox-cache/76e0f5f22b970d12c04b1c4f98e8eb32/nx'), ('RMW_IMPLEMENTATION', 'rmw_cyclonedds_cpp'), ('XMODIFIERS', '@im=fcitx'), ('XDG_SESSION_DESKTOP', 'ubuntu'), ('XAUTHORITY', '/run/user/1000/gdm/Xauthority'), ('LS_COLORS', ''), ('CYPRESS_CACHE_FOLDER', '/tmp/cursor-sandbox-cache/76e0f5f22b970d12c04b1c4f98e8eb32/cypress'), ('SSH_AGENT_LAUNCHER', 'gnome-keyring'), ('SSH_AUTH_SOCK', '/run/user/1000/keyring/ssh'), ('PNPM_STORE_PATH', '/tmp/cursor-sandbox-cache/76e0f5f22b970d12c04b1c4f98e8eb32/pnpm-store'), ('GSETTINGS_SCHEMA_DIR', '/home/hy/下载/squashfs-root/usr/share/glib-2.0/schemas/:'), ('AMENT_PREFIX_PATH', '/home/hy/ros_ws/livox_ws/install/livox_lidar_rosbag_converter:/home/hy/ros_ws/livox_ws/install/livox_ros_driver2:/opt/ros/humble'), ('SHELL', '/bin/bash'), ('CURSOR_SANDBOX', 'native'), ('GOCACHE', '/tmp/cursor-sandbox-cache/76e0f5f22b970d12c04b1c4f98e8eb32/go-build'), ('QT_ACCESSIBILITY', '1'), ('ELECTRON_RUN_AS_NODE', '1'), ('GDMSESSION', 'ubuntu'), ('LESSCLOSE', '/usr/bin/lesspipe %s %s'), ('GIT_HTTP_PROXY', 'http://127.0.0.1:38597'), ('GPG_AGENT_INFO', '/run/user/1000/gnupg/S.gpg-agent:0:1'), ('socks5_proxy', 'socks5://127.0.0.1:40571'), ('QT_IM_MODULE', 'fcitx'), ('NPM_CONFIG_CACHE', '/tmp/cursor-sandbox-cache/76e0f5f22b970d12c04b1c4f98e8eb32/npm'), ('PWD', '/home/hy/ros_ws/fast_ws/build/fast_lio'), ('GRADLE_USER_HOME', '/tmp/cursor-sandbox-cache/76e0f5f22b970d12c04b1c4f98e8eb32/gradle'), ('XDG_CONFIG_DIRS', '/etc/xdg/xdg-ubuntu:/etc/xdg'), ('VSCODE_CODE_CACHE_PATH', '/home/hy/.config/Cursor/CachedData/81fcf2931d7687b4ff3f3017858d0c6dee7e2a60'), ('CLUTTER_IM_MODULE', 'fcitx'), ('CURSOR_ORIG_GID', '1000'), ('XDG_DATA_DIRS', '/home/hy/下载/squashfs-root/usr/share/:/usr/local/share:/usr/share:/usr/share/ubuntu:/usr/share/gnome:/usr/local/share/:/usr/share/:/var/lib/snapd/desktop'), ('GIT_HTTPS_PROXY', 'http://127.0.0.1:38597'), ('PYTHONPATH', '/home/hy/ros_ws/livox_ws/install/livox_ros_driver2/local/lib/python3.10/dist-packages:/opt/ros/humble/lib/python3.10/site-packages:/opt/ros/humble/local/lib/python3.10/dist-packages'), ('HTTP_PROXY', 'http://127.0.0.1:38597'), ('TURBO_CACHE_DIR', '/tmp/cursor-sandbox-cache/76e0f5f22b970d12c04b1c4f98e8eb32/turbo'), ('QT_PLUGIN_PATH', '/home/hy/下载/squashfs-root/usr/lib/qt4/plugins/:/home/hy/下载/squashfs-root/usr/lib/i386-linux-gnu/qt4/plugins/:/home/hy/下载/squashfs-root/usr/lib/x86_64-linux-gnu/qt4/plugins/:/home/hy/下载/squashfs-root/usr/lib/aarch64-linux-gnu/qt4/plugins/:/home/hy/下载/squashfs-root/usr/lib32/qt4/plugins/:/home/hy/下载/squashfs-root/usr/lib64/qt4/plugins/:/home/hy/下载/squashfs-root/usr/lib/qt5/plugins/:/home/hy/下载/squashfs-root/usr/lib/i386-linux-gnu/qt5/plugins/:/home/hy/下载/squashfs-root/usr/lib/x86_64-linux-gnu/qt5/plugins/:/home/hy/下载/squashfs-root/usr/lib/aarch64-linux-gnu/qt5/plugins/:/home/hy/下载/squashfs-root/usr/lib32/qt5/plugins/:/home/hy/下载/squashfs-root/usr/lib64/qt5/plugins/:'), ('COLCON', '1'), ('__CURSOR_SANDBOX_ENV_RESTORE', "builtin export HTTP_PROXY='http://127.0.0.1:38597'; builtin export HTTPS_PROXY='http://127.0.0.1:38597'; builtin export http_proxy='http://127.0.0.1:38597'; builtin export https_proxy='http://127.0.0.1:38597'; builtin export GIT_HTTP_PROXY='http://127.0.0.1:38597'; builtin export GIT_HTTPS_PROXY='http://127.0.0.1:38597'; builtin export SOCKS_PROXY='socks5://127.0.0.1:40571'; builtin export SOCKS5_PROXY='socks5://127.0.0.1:40571'; builtin export socks_proxy='socks5://127.0.0.1:40571'; builtin export socks5_proxy='socks5://127.0.0.1:40571'; builtin export ALL_PROXY='http://127.0.0.1:38597'; builtin export all_proxy='http://127.0.0.1:38597'; builtin export NO_PROXY='127.0.0.1,::1,localhost'; builtin export no_proxy='127.0.0.1,::1,localhost'"), ('_ZO_DOCTOR', '0'), ('GEM_SPEC_CACHE', '/tmp/cursor-sandbox-cache/76e0f5f22b970d12c04b1c4f98e8eb32/gem-specs'), ('CURSOR_SANDBOX_LANDLOCK_STATUS', 'fully_enforced'), ('CMAKE_PREFIX_PATH', '/home/hy/ros_ws/livox_ws/install/livox_lidar_rosbag_converter:/home/hy/ros_ws/livox_ws/install/livox_ros_driver2:/opt/ros/humble'), ('VSCODE_PID', '3870')]), 'shell': False}
[0.051243] (fast_lio) StdoutLine: {'line': b'[  2%] Built target fast_lio__rs\n'}
[0.051671] (fast_lio) StdoutLine: {'line': b'[ 11%] Built target fast_lio__rosidl_generator_c\n'}
[0.051794] (fast_lio) StdoutLine: {'line': b'[ 13%] Built target fast_lio__cpp\n'}
[0.057927] (fast_lio) StdoutLine: {'line': b'[ 13%] Built target ament_cmake_python_symlink_fast_lio\n'}
[0.069446] (fast_lio) StdoutLine: {'line': b'[ 30%] Built target fast_lio__rosidl_typesupport_introspection_c\n'}
[0.069533] (fast_lio) StdoutLine: {'line': b'[ 25%] Built target fast_lio__rosidl_typesupport_c\n'}
[0.069743] (fast_lio) StdoutLine: {'line': b'[ 38%] Built target fast_lio__rosidl_typesupport_fastrtps_c\n'}
[0.070473] (fast_lio) StdoutLine: {'line': b'[ 47%] Built target fast_lio__rosidl_typesupport_introspection_cpp\n'}
[0.070640] (fast_lio) StdoutLine: {'line': b'[ 55%] Built target fast_lio__rosidl_typesupport_cpp\n'}
[0.073917] (fast_lio) StdoutLine: {'line': b'[ 63%] Built target fast_lio__rosidl_typesupport_fastrtps_cpp\n'}
[0.089056] (fast_lio) StdoutLine: {'line': b'[ 63%] Built target fast_lio\n'}
[0.097736] (fast_lio) StdoutLine: {'line': b'Consolidate compiler generated dependencies of target fastlio_mapping\n'}
[0.100044] (-) TimerEvent: {}
[0.104422] (fast_lio) StdoutLine: {'line': b'[ 66%] Built target fast_lio__py\n'}
[0.112872] (fast_lio) StdoutLine: {'line': b'[ 69%] Building CXX object CMakeFiles/fastlio_mapping.dir/src/laserMapping.cpp.o\n'}
[0.124250] (fast_lio) StdoutLine: {'line': b'[ 75%] Built target fast_lio__rosidl_generator_py\n'}
[0.141683] (fast_lio) StdoutLine: {'line': b'[ 80%] Built target fast_lio__rosidl_typesupport_c__pyext\n'}
[0.143691] (fast_lio) StdoutLine: {'line': b'[ 86%] Built target fast_lio__rosidl_typesupport_fastrtps_c__pyext\n'}
[0.143805] (fast_lio) StdoutLine: {'line': b'[ 91%] Built target fast_lio__rosidl_typesupport_introspection_c__pyext\n'}
[0.184440] (fast_lio) StdoutLine: {'line': b'running egg_info\n'}
[0.184743] (fast_lio) StdoutLine: {'line': b'writing fast_lio.egg-info/PKG-INFO\n'}
[0.184932] (fast_lio) StdoutLine: {'line': b'writing dependency_links to fast_lio.egg-info/dependency_links.txt\n'}
[0.184991] (fast_lio) StdoutLine: {'line': b'writing top-level names to fast_lio.egg-info/top_level.txt\n'}
[0.185884] (fast_lio) StdoutLine: {'line': b"reading manifest file 'fast_lio.egg-info/SOURCES.txt'\n"}
[0.186156] (fast_lio) StdoutLine: {'line': b"writing manifest file 'fast_lio.egg-info/SOURCES.txt'\n"}
[0.200151] (-) TimerEvent: {}
[0.203519] (fast_lio) StdoutLine: {'line': b'[ 91%] Built target ament_cmake_python_build_fast_lio_egg\n'}
[0.300250] (-) TimerEvent: {}
[0.400434] (-) TimerEvent: {}
[0.500621] (-) TimerEvent: {}
[0.600816] (-) TimerEvent: {}
[0.701258] (-) TimerEvent: {}
[0.801448] (-) TimerEvent: {}
[0.901634] (-) TimerEvent: {}
[1.001838] (-) TimerEvent: {}
[1.102020] (-) TimerEvent: {}
[1.202194] (-) TimerEvent: {}
[1.302391] (-) TimerEvent: {}
[1.402581] (-) TimerEvent: {}
[1.502774] (-) TimerEvent: {}
[1.603062] (-) TimerEvent: {}
[1.703235] (-) TimerEvent: {}
[1.803480] (-) TimerEvent: {}
[1.903796] (-) TimerEvent: {}
[2.003989] (-) TimerEvent: {}
[2.104185] (-) TimerEvent: {}
[2.204376] (-) TimerEvent: {}
[2.304533] (-) TimerEvent: {}
[2.404714] (-) TimerEvent: {}
[2.505040] (-) TimerEvent: {}
[2.605234] (-) TimerEvent: {}
[2.705530] (-) TimerEvent: {}
[2.805695] (-) TimerEvent: {}
[2.905889] (-) TimerEvent: {}
[3.006032] (-) TimerEvent: {}
[3.106184] (-) TimerEvent: {}
[3.206381] (-) TimerEvent: {}
[3.306566] (-) TimerEvent: {}
[3.316906] (fast_lio) StderrLine: {'line': b'In file included from /usr/include/boost/smart_ptr/detail/sp_thread_sleep.hpp:22,\n'}
[3.317024] (fast_lio) StderrLine: {'line': b'                 from /usr/include/boost/smart_ptr/detail/yield_k.hpp:23,\n'}
[3.317055] (fast_lio) StderrLine: {'line': b'                 from /usr/include/boost/smart_ptr/detail/spinlock_gcc_atomic.hpp:14,\n'}
[3.317080] (fast_lio) StderrLine: {'line': b'                 from /usr/include/boost/smart_ptr/detail/spinlock.hpp:42,\n'}
[3.317103] (fast_lio) StderrLine: {'line': b'                 from /usr/include/boost/smart_ptr/detail/spinlock_pool.hpp:25,\n'}
[3.317127] (fast_lio) StderrLine: {'line': b'                 from /usr/include/boost/smart_ptr/shared_ptr.hpp:29,\n'}
[3.317154] (fast_lio) StderrLine: {'line': b'                 from /usr/include/boost/shared_ptr.hpp:17,\n'}
[3.317177] (fast_lio) StderrLine: {'line': b'                 from /usr/include/boost/date_time/microsec_time_clock.hpp:18,\n'}
[3.317200] (fast_lio) StderrLine: {'line': b'                 from /usr/include/boost/interprocess/detail/posix_time_types_wrk.hpp:31,\n'}
[3.317223] (fast_lio) StderrLine: {'line': b'                 from /usr/include/boost/interprocess/detail/os_thread_functions.hpp:36,\n'}
[3.317244] (fast_lio) StderrLine: {'line': b'                 from /usr/include/boost/interprocess/sync/file_lock.hpp:26,\n'}
[3.317268] (fast_lio) StderrLine: {'line': b'                 from /usr/include/pcl-1.12/pcl/io/pcd_io.h:46,\n'}
[3.317290] (fast_lio) StderrLine: {'line': b'                 from /opt/ros/humble/include/pcl_conversions/pcl_conversions/pcl_conversions.h:73,\n'}
[3.317313] (fast_lio) StderrLine: {'line': b'                 from /home/hy/ros_ws/fast_ws/src/FAST_LIO/src/IMU_Processing.hpp:18,\n'}
[3.317337] (fast_lio) StderrLine: {'line': b'                 from /home/hy/ros_ws/fast_ws/src/FAST_LIO/src/laserMapping.cpp:47:\n'}
[3.317360] (fast_lio) StderrLine: {'line': b'/usr/include/boost/bind.hpp:36:1: note: \xe2\x80\x98#pragma message: The practice of declaring the Bind placeholders (_1, _2, ...) in the global namespace is deprecated. Please use <boost/bind/bind.hpp> + using namespace boost::placeholders, or define BOOST_BIND_GLOBAL_PLACEHOLDERS to retain the current behavior.\xe2\x80\x99\n'}
[3.317387] (fast_lio) StderrLine: {'line': b'   36 | BOOST_PRAGMA_MESSAGE(\n'}
[3.317409] (fast_lio) StderrLine: {'line': b'      | ^~~~~~~~~~~~~~~~~~~~\n'}
[3.406680] (-) TimerEvent: {}
[3.506889] (-) TimerEvent: {}
[3.607127] (-) TimerEvent: {}
[3.707275] (-) TimerEvent: {}
[3.807490] (-) TimerEvent: {}
[3.907643] (-) TimerEvent: {}
[4.007842] (-) TimerEvent: {}
[4.108023] (-) TimerEvent: {}
[4.208216] (-) TimerEvent: {}
[4.308447] (-) TimerEvent: {}
[4.408676] (-) TimerEvent: {}
[4.508869] (-) TimerEvent: {}
[4.609073] (-) TimerEvent: {}
[4.709234] (-) TimerEvent: {}
[4.809391] (-) TimerEvent: {}
[4.909540] (-) TimerEvent: {}
[5.009732] (-) TimerEvent: {}
[5.109925] (-) TimerEvent: {}
[5.210068] (-) TimerEvent: {}
[5.310219] (-) TimerEvent: {}
[5.410379] (-) TimerEvent: {}
[5.510508] (-) TimerEvent: {}
[5.610690] (-) TimerEvent: {}
[5.710959] (-) TimerEvent: {}
[5.811198] (-) TimerEvent: {}
[5.911382] (-) TimerEvent: {}
[6.011639] (-) TimerEvent: {}
[6.111832] (-) TimerEvent: {}
[6.212098] (-) TimerEvent: {}
[6.312291] (-) TimerEvent: {}
[6.412513] (-) TimerEvent: {}
[6.512724] (-) TimerEvent: {}
[6.612978] (-) TimerEvent: {}
[6.713176] (-) TimerEvent: {}
[6.813380] (-) TimerEvent: {}
[6.913578] (-) TimerEvent: {}
[7.013773] (-) TimerEvent: {}
[7.114012] (-) TimerEvent: {}
[7.214174] (-) TimerEvent: {}
[7.314475] (-) TimerEvent: {}
[7.414764] (-) TimerEvent: {}
[7.515035] (-) TimerEvent: {}
[7.615333] (-) TimerEvent: {}
[7.715620] (-) TimerEvent: {}
[7.815867] (-) TimerEvent: {}
[7.916055] (-) TimerEvent: {}
[8.016239] (-) TimerEvent: {}
[8.116508] (-) TimerEvent: {}
[8.216704] (-) TimerEvent: {}
[8.316975] (-) TimerEvent: {}
[8.417176] (-) TimerEvent: {}
[8.517398] (-) TimerEvent: {}
[8.617594] (-) TimerEvent: {}
[8.717838] (-) TimerEvent: {}
[8.818091] (-) TimerEvent: {}
[8.918320] (-) TimerEvent: {}
[9.018503] (-) TimerEvent: {}
[9.118712] (-) TimerEvent: {}
[9.218918] (-) TimerEvent: {}
[9.319118] (-) TimerEvent: {}
[9.419327] (-) TimerEvent: {}
[9.519521] (-) TimerEvent: {}
[9.619713] (-) TimerEvent: {}
[9.719954] (-) TimerEvent: {}
[9.820120] (-) TimerEvent: {}
[9.920328] (-) TimerEvent: {}
[10.020519] (-) TimerEvent: {}
[10.120695] (-) TimerEvent: {}
[10.220965] (-) TimerEvent: {}
[10.321140] (-) TimerEvent: {}
[10.421355] (-) TimerEvent: {}
[10.521586] (-) TimerEvent: {}
[10.621778] (-) TimerEvent: {}
[10.721998] (-) TimerEvent: {}
[10.822200] (-) TimerEvent: {}
[10.922400] (-) TimerEvent: {}
[11.022598] (-) TimerEvent: {}
[11.122814] (-) TimerEvent: {}
[11.223088] (-) TimerEvent: {}
[11.323247] (-) TimerEvent: {}
[11.423608] (-) TimerEvent: {}
[11.523997] (-) TimerEvent: {}
[11.624288] (-) TimerEvent: {}
[11.724595] (-) TimerEvent: {}
[11.824935] (-) TimerEvent: {}
[11.925201] (-) TimerEvent: {}
[12.025495] (-) TimerEvent: {}
[12.125795] (-) TimerEvent: {}
[12.226151] (-) TimerEvent: {}
[12.326464] (-) TimerEvent: {}
[12.426743] (-) TimerEvent: {}
[12.527044] (-) TimerEvent: {}
[12.627280] (-) TimerEvent: {}
[12.727556] (-) TimerEvent: {}
[12.827878] (-) TimerEvent: {}
[12.928185] (-) TimerEvent: {}
[13.028489] (-) TimerEvent: {}
[13.128729] (-) TimerEvent: {}
[13.228997] (-) TimerEvent: {}
[13.329201] (-) TimerEvent: {}
[13.429426] (-) TimerEvent: {}
[13.529618] (-) TimerEvent: {}
[13.629869] (-) TimerEvent: {}
[13.730050] (-) TimerEvent: {}
[13.830220] (-) TimerEvent: {}
[13.930379] (-) TimerEvent: {}
[14.030615] (-) TimerEvent: {}
[14.130802] (-) TimerEvent: {}
[14.230969] (-) TimerEvent: {}
[14.331142] (-) TimerEvent: {}
[14.431338] (-) TimerEvent: {}
[14.531495] (-) TimerEvent: {}
[14.631645] (-) TimerEvent: {}
[14.731834] (-) TimerEvent: {}
[14.832003] (-) TimerEvent: {}
[14.932268] (-) TimerEvent: {}
[15.032486] (-) TimerEvent: {}
[15.132764] (-) TimerEvent: {}
[15.232966] (-) TimerEvent: {}
[15.333138] (-) TimerEvent: {}
[15.433319] (-) TimerEvent: {}
[15.533525] (-) TimerEvent: {}
[15.633795] (-) TimerEvent: {}
[15.734021] (-) TimerEvent: {}
[15.834233] (-) TimerEvent: {}
[15.934460] (-) TimerEvent: {}
[16.034678] (-) TimerEvent: {}
[16.134952] (-) TimerEvent: {}
[16.235222] (-) TimerEvent: {}
[16.335393] (-) TimerEvent: {}
[16.435579] (-) TimerEvent: {}
[16.535771] (-) TimerEvent: {}
[16.635944] (-) TimerEvent: {}
[16.736104] (-) TimerEvent: {}
[16.836258] (-) TimerEvent: {}
[16.936446] (-) TimerEvent: {}
[17.036594] (-) TimerEvent: {}
[17.136752] (-) TimerEvent: {}
[17.236965] (-) TimerEvent: {}
[17.337092] (-) TimerEvent: {}
[17.437283] (-) TimerEvent: {}
[17.537467] (-) TimerEvent: {}
[17.637650] (-) TimerEvent: {}
[17.737851] (-) TimerEvent: {}
[17.838030] (-) TimerEvent: {}
[17.938195] (-) TimerEvent: {}
[18.038459] (-) TimerEvent: {}
[18.138655] (-) TimerEvent: {}
[18.238855] (-) TimerEvent: {}
[18.339033] (-) TimerEvent: {}
[18.439205] (-) TimerEvent: {}
[18.539407] (-) TimerEvent: {}
[18.639606] (-) TimerEvent: {}
[18.739815] (-) TimerEvent: {}
[18.839997] (-) TimerEvent: {}
[18.940151] (-) TimerEvent: {}
[19.040313] (-) TimerEvent: {}
[19.140500] (-) TimerEvent: {}
[19.240659] (-) TimerEvent: {}
[19.340861] (-) TimerEvent: {}
[19.441066] (-) TimerEvent: {}
[19.541240] (-) TimerEvent: {}
[19.641377] (-) TimerEvent: {}
[19.741536] (-) TimerEvent: {}
[19.841772] (-) TimerEvent: {}
[19.942008] (-) TimerEvent: {}
[20.042227] (-) TimerEvent: {}
[20.142407] (-) TimerEvent: {}
[20.242653] (-) TimerEvent: {}
[20.342867] (-) TimerEvent: {}
[20.443101] (-) TimerEvent: {}
[20.543309] (-) TimerEvent: {}
[20.643570] (-) TimerEvent: {}
[20.743793] (-) TimerEvent: {}
[20.844060] (-) TimerEvent: {}
[20.944336] (-) TimerEvent: {}
[21.044549] (-) TimerEvent: {}
[21.144785] (-) TimerEvent: {}
[21.244983] (-) TimerEvent: {}
[21.345143] (-) TimerEvent: {}
[21.445330] (-) TimerEvent: {}
[21.545562] (-) TimerEvent: {}
[21.645809] (-) TimerEvent: {}
[21.746102] (-) TimerEvent: {}
[21.846390] (-) TimerEvent: {}
[21.946646] (-) TimerEvent: {}
[22.046933] (-) TimerEvent: {}
[22.147168] (-) TimerEvent: {}
[22.247368] (-) TimerEvent: {}
[22.347561] (-) TimerEvent: {}
[22.447848] (-) TimerEvent: {}
[22.548055] (-) TimerEvent: {}
[22.648223] (-) TimerEvent: {}
[22.748437] (-) TimerEvent: {}
[22.848617] (-) TimerEvent: {}
[22.948806] (-) TimerEvent: {}
[23.048992] (-) TimerEvent: {}
[23.149159] (-) TimerEvent: {}
[23.249350] (-) TimerEvent: {}
[23.349555] (-) TimerEvent: {}
[23.449758] (-) TimerEvent: {}
[23.550093] (-) TimerEvent: {}
[23.650282] (-) TimerEvent: {}
[23.750477] (-) TimerEvent: {}
[23.850678] (-) TimerEvent: {}
[23.950978] (-) TimerEvent: {}
[24.051185] (-) TimerEvent: {}
[24.151381] (-) TimerEvent: {}
[24.251579] (-) TimerEvent: {}
[24.351840] (-) TimerEvent: {}
[24.452070] (-) TimerEvent: {}
[24.552296] (-) TimerEvent: {}
[24.652534] (-) TimerEvent: {}
[24.752834] (-) TimerEvent: {}
[24.853070] (-) TimerEvent: {}
[24.953228] (-) TimerEvent: {}
[25.053416] (-) TimerEvent: {}
[25.153679] (-) TimerEvent: {}
[25.253896] (-) TimerEvent: {}
[25.354054] (-) TimerEvent: {}
[25.454206] (-) TimerEvent: {}
[25.554354] (-) TimerEvent: {}
[25.654484] (-) TimerEvent: {}
[25.754644] (-) TimerEvent: {}
[25.854848] (-) TimerEvent: {}
[25.955065] (-) TimerEvent: {}
[26.055241] (-) TimerEvent: {}
[26.155425] (-) TimerEvent: {}
[26.255632] (-) TimerEvent: {}
[26.355813] (-) TimerEvent: {}
[26.456079] (-) TimerEvent: {}
[26.556289] (-) TimerEvent: {}
[26.656477] (-) TimerEvent: {}
[26.756683] (-) TimerEvent: {}
[26.856874] (-) TimerEvent: {}
[26.957046] (-) TimerEvent: {}
[27.057208] (-) TimerEvent: {}
[27.157412] (-) TimerEvent: {}
[27.257653] (-) TimerEvent: {}
[27.357838] (-) TimerEvent: {}
[27.458114] (-) TimerEvent: {}
[27.558285] (-) TimerEvent: {}
[27.658518] (-) TimerEvent: {}
[27.758827] (-) TimerEvent: {}
[27.859043] (-) TimerEvent: {}
[27.959345] (-) TimerEvent: {}
[28.059662] (-) TimerEvent: {}
[28.159876] (-) TimerEvent: {}
[28.260044] (-) TimerEvent: {}
[28.360198] (-) TimerEvent: {}
[28.460407] (-) TimerEvent: {}
[28.560595] (-) TimerEvent: {}
[28.660751] (-) TimerEvent: {}
[28.760981] (-) TimerEvent: {}
[28.861190] (-) TimerEvent: {}
[28.961350] (-) TimerEvent: {}
[29.061549] (-) TimerEvent: {}
[29.161751] (-) TimerEvent: {}
[29.261979] (-) TimerEvent: {}
[29.362147] (-) TimerEvent: {}
[29.462304] (-) TimerEvent: {}
[29.562444] (-) TimerEvent: {}
[29.662586] (-) TimerEvent: {}
[29.762741] (-) TimerEvent: {}
[29.863028] (-) TimerEvent: {}
[29.963189] (-) TimerEvent: {}
[30.063370] (-) TimerEvent: {}
[30.163555] (-) TimerEvent: {}
[30.263704] (-) TimerEvent: {}
[30.363894] (-) TimerEvent: {}
[30.464065] (-) TimerEvent: {}
[30.564260] (-) TimerEvent: {}
[30.664482] (-) TimerEvent: {}
[30.764724] (-) TimerEvent: {}
[30.864947] (-) TimerEvent: {}
[30.965111] (-) TimerEvent: {}
[31.065301] (-) TimerEvent: {}
[31.165489] (-) TimerEvent: {}
[31.265679] (-) TimerEvent: {}
[31.365836] (-) TimerEvent: {}
[31.466001] (-) TimerEvent: {}
[31.566155] (-) TimerEvent: {}
[31.666364] (-) TimerEvent: {}
[31.766560] (-) TimerEvent: {}
[31.866795] (-) TimerEvent: {}
[31.967026] (-) TimerEvent: {}
[32.067185] (-) TimerEvent: {}
[32.167363] (-) TimerEvent: {}
[32.267562] (-) TimerEvent: {}
[32.367751] (-) TimerEvent: {}
[32.468006] (-) TimerEvent: {}
[32.568159] (-) TimerEvent: {}
[32.668330] (-) TimerEvent: {}
[32.768603] (-) TimerEvent: {}
[32.868860] (-) TimerEvent: {}
[32.969033] (-) TimerEvent: {}
[33.069233] (-) TimerEvent: {}
[33.169433] (-) TimerEvent: {}
[33.269701] (-) TimerEvent: {}
[33.369846] (-) TimerEvent: {}
[33.470011] (-) TimerEvent: {}
[33.570199] (-) TimerEvent: {}
[33.670371] (-) TimerEvent: {}
[33.770606] (-) TimerEvent: {}
[33.870809] (-) TimerEvent: {}
[33.970959] (-) TimerEvent: {}
[34.071143] (-) TimerEvent: {}
[34.171387] (-) TimerEvent: {}
[34.271607] (-) TimerEvent: {}
[34.371804] (-) TimerEvent: {}
[34.471955] (-) TimerEvent: {}
[34.572102] (-) TimerEvent: {}
[34.672303] (-) TimerEvent: {}
[34.772482] (-) TimerEvent: {}
[34.872664] (-) TimerEvent: {}
[34.972938] (-) TimerEvent: {}
[35.073102] (-) TimerEvent: {}
[35.173361] (-) TimerEvent: {}
[35.273718] (-) TimerEvent: {}
[35.373931] (-) TimerEvent: {}
[35.474089] (-) TimerEvent: {}
[35.574266] (-) TimerEvent: {}
[35.674444] (-) TimerEvent: {}
[35.774622] (-) TimerEvent: {}
[35.874862] (-) TimerEvent: {}
[35.975019] (-) TimerEvent: {}
[36.075165] (-) TimerEvent: {}
[36.175313] (-) TimerEvent: {}
[36.275511] (-) TimerEvent: {}
[36.375703] (-) TimerEvent: {}
[36.475858] (-) TimerEvent: {}
[36.576066] (-) TimerEvent: {}
[36.676303] (-) TimerEvent: {}
[36.776541] (-) TimerEvent: {}
[36.876772] (-) TimerEvent: {}
[36.976940] (-) TimerEvent: {}
[37.077099] (-) TimerEvent: {}
[37.177290] (-) TimerEvent: {}
[37.277477] (-) TimerEvent: {}
[37.377650] (-) TimerEvent: {}
[37.477890] (-) TimerEvent: {}
[37.578065] (-) TimerEvent: {}
[37.678315] (-) TimerEvent: {}
[37.778596] (-) TimerEvent: {}
[37.878802] (-) TimerEvent: {}
[37.978982] (-) TimerEvent: {}
[38.079132] (-) TimerEvent: {}
[38.179464] (-) TimerEvent: {}
[38.279670] (-) TimerEvent: {}
[38.379941] (-) TimerEvent: {}
[38.480101] (-) TimerEvent: {}
[38.498398] (fast_lio) StdoutLine: {'line': b'[ 94%] Linking CXX executable fastlio_mapping\n'}
[38.580178] (-) TimerEvent: {}
[38.680349] (-) TimerEvent: {}
[38.780574] (-) TimerEvent: {}
[38.880806] (-) TimerEvent: {}
[38.980998] (-) TimerEvent: {}
[39.081148] (-) TimerEvent: {}
[39.084728] (fast_lio) StdoutLine: {'line': b'[100%] Built target fastlio_mapping\n'}
[39.094123] (fast_lio) CommandEnded: {'returncode': 0}
[39.095478] (fast_lio) JobProgress: {'identifier': 'fast_lio', 'progress': 'install'}
[39.101497] (fast_lio) Command: {'cmd': ['/usr/bin/cmake', '--install', '/home/hy/ros_ws/fast_ws/build/fast_lio'], 'cwd': '/home/hy/ros_ws/fast_ws/build/fast_lio', 'env': OrderedDict([('npm_config_devdir', '/tmp/cursor-sandbox-cache/76e0f5f22b970d12c04b1c4f98e8eb32/node-gyp'), ('LESSOPEN', '| /usr/bin/lesspipe %s'), ('VSCODE_CWD', '/home/hy/下载/squashfs-root'), ('CURSOR_EXTENSION_HOST_ROLE', 'agent-exec'), ('VSCODE_ESM_ENTRYPOINT', 'vs/workbench/api/node/extensionHostProcess'), ('PUPPETEER_CACHE_DIR', '/tmp/cursor-sandbox-cache/76e0f5f22b970d12c04b1c4f98e8eb32/puppeteer'), ('HTTPS_PROXY', 'http://127.0.0.1:38597'), ('no_proxy', '127.0.0.1,::1,localhost'), ('LANGUAGE', 'zh_CN:zh'), ('USER', 'hy'), ('VSCODE_NLS_CONFIG', '{"userLocale":"zh-cn","osLocale":"zh-cn","resolvedLanguage":"zh-cn","defaultMessagesFile":"/home/hy/下载/squashfs-root/usr/share/cursor/resources/app/out/nls.messages.json","languagePack":{"translationsConfigFile":"/home/hy/.config/Cursor/clp/3bfb7f1471a52e527cfc1587dd57c7c1.zh-cn/tcf.json","messagesFile":"/home/hy/.config/Cursor/clp/3bfb7f1471a52e527cfc1587dd57c7c1.zh-cn/81fcf2931d7687b4ff3f3017858d0c6dee7e2a60/nls.messages.json","corruptMarkerFile":"/home/hy/.config/Cursor/clp/3bfb7f1471a52e527cfc1587dd57c7c1.zh-cn/corrupted.info"},"locale":"zh-cn","availableLanguages":{"*":"zh-cn"},"_languagePackId":"3bfb7f1471a52e527cfc1587dd57c7c1.zh-cn","_languagePackSupport":true,"_translationsConfigFile":"/home/hy/.config/Cursor/clp/3bfb7f1471a52e527cfc1587dd57c7c1.zh-cn/tcf.json","_cacheRoot":"/home/hy/.config/Cursor/clp/3bfb7f1471a52e527cfc1587dd57c7c1.zh-cn","_resolvedLanguagePackCoreLocation":"/home/hy/.config/Cursor/clp/3bfb7f1471a52e527cfc1587dd57c7c1.zh-cn/81fcf2931d7687b4ff3f3017858d0c6dee7e2a60","_corruptedFile":"/home/hy/.config/Cursor/clp/3bfb7f1471a52e527cfc1587dd57c7c1.zh-cn/corrupted.info"}'), ('CARGO_TARGET_DIR', '/tmp/cursor-sandbox-cache/76e0f5f22b970d12c04b1c4f98e8eb32/cargo-target'), ('CCACHE_DIR', '/tmp/cursor-sandbox-cache/76e0f5f22b970d12c04b1c4f98e8eb32/ccache'), ('all_proxy', 'http://127.0.0.1:38597'), ('VSCODE_HANDLES_UNCAUGHT_ERRORS', 'true'), ('XDG_SESSION_TYPE', 'x11'), ('CURSOR_RIPGREP_PATH', '/home/hy/下载/squashfs-root/usr/share/cursor/resources/app/node_modules/@vscode/ripgrep/bin/rg'), ('PIP_CACHE_DIR', '/tmp/cursor-sandbox-cache/76e0f5f22b970d12c04b1c4f98e8eb32/pip'), ('NUGET_PACKAGES', '/tmp/cursor-sandbox-cache/76e0f5f22b970d12c04b1c4f98e8eb32/nuget'), ('HOMEBREW_CACHE', '/tmp/cursor-sandbox-cache/76e0f5f22b970d12c04b1c4f98e8eb32/homebrew'), ('SHLVL', '1'), ('LD_LIBRARY_PATH', '/home/hy/ros_ws/livox_ws/install/livox_ros_driver2/lib:/usr/local/cuda/lib64:/usr/local/cuda/lib64:/opt/ros/humble/opt/rviz_ogre_vendor/lib:/opt/ros/humble/lib/x86_64-linux-gnu:/opt/ros/humble/lib:/home/hy/下载/squashfs-root/usr/lib/:/home/hy/下载/squashfs-root/usr/lib32/:/home/hy/下载/squashfs-root/usr/lib64/:/home/hy/下载/squashfs-root/lib/:/home/hy/下载/squashfs-root/lib/i386-linux-gnu/:/home/hy/下载/squashfs-root/lib/x86_64-linux-gnu/:/home/hy/下载/squashfs-root/lib/aarch64-linux-gnu/:/home/hy/下载/squashfs-root/lib32/:/home/hy/下载/squashfs-root/lib64/:'), ('SOCKS_PROXY', 'socks5://127.0.0.1:40571'), ('HOME', '/home/hy'), ('CHROME_DESKTOP', 'cursor.desktop'), ('OLDPWD', '/home/hy/下载'), ('DESKTOP_SESSION', 'ubuntu'), ('NO_PROXY', '127.0.0.1,::1,localhost'), ('PERLLIB', '/home/hy/下载/squashfs-root/usr/share/perl5/:/home/hy/下载/squashfs-root/usr/lib/perl5/:'), ('VSCODE_IPC_HOOK', '/run/user/1000/vscode-761d0f39-3.6.-main.sock'), ('GIO_LAUNCHED_DESKTOP_FILE', '/home/hy/.config/autostart/my-programs.desktop'), ('ROS_PYTHON_VERSION', '3'), ('GNOME_SHELL_SESSION_MODE', 'ubuntu'), ('GTK_MODULES', 'gail:atk-bridge'), ('CURSOR_ORIG_UID', '1000'), ('CURSOR_WORKSPACE_LABEL', 'fast_ws'), ('MANAGERPID', '2354'), ('SYSTEMD_EXEC_PID', '2825'), ('NO_COLOR', '1'), ('CONDA_PKGS_DIRS', '/tmp/cursor-sandbox-cache/76e0f5f22b970d12c04b1c4f98e8eb32/conda'), ('DBUS_SESSION_BUS_ADDRESS', 'unix:path=/run/user/1000/bus'), ('GIO_LAUNCHED_DESKTOP_FILE_PID', '3154'), ('VSCODE_CRASH_REPORTER_PROCESS_TYPE', 'extensionHost'), ('COMPOSER_HOME', '/tmp/cursor-sandbox-cache/76e0f5f22b970d12c04b1c4f98e8eb32/composer'), ('IM_CONFIG_PHASE', '1'), ('https_proxy', 'http://127.0.0.1:38597'), ('COLCON_PREFIX_PATH', '/home/hy/ros_ws/livox_ws/install'), ('ROS_DISTRO', 'humble'), ('GTK_IM_MODULE', 'fcitx'), ('LOGNAME', 'hy'), ('FORCE_COLOR', '0'), ('ALL_PROXY', 'http://127.0.0.1:38597'), ('DESKTOP_AUTOSTART_ID', '10951c59279e0edfb178105129545180400000028250016'), ('http_proxy', 'http://127.0.0.1:38597'), ('JOURNAL_STREAM', '8:26068'), ('BUN_INSTALL_CACHE_DIR', '/tmp/cursor-sandbox-cache/76e0f5f22b970d12c04b1c4f98e8eb32/bun'), ('_', '/usr/bin/colcon'), ('ROS_VERSION', '2'), ('CURSOR_LAYOUT', 'unifiedAgent'), ('GOMODCACHE', '/tmp/cursor-sandbox-cache/76e0f5f22b970d12c04b1c4f98e8eb32/go-mod'), ('XDG_SESSION_CLASS', 'user'), ('USERNAME', 'hy'), ('CP_HOME_DIR', '/tmp/cursor-sandbox-cache/76e0f5f22b970d12c04b1c4f98e8eb32/cocoapods'), ('socks_proxy', 'socks5://127.0.0.1:40571'), ('TERM', 'dumb'), ('GNOME_DESKTOP_SESSION_ID', 'this-is-deprecated'), ('SOCKS5_PROXY', 'socks5://127.0.0.1:40571'), ('FC_FONTATIONS', '1'), ('ROS_LOCALHOST_ONLY', '0'), ('WINDOWPATH', '2'), ('POETRY_CACHE_DIR', '/tmp/cursor-sandbox-cache/76e0f5f22b970d12c04b1c4f98e8eb32/poetry'), ('PATH', '/home/hy/.local/bin:/usr/local/cuda/bin:/home/hy/下载/squashfs-root/usr/share/cursor/resources/app/resources/helpers:/home/hy/.local/bin:/usr/local/cuda/bin:/opt/ros/humble/bin:/home/hy/下载/squashfs-root/usr/bin/:/home/hy/下载/squashfs-root/usr/sbin/:/home/hy/下载/squashfs-root/usr/games/:/home/hy/下载/squashfs-root/bin/:/home/hy/下载/squashfs-root/sbin/:/home/hy/.local/bin:/usr/local/sbin:/usr/local/bin:/usr/sbin:/usr/bin:/sbin:/bin:/usr/games:/usr/local/games:/snap/bin:/snap/bin'), ('SESSION_MANAGER', 'local/hy:@/tmp/.ICE-unix/2825,unix/hy:/tmp/.ICE-unix/2825'), ('YARN_CACHE_FOLDER', '/tmp/cursor-sandbox-cache/76e0f5f22b970d12c04b1c4f98e8eb32/yarn'), ('INVOCATION_ID', '2dbe126b5622426bb25ff6704539e9f0'), ('UV_CACHE_DIR', '/tmp/cursor-sandbox-cache/76e0f5f22b970d12c04b1c4f98e8eb32/uv'), ('XDG_MENU_PREFIX', 'gnome-'), ('VSCODE_PROCESS_TITLE', 'extension-host (agent-exec) fast_ws [4-26]'), ('PLAYWRIGHT_BROWSERS_PATH', '/tmp/cursor-sandbox-cache/76e0f5f22b970d12c04b1c4f98e8eb32/playwright'), ('XDG_RUNTIME_DIR', '/run/user/1000'), ('BUNDLE_PATH', '/tmp/cursor-sandbox-cache/76e0f5f22b970d12c04b1c4f98e8eb32/bundle'), ('GDK_BACKEND', 'x11'), ('CURSOR_AGENT', '1'), ('DISPLAY', ':1'), ('LANG', 'zh_CN.UTF-8'), ('XDG_CURRENT_DESKTOP', 'ubuntu:GNOME'), ('NX_CACHE_DIRECTORY', '/tmp/cursor-sandbox-cache/76e0f5f22b970d12c04b1c4f98e8eb32/nx'), ('RMW_IMPLEMENTATION', 'rmw_cyclonedds_cpp'), ('XMODIFIERS', '@im=fcitx'), ('XDG_SESSION_DESKTOP', 'ubuntu'), ('XAUTHORITY', '/run/user/1000/gdm/Xauthority'), ('LS_COLORS', ''), ('CYPRESS_CACHE_FOLDER', '/tmp/cursor-sandbox-cache/76e0f5f22b970d12c04b1c4f98e8eb32/cypress'), ('SSH_AGENT_LAUNCHER', 'gnome-keyring'), ('SSH_AUTH_SOCK', '/run/user/1000/keyring/ssh'), ('PNPM_STORE_PATH', '/tmp/cursor-sandbox-cache/76e0f5f22b970d12c04b1c4f98e8eb32/pnpm-store'), ('GSETTINGS_SCHEMA_DIR', '/home/hy/下载/squashfs-root/usr/share/glib-2.0/schemas/:'), ('AMENT_PREFIX_PATH', '/home/hy/ros_ws/livox_ws/install/livox_lidar_rosbag_converter:/home/hy/ros_ws/livox_ws/install/livox_ros_driver2:/opt/ros/humble'), ('SHELL', '/bin/bash'), ('CURSOR_SANDBOX', 'native'), ('GOCACHE', '/tmp/cursor-sandbox-cache/76e0f5f22b970d12c04b1c4f98e8eb32/go-build'), ('QT_ACCESSIBILITY', '1'), ('ELECTRON_RUN_AS_NODE', '1'), ('GDMSESSION', 'ubuntu'), ('LESSCLOSE', '/usr/bin/lesspipe %s %s'), ('GIT_HTTP_PROXY', 'http://127.0.0.1:38597'), ('GPG_AGENT_INFO', '/run/user/1000/gnupg/S.gpg-agent:0:1'), ('socks5_proxy', 'socks5://127.0.0.1:40571'), ('QT_IM_MODULE', 'fcitx'), ('NPM_CONFIG_CACHE', '/tmp/cursor-sandbox-cache/76e0f5f22b970d12c04b1c4f98e8eb32/npm'), ('PWD', '/home/hy/ros_ws/fast_ws/build/fast_lio'), ('GRADLE_USER_HOME', '/tmp/cursor-sandbox-cache/76e0f5f22b970d12c04b1c4f98e8eb32/gradle'), ('XDG_CONFIG_DIRS', '/etc/xdg/xdg-ubuntu:/etc/xdg'), ('VSCODE_CODE_CACHE_PATH', '/home/hy/.config/Cursor/CachedData/81fcf2931d7687b4ff3f3017858d0c6dee7e2a60'), ('CLUTTER_IM_MODULE', 'fcitx'), ('CURSOR_ORIG_GID', '1000'), ('XDG_DATA_DIRS', '/home/hy/下载/squashfs-root/usr/share/:/usr/local/share:/usr/share:/usr/share/ubuntu:/usr/share/gnome:/usr/local/share/:/usr/share/:/var/lib/snapd/desktop'), ('GIT_HTTPS_PROXY', 'http://127.0.0.1:38597'), ('PYTHONPATH', '/home/hy/ros_ws/livox_ws/install/livox_ros_driver2/local/lib/python3.10/dist-packages:/opt/ros/humble/lib/python3.10/site-packages:/opt/ros/humble/local/lib/python3.10/dist-packages'), ('HTTP_PROXY', 'http://127.0.0.1:38597'), ('TURBO_CACHE_DIR', '/tmp/cursor-sandbox-cache/76e0f5f22b970d12c04b1c4f98e8eb32/turbo'), ('QT_PLUGIN_PATH', '/home/hy/下载/squashfs-root/usr/lib/qt4/plugins/:/home/hy/下载/squashfs-root/usr/lib/i386-linux-gnu/qt4/plugins/:/home/hy/下载/squashfs-root/usr/lib/x86_64-linux-gnu/qt4/plugins/:/home/hy/下载/squashfs-root/usr/lib/aarch64-linux-gnu/qt4/plugins/:/home/hy/下载/squashfs-root/usr/lib32/qt4/plugins/:/home/hy/下载/squashfs-root/usr/lib64/qt4/plugins/:/home/hy/下载/squashfs-root/usr/lib/qt5/plugins/:/home/hy/下载/squashfs-root/usr/lib/i386-linux-gnu/qt5/plugins/:/home/hy/下载/squashfs-root/usr/lib/x86_64-linux-gnu/qt5/plugins/:/home/hy/下载/squashfs-root/usr/lib/aarch64-linux-gnu/qt5/plugins/:/home/hy/下载/squashfs-root/usr/lib32/qt5/plugins/:/home/hy/下载/squashfs-root/usr/lib64/qt5/plugins/:'), ('COLCON', '1'), ('__CURSOR_SANDBOX_ENV_RESTORE', "builtin export HTTP_PROXY='http://127.0.0.1:38597'; builtin export HTTPS_PROXY='http://127.0.0.1:38597'; builtin export http_proxy='http://127.0.0.1:38597'; builtin export https_proxy='http://127.0.0.1:38597'; builtin export GIT_HTTP_PROXY='http://127.0.0.1:38597'; builtin export GIT_HTTPS_PROXY='http://127.0.0.1:38597'; builtin export SOCKS_PROXY='socks5://127.0.0.1:40571'; builtin export SOCKS5_PROXY='socks5://127.0.0.1:40571'; builtin export socks_proxy='socks5://127.0.0.1:40571'; builtin export socks5_proxy='socks5://127.0.0.1:40571'; builtin export ALL_PROXY='http://127.0.0.1:38597'; builtin export all_proxy='http://127.0.0.1:38597'; builtin export NO_PROXY='127.0.0.1,::1,localhost'; builtin export no_proxy='127.0.0.1,::1,localhost'"), ('_ZO_DOCTOR', '0'), ('GEM_SPEC_CACHE', '/tmp/cursor-sandbox-cache/76e0f5f22b970d12c04b1c4f98e8eb32/gem-specs'), ('CURSOR_SANDBOX_LANDLOCK_STATUS', 'fully_enforced'), ('CMAKE_PREFIX_PATH', '/home/hy/ros_ws/livox_ws/install/livox_lidar_rosbag_converter:/home/hy/ros_ws/livox_ws/install/livox_ros_driver2:/opt/ros/humble'), ('VSCODE_PID', '3870')]), 'shell': False}
[39.106582] (fast_lio) StdoutLine: {'line': b'-- Install configuration: "Release"\n'}
[39.106828] (fast_lio) StdoutLine: {'line': b'-- Execute custom install script\n'}
[39.106928] (fast_lio) StdoutLine: {'line': b'-- Up-to-date symlink: /home/hy/ros_ws/fast_ws/install/fast_lio/share/ament_index/resource_index/rosidl_interfaces/fast_lio\n'}
[39.107109] (fast_lio) StdoutLine: {'line': b'-- Up-to-date symlink: /home/hy/ros_ws/fast_ws/install/fast_lio/include/fast_lio/fast_lio/msg/detail/pose6_d__functions.h\n'}
[39.107153] (fast_lio) StdoutLine: {'line': b'-- Up-to-date symlink: /home/hy/ros_ws/fast_ws/install/fast_lio/include/fast_lio/fast_lio/msg/detail/pose6_d__struct.h\n'}
[39.107195] (fast_lio) StdoutLine: {'line': b'-- Up-to-date symlink: /home/hy/ros_ws/fast_ws/install/fast_lio/include/fast_lio/fast_lio/msg/detail/pose6_d__type_support.h\n'}
[39.107370] (fast_lio) StdoutLine: {'line': b'-- Up-to-date symlink: /home/hy/ros_ws/fast_ws/install/fast_lio/include/fast_lio/fast_lio/msg/pose6_d.h\n'}
[39.107566] (fast_lio) StdoutLine: {'line': b'-- Up-to-date symlink: /home/hy/ros_ws/fast_ws/install/fast_lio/include/fast_lio/fast_lio/msg/rosidl_generator_c__visibility_control.h\n'}
[39.107627] (fast_lio) StdoutLine: {'line': b'-- Up-to-date symlink: /home/hy/ros_ws/fast_ws/install/fast_lio/share/fast_lio/environment/library_path.sh\n'}
[39.107652] (fast_lio) StdoutLine: {'line': b'-- Up-to-date symlink: /home/hy/ros_ws/fast_ws/install/fast_lio/share/fast_lio/environment/library_path.dsv\n'}
[39.107674] (fast_lio) StdoutLine: {'line': b'-- Up-to-date symlink: /home/hy/ros_ws/fast_ws/install/fast_lio/include/fast_lio/fast_lio/msg/detail/pose6_d__rosidl_typesupport_fastrtps_c.h\n'}
[39.107702] (fast_lio) StdoutLine: {'line': b'-- Up-to-date symlink: /home/hy/ros_ws/fast_ws/install/fast_lio/include/fast_lio/fast_lio/msg/rosidl_typesupport_fastrtps_c__visibility_control.h\n'}
[39.107745] (fast_lio) StdoutLine: {'line': b'-- Up-to-date symlink: /home/hy/ros_ws/fast_ws/install/fast_lio/include/fast_lio/fast_lio/msg/detail/pose6_d__builder.hpp\n'}
[39.107814] (fast_lio) StdoutLine: {'line': b'-- Up-to-date symlink: /home/hy/ros_ws/fast_ws/install/fast_lio/include/fast_lio/fast_lio/msg/detail/pose6_d__struct.hpp\n'}
[39.107854] (fast_lio) StdoutLine: {'line': b'-- Up-to-date symlink: /home/hy/ros_ws/fast_ws/install/fast_lio/include/fast_lio/fast_lio/msg/detail/pose6_d__traits.hpp\n'}
[39.107897] (fast_lio) StdoutLine: {'line': b'-- Up-to-date symlink: /home/hy/ros_ws/fast_ws/install/fast_lio/include/fast_lio/fast_lio/msg/detail/pose6_d__type_support.hpp\n'}
[39.107920] (fast_lio) StdoutLine: {'line': b'-- Up-to-date symlink: /home/hy/ros_ws/fast_ws/install/fast_lio/include/fast_lio/fast_lio/msg/pose6_d.hpp\n'}
[39.107967] (fast_lio) StdoutLine: {'line': b'-- Up-to-date symlink: /home/hy/ros_ws/fast_ws/install/fast_lio/include/fast_lio/fast_lio/msg/rosidl_generator_cpp__visibility_control.hpp\n'}
[39.108093] (fast_lio) StdoutLine: {'line': b'-- Up-to-date symlink: /home/hy/ros_ws/fast_ws/install/fast_lio/include/fast_lio/fast_lio/msg/detail/pose6_d__rosidl_typesupport_fastrtps_cpp.hpp\n'}
[39.108136] (fast_lio) StdoutLine: {'line': b'-- Up-to-date symlink: /home/hy/ros_ws/fast_ws/install/fast_lio/include/fast_lio/fast_lio/msg/rosidl_typesupport_fastrtps_cpp__visibility_control.h\n'}
[39.108240] (fast_lio) StdoutLine: {'line': b'-- Up-to-date symlink: /home/hy/ros_ws/fast_ws/install/fast_lio/include/fast_lio/fast_lio/msg/detail/pose6_d__rosidl_typesupport_introspection_c.h\n'}
[39.108281] (fast_lio) StdoutLine: {'line': b'-- Up-to-date symlink: /home/hy/ros_ws/fast_ws/install/fast_lio/include/fast_lio/fast_lio/msg/rosidl_typesupport_introspection_c__visibility_control.h\n'}
[39.108403] (fast_lio) StdoutLine: {'line': b'-- Up-to-date symlink: /home/hy/ros_ws/fast_ws/install/fast_lio/include/fast_lio/fast_lio/msg/detail/pose6_d__rosidl_typesupport_introspection_cpp.hpp\n'}
[39.108461] (fast_lio) StdoutLine: {'line': b'-- Up-to-date symlink: /home/hy/ros_ws/fast_ws/install/fast_lio/share/fast_lio/environment/pythonpath.sh\n'}
[39.108516] (fast_lio) StdoutLine: {'line': b'-- Up-to-date symlink: /home/hy/ros_ws/fast_ws/install/fast_lio/share/fast_lio/environment/pythonpath.dsv\n'}
[39.108638] (fast_lio) StdoutLine: {'line': b'-- Up-to-date symlink: /home/hy/ros_ws/fast_ws/install/fast_lio/local/lib/python3.10/dist-packages/fast_lio-0.0.0-py3.10.egg-info/PKG-INFO\n'}
[39.108679] (fast_lio) StdoutLine: {'line': b'-- Up-to-date symlink: /home/hy/ros_ws/fast_ws/install/fast_lio/local/lib/python3.10/dist-packages/fast_lio-0.0.0-py3.10.egg-info/SOURCES.txt\n'}
[39.108719] (fast_lio) StdoutLine: {'line': b'-- Up-to-date symlink: /home/hy/ros_ws/fast_ws/install/fast_lio/local/lib/python3.10/dist-packages/fast_lio-0.0.0-py3.10.egg-info/dependency_links.txt\n'}
[39.108759] (fast_lio) StdoutLine: {'line': b'-- Up-to-date symlink: /home/hy/ros_ws/fast_ws/install/fast_lio/local/lib/python3.10/dist-packages/fast_lio-0.0.0-py3.10.egg-info/top_level.txt\n'}
[39.108967] (fast_lio) StdoutLine: {'line': b'-- Up-to-date symlink: /home/hy/ros_ws/fast_ws/install/fast_lio/local/lib/python3.10/dist-packages/fast_lio/__init__.py\n'}
[39.109008] (fast_lio) StdoutLine: {'line': b'-- Up-to-date symlink: /home/hy/ros_ws/fast_ws/install/fast_lio/local/lib/python3.10/dist-packages/fast_lio/_fast_lio_s.ep.rosidl_typesupport_c.c\n'}
[39.109047] (fast_lio) StdoutLine: {'line': b'-- Up-to-date symlink: /home/hy/ros_ws/fast_ws/install/fast_lio/local/lib/python3.10/dist-packages/fast_lio/_fast_lio_s.ep.rosidl_typesupport_fastrtps_c.c\n'}
[39.109087] (fast_lio) StdoutLine: {'line': b'-- Up-to-date symlink: /home/hy/ros_ws/fast_ws/install/fast_lio/local/lib/python3.10/dist-packages/fast_lio/_fast_lio_s.ep.rosidl_typesupport_introspection_c.c\n'}
[39.109128] (fast_lio) StdoutLine: {'line': b'-- Up-to-date symlink: /home/hy/ros_ws/fast_ws/install/fast_lio/local/lib/python3.10/dist-packages/fast_lio/fast_lio_s__rosidl_typesupport_c.cpython-310-x86_64-linux-gnu.so\n'}
[39.109168] (fast_lio) StdoutLine: {'line': b'-- Up-to-date symlink: /home/hy/ros_ws/fast_ws/install/fast_lio/local/lib/python3.10/dist-packages/fast_lio/fast_lio_s__rosidl_typesupport_fastrtps_c.cpython-310-x86_64-linux-gnu.so\n'}
[39.109209] (fast_lio) StdoutLine: {'line': b'-- Up-to-date symlink: /home/hy/ros_ws/fast_ws/install/fast_lio/local/lib/python3.10/dist-packages/fast_lio/fast_lio_s__rosidl_typesupport_introspection_c.cpython-310-x86_64-linux-gnu.so\n'}
[39.109250] (fast_lio) StdoutLine: {'line': b'-- Up-to-date symlink: /home/hy/ros_ws/fast_ws/install/fast_lio/local/lib/python3.10/dist-packages/fast_lio/libfast_lio__rosidl_generator_py.so\n'}
[39.109290] (fast_lio) StdoutLine: {'line': b'-- Up-to-date symlink: /home/hy/ros_ws/fast_ws/install/fast_lio/local/lib/python3.10/dist-packages/fast_lio/msg/__init__.py\n'}
[39.109345] (fast_lio) StdoutLine: {'line': b'-- Up-to-date symlink: /home/hy/ros_ws/fast_ws/install/fast_lio/local/lib/python3.10/dist-packages/fast_lio/msg/_pose6_d.py\n'}
[39.109365] (fast_lio) StdoutLine: {'line': b'-- Up-to-date symlink: /home/hy/ros_ws/fast_ws/install/fast_lio/local/lib/python3.10/dist-packages/fast_lio/msg/_pose6_d_s.c\n'}
[39.109449] (fast_lio) StdoutLine: {'line': b'-- Up-to-date symlink: /home/hy/ros_ws/fast_ws/install/fast_lio/local/lib/python3.10/dist-packages/fast_lio/fast_lio_s__rosidl_typesupport_fastrtps_c.cpython-310-x86_64-linux-gnu.so\n'}
[39.109544] (fast_lio) StdoutLine: {'line': b'-- Up-to-date symlink: /home/hy/ros_ws/fast_ws/install/fast_lio/local/lib/python3.10/dist-packages/fast_lio/fast_lio_s__rosidl_typesupport_introspection_c.cpython-310-x86_64-linux-gnu.so\n'}
[39.109638] (fast_lio) StdoutLine: {'line': b'-- Up-to-date symlink: /home/hy/ros_ws/fast_ws/install/fast_lio/local/lib/python3.10/dist-packages/fast_lio/fast_lio_s__rosidl_typesupport_c.cpython-310-x86_64-linux-gnu.so\n'}
[39.109705] (fast_lio) StdoutLine: {'line': b'-- Up-to-date symlink: /home/hy/ros_ws/fast_ws/install/fast_lio/share/ament_index/resource_index/rust_packages/fast_lio\n'}
[39.109840] (fast_lio) StdoutLine: {'line': b'-- Up-to-date symlink: /home/hy/ros_ws/fast_ws/install/fast_lio/share/fast_lio/rust/Cargo.toml\n'}
[39.109878] (fast_lio) StdoutLine: {'line': b'-- Up-to-date symlink: /home/hy/ros_ws/fast_ws/install/fast_lio/share/fast_lio/rust/build.rs\n'}
[39.109919] (fast_lio) StdoutLine: {'line': b'-- Up-to-date symlink: /home/hy/ros_ws/fast_ws/install/fast_lio/share/fast_lio/rust/src/lib.rs\n'}
[39.109958] (fast_lio) StdoutLine: {'line': b'-- Up-to-date symlink: /home/hy/ros_ws/fast_ws/install/fast_lio/share/fast_lio/rust/src/msg.rs\n'}
[39.109998] (fast_lio) StdoutLine: {'line': b'-- Up-to-date symlink: /home/hy/ros_ws/fast_ws/install/fast_lio/share/fast_lio/rust/src/msg/rmw.rs\n'}
[39.110068] (fast_lio) StdoutLine: {'line': b'-- Up-to-date symlink: /home/hy/ros_ws/fast_ws/install/fast_lio/share/fast_lio/msg/Pose6D.idl\n'}
[39.110124] (fast_lio) StdoutLine: {'line': b'-- Up-to-date symlink: /home/hy/ros_ws/fast_ws/install/fast_lio/share/fast_lio/msg/Pose6D.msg\n'}
[39.110211] (fast_lio) StdoutLine: {'line': b'-- Up-to-date symlink: /home/hy/ros_ws/fast_ws/install/fast_lio/lib/fast_lio/fastlio_mapping\n'}
[39.110332] (fast_lio) StdoutLine: {'line': b'-- Up-to-date symlink: /home/hy/ros_ws/fast_ws/install/fast_lio/share/fast_lio/config/avia.yaml\n'}
[39.110371] (fast_lio) StdoutLine: {'line': b'-- Up-to-date symlink: /home/hy/ros_ws/fast_ws/install/fast_lio/share/fast_lio/config/horizon.yaml\n'}
[39.110413] (fast_lio) StdoutLine: {'line': b'-- Up-to-date symlink: /home/hy/ros_ws/fast_ws/install/fast_lio/share/fast_lio/config/mid360.yaml\n'}
[39.110466] (fast_lio) StdoutLine: {'line': b'-- Up-to-date symlink: /home/hy/ros_ws/fast_ws/install/fast_lio/share/fast_lio/config/ouster64.yaml\n'}
[39.110488] (fast_lio) StdoutLine: {'line': b'-- Up-to-date symlink: /home/hy/ros_ws/fast_ws/install/fast_lio/share/fast_lio/config/velodyne.yaml\n'}
[39.110555] (fast_lio) StdoutLine: {'line': b'-- Up-to-date symlink: /home/hy/ros_ws/fast_ws/install/fast_lio/share/fast_lio/launch/gdb_debug_example.launch\n'}
[39.110595] (fast_lio) StdoutLine: {'line': b'-- Up-to-date symlink: /home/hy/ros_ws/fast_ws/install/fast_lio/share/fast_lio/launch/mapping.launch.py\n'}
[39.110635] (fast_lio) StdoutLine: {'line': b'-- Up-to-date symlink: /home/hy/ros_ws/fast_ws/install/fast_lio/share/fast_lio/launch/odom_only.launch.py\n'}
[39.110702] (fast_lio) StdoutLine: {'line': b'-- Up-to-date symlink: /home/hy/ros_ws/fast_ws/install/fast_lio/share/fast_lio/rviz/fastlio.rviz\n'}
[39.110770] (fast_lio) StdoutLine: {'line': b'-- Up-to-date symlink: /home/hy/ros_ws/fast_ws/install/fast_lio/share/ament_index/resource_index/package_run_dependencies/fast_lio\n'}
[39.110833] (fast_lio) StdoutLine: {'line': b'-- Up-to-date symlink: /home/hy/ros_ws/fast_ws/install/fast_lio/share/ament_index/resource_index/parent_prefix_path/fast_lio\n'}
[39.110893] (fast_lio) StdoutLine: {'line': b'-- Up-to-date symlink: /home/hy/ros_ws/fast_ws/install/fast_lio/share/fast_lio/environment/ament_prefix_path.sh\n'}
[39.110946] (fast_lio) StdoutLine: {'line': b'-- Up-to-date symlink: /home/hy/ros_ws/fast_ws/install/fast_lio/share/fast_lio/environment/ament_prefix_path.dsv\n'}
[39.110999] (fast_lio) StdoutLine: {'line': b'-- Up-to-date symlink: /home/hy/ros_ws/fast_ws/install/fast_lio/share/fast_lio/environment/path.sh\n'}
[39.111051] (fast_lio) StdoutLine: {'line': b'-- Up-to-date symlink: /home/hy/ros_ws/fast_ws/install/fast_lio/share/fast_lio/environment/path.dsv\n'}
[39.111101] (fast_lio) StdoutLine: {'line': b'-- Up-to-date symlink: /home/hy/ros_ws/fast_ws/install/fast_lio/share/fast_lio/local_setup.bash\n'}
[39.111151] (fast_lio) StdoutLine: {'line': b'-- Up-to-date symlink: /home/hy/ros_ws/fast_ws/install/fast_lio/share/fast_lio/local_setup.sh\n'}
[39.111200] (fast_lio) StdoutLine: {'line': b'-- Up-to-date symlink: /home/hy/ros_ws/fast_ws/install/fast_lio/share/fast_lio/local_setup.zsh\n'}
[39.111249] (fast_lio) StdoutLine: {'line': b'-- Up-to-date symlink: /home/hy/ros_ws/fast_ws/install/fast_lio/share/fast_lio/local_setup.dsv\n'}
[39.111290] (fast_lio) StdoutLine: {'line': b'-- Symlinking: /home/hy/ros_ws/fast_ws/install/fast_lio/share/fast_lio/package.dsv\n'}
[39.119775] (fast_lio) StdoutLine: {'line': b'-- Up-to-date symlink: /home/hy/ros_ws/fast_ws/install/fast_lio/share/ament_index/resource_index/packages/fast_lio\n'}
[39.119893] (fast_lio) StdoutLine: {'line': b'-- Up-to-date symlink: /home/hy/ros_ws/fast_ws/install/fast_lio/share/fast_lio/cmake/rosidl_cmake-extras.cmake\n'}
[39.119936] (fast_lio) StdoutLine: {'line': b'-- Up-to-date symlink: /home/hy/ros_ws/fast_ws/install/fast_lio/share/fast_lio/cmake/ament_cmake_export_include_directories-extras.cmake\n'}
[39.119960] (fast_lio) StdoutLine: {'line': b'-- Up-to-date symlink: /home/hy/ros_ws/fast_ws/install/fast_lio/share/fast_lio/cmake/ament_cmake_export_libraries-extras.cmake\n'}
[39.120011] (fast_lio) StdoutLine: {'line': b'-- Up-to-date symlink: /home/hy/ros_ws/fast_ws/install/fast_lio/share/fast_lio/cmake/ament_cmake_export_targets-extras.cmake\n'}
[39.120032] (fast_lio) StdoutLine: {'line': b'-- Up-to-date symlink: /home/hy/ros_ws/fast_ws/install/fast_lio/share/fast_lio/cmake/rosidl_cmake_export_typesupport_targets-extras.cmake\n'}
[39.120078] (fast_lio) StdoutLine: {'line': b'-- Up-to-date symlink: /home/hy/ros_ws/fast_ws/install/fast_lio/share/fast_lio/cmake/ament_cmake_export_dependencies-extras.cmake\n'}
[39.120099] (fast_lio) StdoutLine: {'line': b'-- Up-to-date symlink: /home/hy/ros_ws/fast_ws/install/fast_lio/share/fast_lio/cmake/rosidl_cmake_export_typesupport_libraries-extras.cmake\n'}
[39.120120] (fast_lio) StdoutLine: {'line': b'-- Up-to-date symlink: /home/hy/ros_ws/fast_ws/install/fast_lio/share/fast_lio/cmake/fast_lioConfig.cmake\n'}
[39.120166] (fast_lio) StdoutLine: {'line': b'-- Up-to-date symlink: /home/hy/ros_ws/fast_ws/install/fast_lio/share/fast_lio/cmake/fast_lioConfig-version.cmake\n'}
[39.120188] (fast_lio) StdoutLine: {'line': b'-- Up-to-date symlink: /home/hy/ros_ws/fast_ws/install/fast_lio/share/fast_lio/package.xml\n'}
[39.120271] (fast_lio) StdoutLine: {'line': b'-- Up-to-date: /home/hy/ros_ws/fast_ws/install/fast_lio/lib/libfast_lio__rosidl_generator_c.so\n'}
[39.120382] (fast_lio) StdoutLine: {'line': b'-- Up-to-date: /home/hy/ros_ws/fast_ws/install/fast_lio/lib/libfast_lio__rosidl_typesupport_fastrtps_c.so\n'}
[39.120479] (fast_lio) StdoutLine: {'line': b'-- Up-to-date: /home/hy/ros_ws/fast_ws/install/fast_lio/lib/libfast_lio__rosidl_typesupport_fastrtps_cpp.so\n'}
[39.120574] (fast_lio) StdoutLine: {'line': b'-- Up-to-date: /home/hy/ros_ws/fast_ws/install/fast_lio/lib/libfast_lio__rosidl_typesupport_introspection_c.so\n'}
[39.120661] (fast_lio) StdoutLine: {'line': b'-- Up-to-date: /home/hy/ros_ws/fast_ws/install/fast_lio/lib/libfast_lio__rosidl_typesupport_c.so\n'}
[39.120746] (fast_lio) StdoutLine: {'line': b'-- Up-to-date: /home/hy/ros_ws/fast_ws/install/fast_lio/lib/libfast_lio__rosidl_typesupport_introspection_cpp.so\n'}
[39.120834] (fast_lio) StdoutLine: {'line': b'-- Up-to-date: /home/hy/ros_ws/fast_ws/install/fast_lio/lib/libfast_lio__rosidl_typesupport_cpp.so\n'}
[39.138765] (fast_lio) StdoutLine: {'line': b"Listing '/home/hy/ros_ws/fast_ws/install/fast_lio/local/lib/python3.10/dist-packages/fast_lio'...\n"}
[39.138823] (fast_lio) StdoutLine: {'line': b"Listing '/home/hy/ros_ws/fast_ws/install/fast_lio/local/lib/python3.10/dist-packages/fast_lio/msg'...\n"}
[39.140990] (fast_lio) StdoutLine: {'line': b'-- Up-to-date: /home/hy/ros_ws/fast_ws/install/fast_lio/lib/libfast_lio__rosidl_generator_py.so\n'}
[39.141028] (fast_lio) StdoutLine: {'line': b'-- Up-to-date: /home/hy/ros_ws/fast_ws/install/fast_lio/share/fast_lio/cmake/export_fast_lio__rosidl_generator_cExport.cmake\n'}
[39.141053] (fast_lio) StdoutLine: {'line': b'-- Up-to-date: /home/hy/ros_ws/fast_ws/install/fast_lio/share/fast_lio/cmake/export_fast_lio__rosidl_generator_cExport-release.cmake\n'}
[39.141076] (fast_lio) StdoutLine: {'line': b'-- Up-to-date: /home/hy/ros_ws/fast_ws/install/fast_lio/share/fast_lio/cmake/export_fast_lio__rosidl_typesupport_fastrtps_cExport.cmake\n'}
[39.141101] (fast_lio) StdoutLine: {'line': b'-- Up-to-date: /home/hy/ros_ws/fast_ws/install/fast_lio/share/fast_lio/cmake/export_fast_lio__rosidl_typesupport_fastrtps_cExport-release.cmake\n'}
[39.141122] (fast_lio) StdoutLine: {'line': b'-- Up-to-date: /home/hy/ros_ws/fast_ws/install/fast_lio/share/fast_lio/cmake/export_fast_lio__rosidl_generator_cppExport.cmake\n'}
[39.141258] (fast_lio) StdoutLine: {'line': b'-- Up-to-date: /home/hy/ros_ws/fast_ws/install/fast_lio/share/fast_lio/cmake/export_fast_lio__rosidl_typesupport_fastrtps_cppExport.cmake\n'}
[39.141281] (fast_lio) StdoutLine: {'line': b'-- Up-to-date: /home/hy/ros_ws/fast_ws/install/fast_lio/share/fast_lio/cmake/export_fast_lio__rosidl_typesupport_fastrtps_cppExport-release.cmake\n'}
[39.141302] (fast_lio) StdoutLine: {'line': b'-- Up-to-date: /home/hy/ros_ws/fast_ws/install/fast_lio/share/fast_lio/cmake/fast_lio__rosidl_typesupport_introspection_cExport.cmake\n'}
[39.141324] (fast_lio) StdoutLine: {'line': b'-- Up-to-date: /home/hy/ros_ws/fast_ws/install/fast_lio/share/fast_lio/cmake/fast_lio__rosidl_typesupport_introspection_cExport-release.cmake\n'}
[39.141345] (fast_lio) StdoutLine: {'line': b'-- Up-to-date: /home/hy/ros_ws/fast_ws/install/fast_lio/share/fast_lio/cmake/fast_lio__rosidl_typesupport_cExport.cmake\n'}
[39.141366] (fast_lio) StdoutLine: {'line': b'-- Up-to-date: /home/hy/ros_ws/fast_ws/install/fast_lio/share/fast_lio/cmake/fast_lio__rosidl_typesupport_cExport-release.cmake\n'}
[39.141386] (fast_lio) StdoutLine: {'line': b'-- Up-to-date: /home/hy/ros_ws/fast_ws/install/fast_lio/share/fast_lio/cmake/fast_lio__rosidl_typesupport_introspection_cppExport.cmake\n'}
[39.141406] (fast_lio) StdoutLine: {'line': b'-- Up-to-date: /home/hy/ros_ws/fast_ws/install/fast_lio/share/fast_lio/cmake/fast_lio__rosidl_typesupport_introspection_cppExport-release.cmake\n'}
[39.141428] (fast_lio) StdoutLine: {'line': b'-- Up-to-date: /home/hy/ros_ws/fast_ws/install/fast_lio/share/fast_lio/cmake/fast_lio__rosidl_typesupport_cppExport.cmake\n'}
[39.141448] (fast_lio) StdoutLine: {'line': b'-- Up-to-date: /home/hy/ros_ws/fast_ws/install/fast_lio/share/fast_lio/cmake/fast_lio__rosidl_typesupport_cppExport-release.cmake\n'}
[39.141468] (fast_lio) StdoutLine: {'line': b'-- Up-to-date: /home/hy/ros_ws/fast_ws/install/fast_lio/share/fast_lio/cmake/export_fast_lio__rosidl_generator_pyExport.cmake\n'}
[39.141489] (fast_lio) StdoutLine: {'line': b'-- Up-to-date: /home/hy/ros_ws/fast_ws/install/fast_lio/share/fast_lio/cmake/export_fast_lio__rosidl_generator_pyExport-release.cmake\n'}
[39.142624] (fast_lio) CommandEnded: {'returncode': 0}
[39.152840] (fast_lio) JobEnded: {'identifier': 'fast_lio', 'rc': 0}
[39.153150] (-) EventReactorShutdown: {}
